[10/16/2020, 2:10:38 PM] info: query = {}
[10/16/2020, 2:10:38 PM] info: ::ffff:127.0.0.1 - - [16/Oct/2020:08:40:38 +0000] "GET /favicon.ico HTTP/1.1" 404 150 "http://localhost:4000/" "Mozilla/5.0 (X11; Ubuntu; Linux x86_64; rv:81.0) Gecko/20100101 Firefox/81.0"

[10/16/2020, 2:16:58 PM] info: query = {}
[10/16/2020, 2:16:58 PM] info: ::ffff:127.0.0.1 - - [16/Oct/2020:08:46:58 +0000] "POST /users HTTP/1.1" 200 81 "http://localhost:4000/doc/" "Mozilla/5.0 (X11; Ubuntu; Linux x86_64; rv:81.0) Gecko/20100101 Firefox/81.0"

[10/16/2020, 2:17:14 PM] info: query = {}
[10/16/2020, 2:17:14 PM] info: ::ffff:127.0.0.1 - - [16/Oct/2020:08:47:14 +0000] "POST /users HTTP/1.1" 200 82 "http://localhost:4000/doc/" "Mozilla/5.0 (X11; Ubuntu; Linux x86_64; rv:81.0) Gecko/20100101 Firefox/81.0"

[10/16/2020, 2:28:14 PM] info: ::ffff:127.0.0.1 - - [16/Oct/2020:08:58:14 +0000] "POST /users HTTP/1.1" 200 82 "http://localhost:4000/doc/" "Mozilla/5.0 (X11; Ubuntu; Linux x86_64; rv:81.0) Gecko/20100101 Firefox/81.0"

[10/16/2020, 2:30:04 PM] info: ::ffff:127.0.0.1 - - [16/Oct/2020:09:00:04 +0000] "GET / HTTP/1.1" 304 - "-" "Mozilla/5.0 (X11; Ubuntu; Linux x86_64; rv:81.0) Gecko/20100101 Firefox/81.0"

[10/16/2020, 2:31:01 PM] info: ::ffff:127.0.0.1 - - [16/Oct/2020:09:01:01 +0000] "GET / HTTP/1.1" 304 - "-" "Mozilla/5.0 (X11; Ubuntu; Linux x86_64; rv:81.0) Gecko/20100101 Firefox/81.0"

[10/16/2020, 2:32:28 PM] info: query = {}
[10/16/2020, 2:33:11 PM] info: query = {}
[10/16/2020, 2:34:05 PM] info: query = undefined
[10/16/2020, 2:34:13 PM] info: query = undefined
[10/16/2020, 2:34:33 PM] error: Internal Server Error
[10/16/2020, 2:35:21 PM] info: query = undefined
[10/16/2020, 2:35:51 PM] error: Internal Server Error
[10/16/2020, 2:40:04 PM] info: query = [object Object]
[10/16/2020, 2:40:59 PM] info: query = {}
[10/16/2020, 2:41:19 PM] info: query = {}
[10/16/2020, 2:41:44 PM] info: query = {}
[10/16/2020, 2:42:18 PM] info: query = {}
[10/16/2020, 2:42:18 PM] info: ::ffff:127.0.0.1 - - [16/Oct/2020:09:12:18 +0000] "GET /doc/ HTTP/1.1" 304 - "-" "Mozilla/5.0 (X11; Ubuntu; Linux x86_64; rv:81.0) Gecko/20100101 Firefox/81.0"

[10/16/2020, 2:42:18 PM] info: query = {}
[10/16/2020, 2:42:18 PM] info: ::ffff:127.0.0.1 - - [16/Oct/2020:09:12:18 +0000] "GET /doc/swagger-ui.css HTTP/1.1" 304 - "http://localhost:4000/doc/" "Mozilla/5.0 (X11; Ubuntu; Linux x86_64; rv:81.0) Gecko/20100101 Firefox/81.0"

[10/16/2020, 2:42:18 PM] info: query = {}
[10/16/2020, 2:42:18 PM] info: ::ffff:127.0.0.1 - - [16/Oct/2020:09:12:18 +0000] "GET /doc/swagger-ui-bundle.js HTTP/1.1" 304 - "http://localhost:4000/doc/" "Mozilla/5.0 (X11; Ubuntu; Linux x86_64; rv:81.0) Gecko/20100101 Firefox/81.0"

[10/16/2020, 2:42:18 PM] info: query = {}
[10/16/2020, 2:42:18 PM] info: query = {}
[10/16/2020, 2:42:18 PM] info: ::ffff:127.0.0.1 - - [16/Oct/2020:09:12:18 +0000] "GET /doc/swagger-ui-init.js HTTP/1.1" 304 - "http://localhost:4000/doc/" "Mozilla/5.0 (X11; Ubuntu; Linux x86_64; rv:81.0) Gecko/20100101 Firefox/81.0"

[10/16/2020, 2:42:18 PM] info: ::ffff:127.0.0.1 - - [16/Oct/2020:09:12:18 +0000] "GET /doc/swagger-ui-standalone-preset.js HTTP/1.1" 304 - "http://localhost:4000/doc/" "Mozilla/5.0 (X11; Ubuntu; Linux x86_64; rv:81.0) Gecko/20100101 Firefox/81.0"

[10/16/2020, 2:42:42 PM] info: query = {}
[10/16/2020, 2:42:42 PM] info: ::ffff:127.0.0.1 - - [16/Oct/2020:09:12:42 +0000] "GET /users/55555555 HTTP/1.1" 404 40 "http://localhost:4000/doc/" "Mozilla/5.0 (X11; Ubuntu; Linux x86_64; rv:81.0) Gecko/20100101 Firefox/81.0"

[10/16/2020, 2:55:53 PM] info: query = {}
[10/16/2020, 2:55:53 PM] info: ::ffff:127.0.0.1 - - [16/Oct/2020:09:25:53 +0000] "GET / HTTP/1.1" 304 - "-" "Mozilla/5.0 (X11; Ubuntu; Linux x86_64; rv:81.0) Gecko/20100101 Firefox/81.0"

[10/16/2020, 3:03:24 PM] info: query = GET
[10/16/2020, 3:03:57 PM] info: query = GET/
[10/16/2020, 3:04:03 PM] info: query = GET/doc/favicon-16x16.png
[10/16/2020, 3:04:12 PM] info: query = GET/users/55555
[10/16/2020, 3:15:57 PM] info: query = GET/users
[10/16/2020, 3:15:57 PM] info: query = POST/users
[10/16/2020, 3:15:57 PM] info: query = GET/users/8d031ccd-4ca9-4e3f-a59a-eb4cb0278b3e
[10/16/2020, 3:15:57 PM] info: query = DELETE/users/8d031ccd-4ca9-4e3f-a59a-eb4cb0278b3e
[10/16/2020, 3:15:57 PM] info: query = POST/users
[10/16/2020, 3:15:57 PM] info: query = DELETE/users/a6831c2a-9c68-4a50-b8b0-ee7e70f23c91
[10/16/2020, 3:15:57 PM] info: query = POST/users
[10/16/2020, 3:15:57 PM] info: query = PUT/users/0bf63c83-2894-49ac-8067-2d2277d9f28c
[10/16/2020, 3:15:57 PM] info: query = GET/users/0bf63c83-2894-49ac-8067-2d2277d9f28c
[10/16/2020, 3:15:57 PM] info: query = DELETE/users/0bf63c83-2894-49ac-8067-2d2277d9f28c
[10/16/2020, 3:15:57 PM] info: query = POST/users
[10/16/2020, 3:15:57 PM] info: query = DELETE/users/2f94ca20-ee86-4100-ad7c-d6de7e7b8c6b
[10/16/2020, 3:15:57 PM] info: query = POST/users
[10/16/2020, 3:15:57 PM] info: query = POST/boards
[10/16/2020, 3:15:57 PM] info: query = POST/boards/ca7535d3-7d5e-4fb6-a9b4-61c2965c4020/tasks
[10/16/2020, 3:15:57 PM] info: query = POST/boards/ca7535d3-7d5e-4fb6-a9b4-61c2965c4020/tasks
[10/16/2020, 3:15:57 PM] info: query = DELETE/users/50ec37ba-372b-44e2-8d3a-2045f29dccaf
[10/16/2020, 3:15:57 PM] info: query = GET/boards/ca7535d3-7d5e-4fb6-a9b4-61c2965c4020/tasks/01553f6f-9fb2-4d36-9b49-772fe96e9b4e
[10/16/2020, 3:15:57 PM] info: query = GET/boards/ca7535d3-7d5e-4fb6-a9b4-61c2965c4020/tasks/4c139f1d-8a03-4250-ae88-4cea520b9794
[10/16/2020, 3:15:57 PM] info: query = DELETE/boards/ca7535d3-7d5e-4fb6-a9b4-61c2965c4020/tasks/01553f6f-9fb2-4d36-9b49-772fe96e9b4e
[10/16/2020, 3:15:57 PM] info: query = DELETE/boards/ca7535d3-7d5e-4fb6-a9b4-61c2965c4020/tasks/4c139f1d-8a03-4250-ae88-4cea520b9794
[10/16/2020, 3:15:57 PM] info: query = DELETE/boards/ca7535d3-7d5e-4fb6-a9b4-61c2965c4020
[10/16/2020, 3:15:58 PM] info: query = POST/boards
[10/16/2020, 3:15:58 PM] info: query = GET/boards
[10/16/2020, 3:15:58 PM] info: query = GET/boards
[10/16/2020, 3:15:58 PM] info: query = GET/boards/a741038f-a81b-42f9-9624-8a2d14b4296a
[10/16/2020, 3:15:58 PM] info: query = POST/boards
[10/16/2020, 3:15:58 PM] info: query = DELETE/boards/03ef8949-f2e6-46bd-ab18-69c068b57529
[10/16/2020, 3:15:58 PM] info: query = POST/boards
[10/16/2020, 3:15:58 PM] info: query = PUT/boards/36d08259-f791-4b01-8604-16f02fae59dc
[10/16/2020, 3:15:58 PM] info: query = GET/boards/36d08259-f791-4b01-8604-16f02fae59dc
[10/16/2020, 3:15:58 PM] info: query = DELETE/boards/36d08259-f791-4b01-8604-16f02fae59dc
[10/16/2020, 3:15:58 PM] info: query = POST/boards
[10/16/2020, 3:15:58 PM] info: query = DELETE/boards/d57b0c32-bb93-4a9d-ac94-a2c41bde7983
[10/16/2020, 3:15:58 PM] info: query = GET/boards/d57b0c32-bb93-4a9d-ac94-a2c41bde7983
[10/16/2020, 3:15:58 PM] info: query = POST/boards
[10/16/2020, 3:15:58 PM] info: query = POST/boards/667f126f-59ec-41bd-a544-9b0c2385e2e5/tasks
[10/16/2020, 3:15:58 PM] info: query = POST/boards/667f126f-59ec-41bd-a544-9b0c2385e2e5/tasks
[10/16/2020, 3:15:58 PM] info: query = POST/boards/667f126f-59ec-41bd-a544-9b0c2385e2e5/tasks
[10/16/2020, 3:15:58 PM] info: query = POST/boards/667f126f-59ec-41bd-a544-9b0c2385e2e5/tasks
[10/16/2020, 3:15:58 PM] info: query = POST/boards/667f126f-59ec-41bd-a544-9b0c2385e2e5/tasks
[10/16/2020, 3:15:58 PM] info: query = GET/boards/667f126f-59ec-41bd-a544-9b0c2385e2e5/tasks/63a171eb-bfaf-4d1d-aa09-c9ca70e682a1
[10/16/2020, 3:15:58 PM] info: query = GET/boards/667f126f-59ec-41bd-a544-9b0c2385e2e5/tasks/5430d7cb-02a6-4ae6-b221-2031714a0b72
[10/16/2020, 3:15:58 PM] info: query = GET/boards/667f126f-59ec-41bd-a544-9b0c2385e2e5/tasks/10f7be56-5f3e-4dc3-8478-01c9d4f02740
[10/16/2020, 3:15:58 PM] info: query = GET/boards/667f126f-59ec-41bd-a544-9b0c2385e2e5/tasks/64e0b10b-0bc4-49c1-acb0-39a97ffe0454
[10/16/2020, 3:15:58 PM] info: query = GET/boards/667f126f-59ec-41bd-a544-9b0c2385e2e5/tasks/9417a05c-75f5-4fa8-a3be-183633416437
[10/16/2020, 3:15:58 PM] info: query = DELETE/boards/667f126f-59ec-41bd-a544-9b0c2385e2e5
[10/16/2020, 3:15:58 PM] info: query = GET/boards/667f126f-59ec-41bd-a544-9b0c2385e2e5/tasks/63a171eb-bfaf-4d1d-aa09-c9ca70e682a1
[10/16/2020, 3:15:58 PM] info: query = GET/boards/667f126f-59ec-41bd-a544-9b0c2385e2e5/tasks/5430d7cb-02a6-4ae6-b221-2031714a0b72
[10/16/2020, 3:15:58 PM] info: query = GET/boards/667f126f-59ec-41bd-a544-9b0c2385e2e5/tasks/10f7be56-5f3e-4dc3-8478-01c9d4f02740
[10/16/2020, 3:15:58 PM] info: query = GET/boards/667f126f-59ec-41bd-a544-9b0c2385e2e5/tasks/64e0b10b-0bc4-49c1-acb0-39a97ffe0454
[10/16/2020, 3:15:58 PM] info: query = GET/boards/667f126f-59ec-41bd-a544-9b0c2385e2e5/tasks/9417a05c-75f5-4fa8-a3be-183633416437
[10/16/2020, 3:15:58 PM] info: query = DELETE/boards/cff17477-5452-4830-bc85-d97100f15c49
[10/16/2020, 3:15:59 PM] info: query = POST/boards
[10/16/2020, 3:15:59 PM] info: query = POST/boards/f6c371df-1f30-410c-aff7-4d64f9b330fb/tasks
[10/16/2020, 3:15:59 PM] info: query = GET/boards/f6c371df-1f30-410c-aff7-4d64f9b330fb/tasks
[10/16/2020, 3:15:59 PM] info: query = GET/boards/f6c371df-1f30-410c-aff7-4d64f9b330fb/tasks
[10/16/2020, 3:15:59 PM] info: query = GET/boards/f6c371df-1f30-410c-aff7-4d64f9b330fb/tasks/67d9ae7f-ce8d-444e-a862-1ec74044af2a
[10/16/2020, 3:15:59 PM] info: query = POST/boards/f6c371df-1f30-410c-aff7-4d64f9b330fb/tasks
[10/16/2020, 3:15:59 PM] info: query = DELETE/boards/f6c371df-1f30-410c-aff7-4d64f9b330fb/tasks/706753f8-a75f-4988-bd61-891c59da7d15
[10/16/2020, 3:15:59 PM] info: query = POST/boards/f6c371df-1f30-410c-aff7-4d64f9b330fb/tasks
[10/16/2020, 3:15:59 PM] info: query = PUT/boards/f6c371df-1f30-410c-aff7-4d64f9b330fb/tasks/58cdebfb-2f1f-414b-a4ff-fc3fb4522649
[10/16/2020, 3:15:59 PM] info: query = GET/boards/f6c371df-1f30-410c-aff7-4d64f9b330fb/tasks/58cdebfb-2f1f-414b-a4ff-fc3fb4522649
[10/16/2020, 3:15:59 PM] info: query = GET/boards/f6c371df-1f30-410c-aff7-4d64f9b330fb/tasks/67d9ae7f-ce8d-444e-a862-1ec74044af2a
[10/16/2020, 3:15:59 PM] info: query = DELETE/boards/f6c371df-1f30-410c-aff7-4d64f9b330fb/tasks/67d9ae7f-ce8d-444e-a862-1ec74044af2a
[10/16/2020, 3:15:59 PM] info: query = GET/boards/f6c371df-1f30-410c-aff7-4d64f9b330fb/tasks/67d9ae7f-ce8d-444e-a862-1ec74044af2a
[10/16/2020, 3:15:59 PM] info: query = DELETE/boards/f6c371df-1f30-410c-aff7-4d64f9b330fb
[10/16/2020, 3:21:54 PM] info: query = GET/
[10/16/2020, 3:33:54 PM] info: method= GET,   url= /users/55555,    query parameters =[object Object],   body= [object Object]    
[10/16/2020, 3:39:03 PM] info: method= GET,   
    url= /users/55555,    
    query parameters ={},    
    body= [object Object]    
[10/16/2020, 3:41:41 PM] info: method= POST,   
    url= /users,    
    query parameters ={},    
    body= {"name":"5555555","login":"dddddddddddddd","password":"gggggggggggggg"}    
[10/16/2020, 3:43:07 PM] error: Internal Server Error
[10/16/2020, 3:43:32 PM] info: method= GET,   
    url= /users/7777777777777,    
    query parameters ={},    
    body= {}    
[10/16/2020, 3:44:36 PM] info: method= GET,   
    url= /boards/444444444444444/tasks/555555555555555555,    
    query parameters ={},    
    body= {}    
[10/16/2020, 3:45:40 PM] error: Internal Server Error
[10/16/2020, 3:47:14 PM] info: method= GET,   
    url= /boards/444444444444444/tasks/555555555555555555,    
    query parameters ={},    
    body= {} 
    req=   [object Object]
[10/16/2020, 3:47:56 PM] error: Internal Server Error
[10/16/2020, 3:48:42 PM] info: method= GET,   
    url= /boards/444444444444444/tasks/555555555555555555,    
    query parameters ={},    
    body= {} 
   
[10/16/2020, 4:36:27 PM] info: method= GET,   
    url= /boards/4444444/tasks/5555555,    
    query parameters ={},    
    query query ={},    
    body= {} 
   
[10/16/2020, 5:01:01 PM] info: method= GET,   
    url= /doc/,    
    query parameters ={},    
    body= {} 
   
[10/16/2020, 5:01:02 PM] info: method= GET,   
    url= /doc/swagger-ui.css,    
    query parameters ={},    
    body= {} 
   
[10/16/2020, 5:01:02 PM] info: method= GET,   
    url= /doc/swagger-ui-bundle.js,    
    query parameters ={},    
    body= {} 
   
[10/16/2020, 5:01:02 PM] info: method= GET,   
    url= /doc/swagger-ui-standalone-preset.js,    
    query parameters ={},    
    body= {} 
   
[10/16/2020, 5:01:02 PM] info: method= GET,   
    url= /doc/swagger-ui-init.js,    
    query parameters ={},    
    body= {} 
   
[10/16/2020, 5:01:02 PM] info: method= GET,   
    url= /doc/favicon-16x16.png,    
    query parameters ={},    
    body= {} 
   
[10/16/2020, 5:01:16 PM] info: method= GET,   
    url= /?age=47&sex=male,    
    query parameters ={},    
    body= {} 
   
[10/16/2020, 5:01:50 PM] info: method= GET,   
    url= /user/?age=47&sex=male,    
    query parameters ={},    
    body= {} 
   
[10/16/2020, 5:02:31 PM] info: 
    method= GET,   
    url= /user/?age=47&sex=male,    
    query parameters ={},    
    body= {} 
   
[10/16/2020, 5:03:30 PM] info: 
    method= GET,   
    url= /user?age=47&sex=male,    
    query parameters ={},    
    body= {} 
   
[10/16/2020, 5:05:12 PM] info: 
    method= GET,   
    url= /user?age=47&sex=male,    
    query parameters ={"age":"47","sex":"male"},    
    body= {} 
   
[10/16/2020, 5:19:56 PM] info: 
    method= GET,   
    url= /doc/,    
    query parameters ={},    
    body= {} 
   
[10/16/2020, 5:19:57 PM] info: 
    method= GET,   
    url= /doc/swagger-ui-bundle.js,    
    query parameters ={},    
    body= {} 
   
[10/16/2020, 5:19:57 PM] info: 
    method= GET,   
    url= /doc/swagger-ui-standalone-preset.js,    
    query parameters ={},    
    body= {} 
   
[10/16/2020, 5:19:58 PM] info: 
    method= GET,   
    url= /doc/swagger-ui-init.js,    
    query parameters ={},    
    body= {} 
   
[10/16/2020, 5:19:58 PM] info: 
    method= GET,   
    url= /doc/swagger-ui.css,    
    query parameters ={},    
    body= {} 
   
[10/16/2020, 5:19:59 PM] info: 
    method= GET,   
    url= /doc/favicon-16x16.png,    
    query parameters ={},    
    body= {} 
   
[10/16/2020, 5:20:04 PM] info: 
    method= GET,   
    url= /users,    
    query parameters ={},    
    body= {} 
   
[10/16/2020, 5:22:37 PM] info: 
    method= GET,   
    url= /users,    
    query parameters ={},    
    body= {} 
   
[10/16/2020, 5:23:05 PM] info: 
    method= GET,   
    url= /users,    
    query parameters ={},    
    body= {} 
   
[10/16/2020, 5:24:40 PM] info: 
    method= GET,   
    url= /users,    
    query parameters ={},    
    body= {} 
   
[10/16/2020, 5:24:40 PM] info: ::ffff:127.0.0.1 - - [16/Oct/2020:11:54:40 +0000] "GET /users HTTP/1.1" 200 226 "http://localhost:4000/doc/" "Mozilla/5.0 (X11; Ubuntu; Linux x86_64; rv:81.0) Gecko/20100101 Firefox/81.0"

[10/16/2020, 5:27:22 PM] info: 
    method= GET,   
    url= /doc/,    
    query parameters ={},    
    body= {} 
   
[10/16/2020, 5:27:23 PM] info: 
    method= GET,   
    url= /doc/swagger-ui-bundle.js,    
    query parameters ={},    
    body= {} 
   
[10/16/2020, 5:27:23 PM] info: 
    method= GET,   
    url= /doc/swagger-ui-standalone-preset.js,    
    query parameters ={},    
    body= {} 
   
[10/16/2020, 5:27:23 PM] info: 
    method= GET,   
    url= /doc/swagger-ui-init.js,    
    query parameters ={},    
    body= {} 
   
[10/16/2020, 5:27:23 PM] info: 
    method= GET,   
    url= /doc/swagger-ui.css,    
    query parameters ={},    
    body= {} 
   
[10/16/2020, 5:27:46 PM] info: 
    method= GET,   
    url= /users/?age=47&sex=male,    
    query parameters ={"age":"47","sex":"male"},    
    body= {} 
   
[10/16/2020, 5:29:08 PM] info: 
    method= GET,   
    url= /users/,    
    query parameters ={},    
    body= {} 
   
[10/16/2020, 5:29:24 PM] info: 
    method= GET,   
    url= /users/?age=47&sex=male,    
    query parameters ={"age":"47","sex":"male"},    
    body= {} 
   
[10/16/2020, 5:29:54 PM] info: 
    method= GET,   
    url= /users/?age=47&adress=sity,    
    query parameters ={"age":"47","adress":"sity"},    
    body= {} 
   
[10/16/2020, 5:30:08 PM] info: 
    method= GET,   
    url= /users/?age=22&adress=sity,    
    query parameters ={"age":"22","adress":"sity"},    
    body= {} 
   
[10/16/2020, 5:30:44 PM] info: 
    method= GET,   
    url= /users/?age=22&name=jim,    
    query parameters ={"age":"22","name":"jim"},    
    body= {} 
   
[10/17/2020, 4:54:51 PM] info: 
    method= GET,
    url= http /doc/,req.protocol + '://' + req.hostname  + req.app.settings.port + req.path;
    query parameters ={},
    body= {}
   
[10/17/2020, 4:54:51 PM] info: 
    method= GET,
    url= http /doc/swagger-ui.css,req.protocol + '://' + req.hostname  + req.app.settings.port + req.path;
    query parameters ={},
    body= {}
   
[10/17/2020, 4:54:51 PM] info: 
    method= GET,
    url= http /doc/swagger-ui-bundle.js,req.protocol + '://' + req.hostname  + req.app.settings.port + req.path;
    query parameters ={},
    body= {}
   
[10/17/2020, 4:54:51 PM] info: 
    method= GET,
    url= http /doc/swagger-ui-standalone-preset.js,req.protocol + '://' + req.hostname  + req.app.settings.port + req.path;
    query parameters ={},
    body= {}
   
[10/17/2020, 4:54:51 PM] info: 
    method= GET,
    url= http /doc/swagger-ui-init.js,req.protocol + '://' + req.hostname  + req.app.settings.port + req.path;
    query parameters ={},
    body= {}
   
[10/17/2020, 4:54:52 PM] info: 
    method= GET,
    url= http /doc/favicon-16x16.png,req.protocol + '://' + req.hostname  + req.app.settings.port + req.path;
    query parameters ={},
    body= {}
   
[10/18/2020, 7:10:30 AM] info: 
    method= GET,
    url= http:///,req.protocol + '://' + req.hostname  + req.app.settings.port + req.path;
    query parameters ={},
    body= {}
   
[10/18/2020, 7:10:31 AM] info: 
    method= GET,
    url= http:///favicon.ico,req.protocol + '://' + req.hostname  + req.app.settings.port + req.path;
    query parameters ={},
    body= {}
   
[10/18/2020, 7:11:28 AM] info: 
    method= GET,
    url= /,
    query parameters ={},
    body= {}
   
[10/18/2020, 7:11:28 AM] info: 
    method= GET,
    url= /favicon.ico,
    query parameters ={},
    body= {}
   
[10/18/2020, 7:12:15 AM] info: 
    method= GET,
    url= /,
    query parameters ={},
    body= {}
   
[10/18/2020, 7:12:45 AM] info: 
    method= GET,
    url= /doc,
    query parameters ={},
    body= {}
   
[10/18/2020, 7:12:45 AM] info: 
    method= GET,
    url= /doc/,
    query parameters ={},
    body= {}
   
[10/18/2020, 7:12:45 AM] info: 
    method= GET,
    url= /doc/swagger-ui.css,
    query parameters ={},
    body= {}
   
[10/18/2020, 7:12:45 AM] info: 
    method= GET,
    url= /doc/swagger-ui-bundle.js,
    query parameters ={},
    body= {}
   
[10/18/2020, 7:12:46 AM] info: 
    method= GET,
    url= /doc/swagger-ui-standalone-preset.js,
    query parameters ={},
    body= {}
   
[10/18/2020, 7:12:46 AM] info: 
    method= GET,
    url= /doc/swagger-ui-init.js,
    query parameters ={},
    body= {}
   
[10/18/2020, 7:12:46 AM] info: 
    method= GET,
    url= /doc/favicon-16x16.png,
    query parameters ={},
    body= {}
   
[10/18/2020, 7:14:39 AM] info: 
    method= GET,
    url= /users,
    query parameters ={},
    body= {}
   
[10/18/2020, 7:15:08 AM] info: 
    method= POST,
    url= /users,
    query parameters ={},
    body= {"name":"wwwwww","login":"eeeeeeeeeeeee","password":"rrrrrrrrrr"}
   
[10/18/2020, 7:19:11 AM] info: 
    method= GET,
    url= [object Object],
    query parameters ={"age":"22","name":"jim"},
    body= {}
   
[10/18/2020, 7:22:11 AM] info: 
    method= GET,
    url= class URL {
  constructor(input, base) {
    // toUSVString is not needed.
    input = `${input}`;
    let base_context;
    if (base !== undefined) {
      base_context = new URL(base)[context];
    }
    this[context] = new URLContext();
    parse(input, -1, base_context, undefined, onParseComplete.bind(this),
          onParseError);
  }

  get [special]() {
    return (this[context].flags & URL_FLAGS_SPECIAL) !== 0;
  }

  get [cannotBeBase]() {
    return (this[context].flags & URL_FLAGS_CANNOT_BE_BASE) !== 0;
  }

  // https://url.spec.whatwg.org/#cannot-have-a-username-password-port
  get [cannotHaveUsernamePasswordPort]() {
    const { host, scheme } = this[context];
    return ((host == null || host === '') ||
            this[cannotBeBase] ||
            scheme === 'file:');
  }

  [inspect.custom](depth, opts) {
    if (this == null ||
        ObjectGetPrototypeOf(this[context]) !== URLContext.prototype) {
      throw new ERR_INVALID_THIS('URL');
    }

    if (typeof depth === 'number' && depth < 0)
      return this;

    const ctor = getConstructorOf(this);

    const obj = ObjectCreate({
      constructor: ctor === null ? URL : ctor
    });

    obj.href = this.href;
    obj.origin = this.origin;
    obj.protocol = this.protocol;
    obj.username = this.username;
    obj.password = this.password;
    obj.host = this.host;
    obj.hostname = this.hostname;
    obj.port = this.port;
    obj.pathname = this.pathname;
    obj.search = this.search;
    obj.searchParams = this.searchParams;
    obj.hash = this.hash;

    if (opts.showHidden) {
      obj.cannotBeBase = this[cannotBeBase];
      obj.special = this[special];
      obj[context] = this[context];
    }

    return inspect(obj, opts);
  }
},
    query parameters ={"age":"22","name":"jim"},
    body= {}
   
[10/18/2020, 7:22:53 AM] info: 
    method= GET,
    url= function urlFormat(urlObject, options) {
  // Ensure it's an object, and not a string url.
  // If it's an object, this is a no-op.
  // this way, you can call urlParse() on strings
  // to clean up potentially wonky urls.
  if (typeof urlObject === 'string') {
    urlObject = urlParse(urlObject);
  } else if (typeof urlObject !== 'object' || urlObject === null) {
    throw new ERR_INVALID_ARG_TYPE('urlObject',
                                   ['Object', 'string'], urlObject);
  } else if (!(urlObject instanceof Url)) {
    const format = urlObject[formatSymbol];
    return format ?
      format.call(urlObject, options) :
      Url.prototype.format.call(urlObject);
  }
  return urlObject.format();
},
    query parameters ={"age":"22","name":"jim"},
    body= {}
   
[10/18/2020, 7:23:41 AM] info: 
    method= GET,
    url= {},
    query parameters ={"age":"22","name":"jim"},
    body= {}
   
[10/18/2020, 7:23:58 AM] info: 
    method= GET,
    url= {},
    query parameters ={"age":"22","name":"jim"},
    body= {}
   
[10/18/2020, 7:24:45 AM] info: 
    method= GET,
    url= undefined,
    query parameters ={"age":"22","name":"jim"},
    body= {}
   
[10/18/2020, 7:25:18 AM] info: 
    method= GET,
    url= undefined,    
    query parameters ={"age":"22","name":"jim"},
    body= {}
   
[10/18/2020, 7:25:46 AM] info: 
    method= GET,
    url= undefined,    
    query parameters ={"age":"22","name":"jim"},
    body= {}
   
[10/18/2020, 7:25:58 AM] info: 
    method= GET,
    url= function fileURLToPath(path) {
  if (typeof path === 'string')
    path = new URL(path);
  else if (!isURLInstance(path))
    throw new ERR_INVALID_ARG_TYPE('path', ['string', 'URL'], path);
  if (path.protocol !== 'file:')
    throw new ERR_INVALID_URL_SCHEME('file');
  return isWindows ? getPathFromURLWin32(path) : getPathFromURLPosix(path);
},    
    query parameters ={"age":"22","name":"jim"},
    body= {}
   
[10/18/2020, 7:32:41 AM] info: 
    method= GET,
    url= http://localhost:4000/users/%3Fage=22&name=jim,    
    url= function fileURLToPath(path) {
  if (typeof path === 'string')
    path = new URL(path);
  else if (!isURLInstance(path))
    throw new ERR_INVALID_ARG_TYPE('path', ['string', 'URL'], path);
  if (path.protocol !== 'file:')
    throw new ERR_INVALID_URL_SCHEME('file');
  return isWindows ? getPathFromURLWin32(path) : getPathFromURLPosix(path);
},    
    query parameters ={"age":"22","name":"jim"},
    body= {}
   
[10/18/2020, 7:33:25 AM] info: 
    method= GET,
    url= http://localhost:4000/users/%3Fage=22&name=jim, 
    query parameters ={"age":"22","name":"jim"},
    body= {}
   
[10/18/2020, 7:33:59 AM] info: 
    method= GET,
    url= http://localhost:4000/users/%3Fage=22&name=jim, 
    query parameters ={"age":"22","name":"jim"},
    body= {}
   
[10/18/2020, 7:34:17 AM] info: 
    method= GET,
    url= http://localhost:4000/users%3Fage=22&name=jim, 
    query parameters ={"age":"22","name":"jim"},
    body= {}
   
[10/18/2020, 7:35:06 AM] info: 
    method= GET,
    url= http://localhost:4000, 
    query parameters ={"age":"22","name":"jim"},
    body= {}
   
[10/18/2020, 7:35:27 AM] info: 
    method= GET,
    url= http://localhost:4000/users%3Fage=22&name=jim, 
    query parameters ={"age":"22","name":"jim"},
    body= {}
   
[10/18/2020, 7:36:58 AM] info: 
    method= GET,
    url= http://localhost:4000/users?age=22&name=jim, 
    query parameters ={"age":"22","name":"jim"},
    body= {}
   
[10/18/2020, 7:39:45 AM] info: 
    method= GET,
    url= localhost:4000//users?age=22&name=jim, 
    query parameters ={"age":"22","name":"jim"},
    body= {}
   
[10/18/2020, 7:40:08 AM] info: 
    method= GET,
    url= localhost:4000/users?age=22&name=jim, 
    query parameters ={"age":"22","name":"jim"},
    body= {}
   
[10/18/2020, 7:40:36 AM] info: 
    method= GET,
    url= http://localhost:4000/users?age=22&name=jim, 
    query parameters ={"age":"22","name":"jim"},
    body= {}
   
[10/18/2020, 7:40:57 AM] info: 
    method= GET,
    url= http://localhost:4000/users/?age=22&name=jim, 
    query parameters ={"age":"22","name":"jim"},
    body= {}
   
[10/18/2020, 7:44:53 AM] info: 
    method= GET,
    url= http://localhost:4000/users/?age=22&name=jim, 
    query parameters ={"age":"22","name":"jim"},
    body= {}
   
[10/18/2020, 7:45:17 AM] info: 
    method= GET,
    url= http://localhost:4000/doc/, 
    query parameters ={},
    body= {}
   
[10/18/2020, 7:45:17 AM] info: 
    method= GET,
    url= http://localhost:4000/doc/swagger-ui-bundle.js, 
    query parameters ={},
    body= {}
   
[10/18/2020, 7:45:17 AM] info: 
    method= GET,
    url= http://localhost:4000/doc/swagger-ui-standalone-preset.js, 
    query parameters ={},
    body= {}
   
[10/18/2020, 7:45:17 AM] info: 
    method= GET,
    url= http://localhost:4000/doc/swagger-ui-init.js, 
    query parameters ={},
    body= {}
   
[10/18/2020, 7:45:17 AM] info: 
    method= GET,
    url= http://localhost:4000/doc/swagger-ui.css, 
    query parameters ={},
    body= {}
   
[10/18/2020, 7:45:18 AM] info: 
    method= GET,
    url= http://localhost:4000/doc/favicon-16x16.png, 
    query parameters ={},
    body= {}
   
[10/18/2020, 7:45:38 AM] info: 
    method= GET,
    url= http://localhost:4000/doc/, 
    query parameters ={},
    body= {}
   
[10/18/2020, 7:45:38 AM] info: 
    method= GET,
    url= http://localhost:4000/doc/swagger-ui-bundle.js, 
    query parameters ={},
    body= {}
   
[10/18/2020, 7:45:38 AM] info: 
    method= GET,
    url= http://localhost:4000/doc/swagger-ui-standalone-preset.js, 
    query parameters ={},
    body= {}
   
[10/18/2020, 7:45:38 AM] info: 
    method= GET,
    url= http://localhost:4000/doc/swagger-ui-init.js, 
    query parameters ={},
    body= {}
   
[10/18/2020, 7:45:38 AM] info: 
    method= GET,
    url= http://localhost:4000/doc/swagger-ui.css, 
    query parameters ={},
    body= {}
   
[10/18/2020, 7:45:53 AM] info: 
    method= POST,
    url= http://localhost:4000/users, 
    query parameters ={},
    body= {"name":"ffffff","login":"gggggggg","password":"hhhhhhhhhhhhh"}
   
[10/18/2020, 7:46:36 AM] info: 
    method= GET,
    url= http://localhost:4000/doc/, 
    query parameters ={},
    body= {}
   
[10/18/2020, 7:46:36 AM] info: 
    method= GET,
    url= http://localhost:4000/doc/swagger-ui.css, 
    query parameters ={},
    body= {}
   
[10/18/2020, 7:46:36 AM] info: 
    method= GET,
    url= http://localhost:4000/doc/swagger-ui-bundle.js, 
    query parameters ={},
    body= {}
   
[10/18/2020, 7:46:36 AM] info: 
    method= GET,
    url= http://localhost:4000/doc/swagger-ui-standalone-preset.js, 
    query parameters ={},
    body= {}
   
[10/18/2020, 7:46:36 AM] info: 
    method= GET,
    url= http://localhost:4000/doc/swagger-ui-init.js, 
    query parameters ={},
    body= {}
   
[10/18/2020, 7:46:37 AM] info: 
    method= GET,
    url= http://localhost:4000/doc/favicon-16x16.png, 
    query parameters ={},
    body= {}
   
[10/18/2020, 7:46:38 AM] info: 
    method= GET,
    url= http://localhost:4000/doc/, 
    query parameters ={},
    body= {}
   
[10/18/2020, 7:46:38 AM] info: 
    method= GET,
    url= http://localhost:4000/doc/swagger-ui-bundle.js, 
    query parameters ={},
    body= {}
   
[10/18/2020, 7:46:38 AM] info: 
    method= GET,
    url= http://localhost:4000/doc/swagger-ui-standalone-preset.js, 
    query parameters ={},
    body= {}
   
[10/18/2020, 7:46:38 AM] info: 
    method= GET,
    url= http://localhost:4000/doc/swagger-ui-init.js, 
    query parameters ={},
    body= {}
   
[10/18/2020, 7:46:38 AM] info: 
    method= GET,
    url= http://localhost:4000/doc/swagger-ui.css, 
    query parameters ={},
    body= {}
   
[10/18/2020, 7:46:50 AM] info: 
    method= GET,
    url= http://localhost:4000/users/?age=22&name=jim, 
    query parameters ={"age":"22","name":"jim"},
    body= {}
   
[10/18/2020, 7:50:34 AM] info: 
    method= GET,
    url= http://localhost:4000/users/rrrrrrrrrrrrrrr, 
    query parameters ={},
    body= {}
   
[10/18/2020, 7:52:43 AM] info: 
    method= GET,
    url= http://localhost:4000/doc/, 
    query parameters ={},
    body= {}
   
[10/18/2020, 7:52:44 AM] info: 
    method= GET,
    url= http://localhost:4000/doc/swagger-ui-bundle.js, 
    query parameters ={},
    body= {}
   
[10/18/2020, 7:52:44 AM] info: 
    method= GET,
    url= http://localhost:4000/doc/swagger-ui.css, 
    query parameters ={},
    body= {}
   
[10/18/2020, 7:52:44 AM] info: 
    method= GET,
    url= http://localhost:4000/doc/swagger-ui-init.js, 
    query parameters ={},
    body= {}
   
[10/18/2020, 7:52:44 AM] info: 
    method= GET,
    url= http://localhost:4000/doc/swagger-ui-standalone-preset.js, 
    query parameters ={},
    body= {}
   
[10/18/2020, 7:52:44 AM] info: 
    method= GET,
    url= http://localhost:4000/doc/favicon-16x16.png, 
    query parameters ={},
    body= {}
   
[10/18/2020, 8:00:09 AM] info: 
    method= GET,
    url= http://localhost:4000/users, 
    query parameters ={},
    body= {}
   
[10/18/2020, 8:01:25 AM] info: 
    method= GET,
    url= http://localhost:4000/users, 
    query parameters ={},
    body= {}
   
[10/18/2020, 8:04:55 AM] error: uncaughtException: Cannot access 'app' before initialization
ReferenceError: Cannot access 'app' before initialization
    at Object.<anonymous> (/home/node/Desktop/NodeJS/node-js-2/src/app.js:14:1)
    at Module._compile (internal/modules/cjs/loader.js:1137:30)
    at Object.Module._extensions..js (internal/modules/cjs/loader.js:1157:10)
    at Module.load (internal/modules/cjs/loader.js:985:32)
    at Function.Module._load (internal/modules/cjs/loader.js:878:14)
    at Module.require (internal/modules/cjs/loader.js:1025:19)
    at require (internal/modules/cjs/helpers.js:72:18)
    at Object.<anonymous> (/home/node/Desktop/NodeJS/node-js-2/src/server.js:2:13)
    at Module._compile (internal/modules/cjs/loader.js:1137:30)
    at Object.Module._extensions..js (internal/modules/cjs/loader.js:1157:10)
[10/18/2020, 8:05:50 AM] error: uncaughtException: Cannot access 'app' before initialization
ReferenceError: Cannot access 'app' before initialization
    at Object.<anonymous> (/home/node/Desktop/NodeJS/node-js-2/src/app.js:14:1)
    at Module._compile (internal/modules/cjs/loader.js:1137:30)
    at Object.Module._extensions..js (internal/modules/cjs/loader.js:1157:10)
    at Module.load (internal/modules/cjs/loader.js:985:32)
    at Function.Module._load (internal/modules/cjs/loader.js:878:14)
    at Module.require (internal/modules/cjs/loader.js:1025:19)
    at require (internal/modules/cjs/helpers.js:72:18)
    at Object.<anonymous> (/home/node/Desktop/NodeJS/node-js-2/src/server.js:2:13)
    at Module._compile (internal/modules/cjs/loader.js:1137:30)
    at Object.Module._extensions..js (internal/modules/cjs/loader.js:1157:10)
[10/18/2020, 8:05:59 AM] error: uncaughtException: Cannot access 'app' before initialization
ReferenceError: Cannot access 'app' before initialization
    at Object.<anonymous> (/home/node/Desktop/NodeJS/node-js-2/src/app.js:14:1)
    at Module._compile (internal/modules/cjs/loader.js:1137:30)
    at Object.Module._extensions..js (internal/modules/cjs/loader.js:1157:10)
    at Module.load (internal/modules/cjs/loader.js:985:32)
    at Function.Module._load (internal/modules/cjs/loader.js:878:14)
    at Module.require (internal/modules/cjs/loader.js:1025:19)
    at require (internal/modules/cjs/helpers.js:72:18)
    at Object.<anonymous> (/home/node/Desktop/NodeJS/node-js-2/src/server.js:2:13)
    at Module._compile (internal/modules/cjs/loader.js:1137:30)
    at Object.Module._extensions..js (internal/modules/cjs/loader.js:1157:10)
[10/18/2020, 8:06:19 AM] error: uncaughtException: Cannot access 'app' before initialization
ReferenceError: Cannot access 'app' before initialization
    at Object.<anonymous> (/home/node/Desktop/NodeJS/node-js-2/src/app.js:14:1)
    at Module._compile (internal/modules/cjs/loader.js:1137:30)
    at Object.Module._extensions..js (internal/modules/cjs/loader.js:1157:10)
    at Module.load (internal/modules/cjs/loader.js:985:32)
    at Function.Module._load (internal/modules/cjs/loader.js:878:14)
    at Module.require (internal/modules/cjs/loader.js:1025:19)
    at require (internal/modules/cjs/helpers.js:72:18)
    at Object.<anonymous> (/home/node/Desktop/NodeJS/node-js-2/src/server.js:2:13)
    at Module._compile (internal/modules/cjs/loader.js:1137:30)
    at Object.Module._extensions..js (internal/modules/cjs/loader.js:1157:10)
[10/18/2020, 8:06:52 AM] error: uncaughtException: Cannot access 'app' before initialization
ReferenceError: Cannot access 'app' before initialization
    at Object.<anonymous> (/home/node/Desktop/NodeJS/node-js-2/src/app.js:14:1)
    at Module._compile (internal/modules/cjs/loader.js:1137:30)
    at Object.Module._extensions..js (internal/modules/cjs/loader.js:1157:10)
    at Module.load (internal/modules/cjs/loader.js:985:32)
    at Function.Module._load (internal/modules/cjs/loader.js:878:14)
    at Module.require (internal/modules/cjs/loader.js:1025:19)
    at require (internal/modules/cjs/helpers.js:72:18)
    at Object.<anonymous> (/home/node/Desktop/NodeJS/node-js-2/src/server.js:2:13)
    at Module._compile (internal/modules/cjs/loader.js:1137:30)
    at Object.Module._extensions..js (internal/modules/cjs/loader.js:1157:10)
[10/18/2020, 8:07:39 AM] error: uncaughtException: Cannot access 'app' before initialization
ReferenceError: Cannot access 'app' before initialization
    at Object.<anonymous> (/home/node/Desktop/NodeJS/node-js-2/src/app.js:14:1)
    at Module._compile (internal/modules/cjs/loader.js:1137:30)
    at Object.Module._extensions..js (internal/modules/cjs/loader.js:1157:10)
    at Module.load (internal/modules/cjs/loader.js:985:32)
    at Function.Module._load (internal/modules/cjs/loader.js:878:14)
    at Module.require (internal/modules/cjs/loader.js:1025:19)
    at require (internal/modules/cjs/helpers.js:72:18)
    at Object.<anonymous> (/home/node/Desktop/NodeJS/node-js-2/src/server.js:2:13)
    at Module._compile (internal/modules/cjs/loader.js:1137:30)
    at Object.Module._extensions..js (internal/modules/cjs/loader.js:1157:10)
[10/18/2020, 8:07:47 AM] error: uncaughtException: Cannot access 'app' before initialization
ReferenceError: Cannot access 'app' before initialization
    at Object.<anonymous> (/home/node/Desktop/NodeJS/node-js-2/src/app.js:14:1)
    at Module._compile (internal/modules/cjs/loader.js:1137:30)
    at Object.Module._extensions..js (internal/modules/cjs/loader.js:1157:10)
    at Module.load (internal/modules/cjs/loader.js:985:32)
    at Function.Module._load (internal/modules/cjs/loader.js:878:14)
    at Module.require (internal/modules/cjs/loader.js:1025:19)
    at require (internal/modules/cjs/helpers.js:72:18)
    at Object.<anonymous> (/home/node/Desktop/NodeJS/node-js-2/src/server.js:2:13)
    at Module._compile (internal/modules/cjs/loader.js:1137:30)
    at Object.Module._extensions..js (internal/modules/cjs/loader.js:1157:10)
[10/18/2020, 8:08:15 AM] error: uncaughtException: Cannot access 'app' before initialization
ReferenceError: Cannot access 'app' before initialization
    at Object.<anonymous> (/home/node/Desktop/NodeJS/node-js-2/src/app.js:14:1)
    at Module._compile (internal/modules/cjs/loader.js:1137:30)
    at Object.Module._extensions..js (internal/modules/cjs/loader.js:1157:10)
    at Module.load (internal/modules/cjs/loader.js:985:32)
    at Function.Module._load (internal/modules/cjs/loader.js:878:14)
    at Module.require (internal/modules/cjs/loader.js:1025:19)
    at require (internal/modules/cjs/helpers.js:72:18)
    at Object.<anonymous> (/home/node/Desktop/NodeJS/node-js-2/src/server.js:2:13)
    at Module._compile (internal/modules/cjs/loader.js:1137:30)
    at Object.Module._extensions..js (internal/modules/cjs/loader.js:1157:10)
[10/18/2020, 8:55:59 AM] error: uncaughtException: Cannot access 'app' before initialization
ReferenceError: Cannot access 'app' before initialization
    at Object.<anonymous> (/home/node/Desktop/NodeJS/node-js-2/src/app.js:14:1)
    at Module._compile (internal/modules/cjs/loader.js:1137:30)
    at Object.Module._extensions..js (internal/modules/cjs/loader.js:1157:10)
    at Module.load (internal/modules/cjs/loader.js:985:32)
    at Function.Module._load (internal/modules/cjs/loader.js:878:14)
    at Module.require (internal/modules/cjs/loader.js:1025:19)
    at require (internal/modules/cjs/helpers.js:72:18)
    at Object.<anonymous> (/home/node/Desktop/NodeJS/node-js-2/src/server.js:2:13)
    at Module._compile (internal/modules/cjs/loader.js:1137:30)
    at Object.Module._extensions..js (internal/modules/cjs/loader.js:1157:10)
[10/18/2020, 8:57:08 AM] error: uncaughtException: Cannot access 'app' before initialization
ReferenceError: Cannot access 'app' before initialization
    at Object.<anonymous> (/home/node/Desktop/NodeJS/node-js-2/src/app.js:14:1)
    at Module._compile (internal/modules/cjs/loader.js:1137:30)
    at Object.Module._extensions..js (internal/modules/cjs/loader.js:1157:10)
    at Module.load (internal/modules/cjs/loader.js:985:32)
    at Function.Module._load (internal/modules/cjs/loader.js:878:14)
    at Module.require (internal/modules/cjs/loader.js:1025:19)
    at require (internal/modules/cjs/helpers.js:72:18)
    at Object.<anonymous> (/home/node/Desktop/NodeJS/node-js-2/src/server.js:2:13)
    at Module._compile (internal/modules/cjs/loader.js:1137:30)
    at Object.Module._extensions..js (internal/modules/cjs/loader.js:1157:10)
[10/18/2020, 8:59:00 AM] error: uncaughtException: Cannot access 'swaggerDocument' before initialization
ReferenceError: Cannot access 'swaggerDocument' before initialization
    at Object.<anonymous> (/home/node/Desktop/NodeJS/node-js-2/src/app.js:27:50)
    at Module._compile (internal/modules/cjs/loader.js:1137:30)
    at Object.Module._extensions..js (internal/modules/cjs/loader.js:1157:10)
    at Module.load (internal/modules/cjs/loader.js:985:32)
    at Function.Module._load (internal/modules/cjs/loader.js:878:14)
    at Module.require (internal/modules/cjs/loader.js:1025:19)
    at require (internal/modules/cjs/helpers.js:72:18)
    at Object.<anonymous> (/home/node/Desktop/NodeJS/node-js-2/src/server.js:2:13)
    at Module._compile (internal/modules/cjs/loader.js:1137:30)
    at Object.Module._extensions..js (internal/modules/cjs/loader.js:1157:10)
[10/18/2020, 8:59:20 AM] error: uncaughtException: Cannot access 'swaggerDocument' before initialization
ReferenceError: Cannot access 'swaggerDocument' before initialization
    at Object.<anonymous> (/home/node/Desktop/NodeJS/node-js-2/src/app.js:29:50)
    at Module._compile (internal/modules/cjs/loader.js:1137:30)
    at Object.Module._extensions..js (internal/modules/cjs/loader.js:1157:10)
    at Module.load (internal/modules/cjs/loader.js:985:32)
    at Function.Module._load (internal/modules/cjs/loader.js:878:14)
    at Module.require (internal/modules/cjs/loader.js:1025:19)
    at require (internal/modules/cjs/helpers.js:72:18)
    at Object.<anonymous> (/home/node/Desktop/NodeJS/node-js-2/src/server.js:2:13)
    at Module._compile (internal/modules/cjs/loader.js:1137:30)
    at Object.Module._extensions..js (internal/modules/cjs/loader.js:1157:10)
[10/18/2020, 8:59:29 AM] error: uncaughtException: Cannot access 'swaggerDocument' before initialization
ReferenceError: Cannot access 'swaggerDocument' before initialization
    at Object.<anonymous> (/home/node/Desktop/NodeJS/node-js-2/src/app.js:30:50)
    at Module._compile (internal/modules/cjs/loader.js:1137:30)
    at Object.Module._extensions..js (internal/modules/cjs/loader.js:1157:10)
    at Module.load (internal/modules/cjs/loader.js:985:32)
    at Function.Module._load (internal/modules/cjs/loader.js:878:14)
    at Module.require (internal/modules/cjs/loader.js:1025:19)
    at require (internal/modules/cjs/helpers.js:72:18)
    at Object.<anonymous> (/home/node/Desktop/NodeJS/node-js-2/src/server.js:2:13)
    at Module._compile (internal/modules/cjs/loader.js:1137:30)
    at Object.Module._extensions..js (internal/modules/cjs/loader.js:1157:10)
[10/18/2020, 9:00:05 AM] error: uncaughtException: Cannot access 'swaggerDocument' before initialization
ReferenceError: Cannot access 'swaggerDocument' before initialization
    at Object.<anonymous> (/home/node/Desktop/NodeJS/node-js-2/src/app.js:17:50)
    at Module._compile (internal/modules/cjs/loader.js:1137:30)
    at Object.Module._extensions..js (internal/modules/cjs/loader.js:1157:10)
    at Module.load (internal/modules/cjs/loader.js:985:32)
    at Function.Module._load (internal/modules/cjs/loader.js:878:14)
    at Module.require (internal/modules/cjs/loader.js:1025:19)
    at require (internal/modules/cjs/helpers.js:72:18)
    at Object.<anonymous> (/home/node/Desktop/NodeJS/node-js-2/src/server.js:2:13)
    at Module._compile (internal/modules/cjs/loader.js:1137:30)
    at Object.Module._extensions..js (internal/modules/cjs/loader.js:1157:10)
[10/18/2020, 9:00:42 AM] error: uncaughtException: Cannot access 'swaggerDocument' before initialization
ReferenceError: Cannot access 'swaggerDocument' before initialization
    at Object.<anonymous> (/home/node/Desktop/NodeJS/node-js-2/src/app.js:27:50)
    at Module._compile (internal/modules/cjs/loader.js:1137:30)
    at Object.Module._extensions..js (internal/modules/cjs/loader.js:1157:10)
    at Module.load (internal/modules/cjs/loader.js:985:32)
    at Function.Module._load (internal/modules/cjs/loader.js:878:14)
    at Module.require (internal/modules/cjs/loader.js:1025:19)
    at require (internal/modules/cjs/helpers.js:72:18)
    at Object.<anonymous> (/home/node/Desktop/NodeJS/node-js-2/src/server.js:2:13)
    at Module._compile (internal/modules/cjs/loader.js:1137:30)
    at Object.Module._extensions..js (internal/modules/cjs/loader.js:1157:10)
[10/18/2020, 9:00:57 AM] error: uncaughtException: Cannot access 'swaggerDocument' before initialization
ReferenceError: Cannot access 'swaggerDocument' before initialization
    at Object.<anonymous> (/home/node/Desktop/NodeJS/node-js-2/src/app.js:27:50)
    at Module._compile (internal/modules/cjs/loader.js:1137:30)
    at Object.Module._extensions..js (internal/modules/cjs/loader.js:1157:10)
    at Module.load (internal/modules/cjs/loader.js:985:32)
    at Function.Module._load (internal/modules/cjs/loader.js:878:14)
    at Module.require (internal/modules/cjs/loader.js:1025:19)
    at require (internal/modules/cjs/helpers.js:72:18)
    at Object.<anonymous> (/home/node/Desktop/NodeJS/node-js-2/src/server.js:2:13)
    at Module._compile (internal/modules/cjs/loader.js:1137:30)
    at Object.Module._extensions..js (internal/modules/cjs/loader.js:1157:10)
[10/18/2020, 9:01:16 AM] error: uncaughtException: swaggerDocument is not defined
ReferenceError: swaggerDocument is not defined
    at Object.<anonymous> (/home/node/Desktop/NodeJS/node-js-2/src/app.js:27:50)
    at Module._compile (internal/modules/cjs/loader.js:1137:30)
    at Object.Module._extensions..js (internal/modules/cjs/loader.js:1157:10)
    at Module.load (internal/modules/cjs/loader.js:985:32)
    at Function.Module._load (internal/modules/cjs/loader.js:878:14)
    at Module.require (internal/modules/cjs/loader.js:1025:19)
    at require (internal/modules/cjs/helpers.js:72:18)
    at Object.<anonymous> (/home/node/Desktop/NodeJS/node-js-2/src/server.js:2:13)
    at Module._compile (internal/modules/cjs/loader.js:1137:30)
    at Object.Module._extensions..js (internal/modules/cjs/loader.js:1157:10)
[10/18/2020, 9:04:37 AM] info: 
    method= GET,
    url= http://localhost:4000/users,
    query parameters ={},
    body= {}
   
[10/18/2020, 9:11:00 AM] info: 
    method= GET,
    url= http://localhost:4000/users,
    query parameters ={},
    body= {}
   
[10/18/2020, 9:12:42 AM] info: 
    method= GET,
    url= http://localhost:4000/users,
    query parameters ={},
    body= {}
   
[10/18/2020, 9:12:42 AM] error: Internal Server Error
[10/18/2020, 9:13:21 AM] info: 
    method= GET,
    url= http://localhost:4000/users,
    query parameters ={},
    body= {}
   
[10/18/2020, 9:20:06 AM] error: uncaughtException: Cannot find module 'http-status-codes'
Require stack:
- /home/node/Desktop/NodeJS/node-js-2/src/app.js
- /home/node/Desktop/NodeJS/node-js-2/src/server.js
Error: Cannot find module 'http-status-codes'
Require stack:
- /home/node/Desktop/NodeJS/node-js-2/src/app.js
- /home/node/Desktop/NodeJS/node-js-2/src/server.js
    at Function.Module._resolveFilename (internal/modules/cjs/loader.js:965:15)
    at Function.Module._load (internal/modules/cjs/loader.js:841:27)
    at Module.require (internal/modules/cjs/loader.js:1025:19)
    at require (internal/modules/cjs/helpers.js:72:18)
    at Object.<anonymous> (/home/node/Desktop/NodeJS/node-js-2/src/app.js:17:5)
    at Module._compile (internal/modules/cjs/loader.js:1137:30)
    at Object.Module._extensions..js (internal/modules/cjs/loader.js:1157:10)
    at Module.load (internal/modules/cjs/loader.js:985:32)
    at Function.Module._load (internal/modules/cjs/loader.js:878:14)
    at Module.require (internal/modules/cjs/loader.js:1025:19)
[10/18/2020, 9:21:24 AM] error: uncaughtException: Cannot find module 'http-status-codes'
Require stack:
- /home/node/Desktop/NodeJS/node-js-2/src/app.js
- /home/node/Desktop/NodeJS/node-js-2/src/server.js
Error: Cannot find module 'http-status-codes'
Require stack:
- /home/node/Desktop/NodeJS/node-js-2/src/app.js
- /home/node/Desktop/NodeJS/node-js-2/src/server.js
    at Function.Module._resolveFilename (internal/modules/cjs/loader.js:965:15)
    at Function.Module._load (internal/modules/cjs/loader.js:841:27)
    at Module.require (internal/modules/cjs/loader.js:1025:19)
    at require (internal/modules/cjs/helpers.js:72:18)
    at Object.<anonymous> (/home/node/Desktop/NodeJS/node-js-2/src/app.js:17:5)
    at Module._compile (internal/modules/cjs/loader.js:1137:30)
    at Object.Module._extensions..js (internal/modules/cjs/loader.js:1157:10)
    at Module.load (internal/modules/cjs/loader.js:985:32)
    at Function.Module._load (internal/modules/cjs/loader.js:878:14)
    at Module.require (internal/modules/cjs/loader.js:1025:19)
[10/18/2020, 9:22:41 AM] error: uncaughtException: Cannot find module 'http-status-codes'
Require stack:
- /home/node/Desktop/NodeJS/node-js-2/src/app.js
- /home/node/Desktop/NodeJS/node-js-2/src/server.js
Error: Cannot find module 'http-status-codes'
Require stack:
- /home/node/Desktop/NodeJS/node-js-2/src/app.js
- /home/node/Desktop/NodeJS/node-js-2/src/server.js
    at Function.Module._resolveFilename (internal/modules/cjs/loader.js:965:15)
    at Function.Module._load (internal/modules/cjs/loader.js:841:27)
    at Module.require (internal/modules/cjs/loader.js:1025:19)
    at require (internal/modules/cjs/helpers.js:72:18)
    at Object.<anonymous> (/home/node/Desktop/NodeJS/node-js-2/src/app.js:17:5)
    at Module._compile (internal/modules/cjs/loader.js:1137:30)
    at Object.Module._extensions..js (internal/modules/cjs/loader.js:1157:10)
    at Module.load (internal/modules/cjs/loader.js:985:32)
    at Function.Module._load (internal/modules/cjs/loader.js:878:14)
    at Module.require (internal/modules/cjs/loader.js:1025:19)
[10/18/2020, 9:22:45 AM] error: uncaughtException: Cannot find module 'http-status-codes'
Require stack:
- /home/node/Desktop/NodeJS/node-js-2/src/app.js
- /home/node/Desktop/NodeJS/node-js-2/src/server.js
Error: Cannot find module 'http-status-codes'
Require stack:
- /home/node/Desktop/NodeJS/node-js-2/src/app.js
- /home/node/Desktop/NodeJS/node-js-2/src/server.js
    at Function.Module._resolveFilename (internal/modules/cjs/loader.js:965:15)
    at Function.Module._load (internal/modules/cjs/loader.js:841:27)
    at Module.require (internal/modules/cjs/loader.js:1025:19)
    at require (internal/modules/cjs/helpers.js:72:18)
    at Object.<anonymous> (/home/node/Desktop/NodeJS/node-js-2/src/app.js:17:5)
    at Module._compile (internal/modules/cjs/loader.js:1137:30)
    at Object.Module._extensions..js (internal/modules/cjs/loader.js:1157:10)
    at Module.load (internal/modules/cjs/loader.js:985:32)
    at Function.Module._load (internal/modules/cjs/loader.js:878:14)
    at Module.require (internal/modules/cjs/loader.js:1025:19)
[10/18/2020, 9:23:29 AM] info: 
    method= GET,
    url= http://localhost:4000/users,
    query parameters ={},
    body= {}
   
[10/18/2020, 9:42:30 AM] info: 
    method= GET,
    url= http://localhost:4000/users,
    query parameters ={},
    body= {}
   
[10/18/2020, 9:43:12 AM] info: 
    method= GET,
    url= http://localhost:4000/doc/,
    query parameters ={},
    body= {}
   
[10/18/2020, 9:43:12 AM] info: 
    method= GET,
    url= http://localhost:4000/doc/swagger-ui.css,
    query parameters ={},
    body= {}
   
[10/18/2020, 9:43:12 AM] info: 
    method= GET,
    url= http://localhost:4000/doc/swagger-ui-bundle.js,
    query parameters ={},
    body= {}
   
[10/18/2020, 9:43:12 AM] info: 
    method= GET,
    url= http://localhost:4000/doc/swagger-ui-standalone-preset.js,
    query parameters ={},
    body= {}
   
[10/18/2020, 9:43:12 AM] info: 
    method= GET,
    url= http://localhost:4000/doc/swagger-ui-init.js,
    query parameters ={},
    body= {}
   
[10/18/2020, 9:43:13 AM] info: 
    method= GET,
    url= http://localhost:4000/doc/favicon-16x16.png,
    query parameters ={},
    body= {}
   
[10/18/2020, 9:43:19 AM] info: 
    method= GET,
    url= http://localhost:4000/error,
    query parameters ={},
    body= {}
   
[10/18/2020, 9:43:19 AM] error: Internal Server Error
[10/18/2020, 10:02:10 AM] info: 
    method= GET,
    url= http://localhost:4000/users,
    query parameters ={},
    body= {}
   
[10/18/2020, 10:03:29 AM] info: 
    method= GET,
    url= http://localhost:4000/users/sdfw4r43,
    query parameters ={},
    body= {}
   
[10/18/2020, 10:08:13 AM] info: 
    method= GET,
    url= http://localhost:4000/users/sdfw4r43,
    query parameters ={},
    body= {}
   
[10/18/2020, 10:08:48 AM] info: 
    method= GET,
    url= http://localhost:4000/users/sdfw4r43,
    query parameters ={},
    body= {}
   
[10/18/2020, 10:09:10 AM] info: 
    method= GET,
    url= http://localhost:4000/users/sdfw4r43,
    query parameters ={},
    body= {}
   
[10/18/2020, 10:44:58 AM] info: 
    method= GET,
    url= http://localhost:4000/users,
    query parameters ={},
    body= {}
   
[10/18/2020, 10:44:58 AM] error: Internal Server Error
[10/18/2020, 10:46:25 AM] info: 
    method= GET,
    url= http://localhost:4000/users,
    query parameters ={},
    body= {}
   
[10/18/2020, 10:46:25 AM] error: Internal Server Error
[10/18/2020, 10:46:54 AM] info: 
    method= GET,
    url= http://localhost:4000/users/sdfw4r43,
    query parameters ={},
    body= {}
   
[10/18/2020, 10:46:54 AM] error: Internal Server Error
[10/18/2020, 11:28:28 AM] info: 
    method= GET,
    url= http://localhost:4000/users/sdfw4r43,
    query parameters ={},
    body= {}
   
[10/18/2020, 11:28:28 AM] error: Internal Server Error
[10/18/2020, 11:29:11 AM] info: 
    method= GET,
    url= http://localhost:4000/users,
    query parameters ={},
    body= {}
   
[10/18/2020, 11:29:11 AM] error: Internal Server Error
[10/18/2020, 11:29:44 AM] info: 
    method= GET,
    url= http://localhost:4000/users,
    query parameters ={},
    body= {}
   
[10/18/2020, 11:29:44 AM] error: Internal Server Error
[10/18/2020, 11:31:04 AM] info: 
    method= GET,
    url= http://localhost:4000/users,
    query parameters ={},
    body= {}
   
[10/18/2020, 11:31:04 AM] error: Internal Server Error
[10/18/2020, 11:31:32 AM] info: 
    method= GET,
    url= http://localhost:4000/users,
    query parameters ={},
    body= {}
   
[10/18/2020, 11:31:32 AM] error: Internal Server Error
[10/18/2020, 11:32:20 AM] info: 
    method= GET,
    url= http://localhost:4000/users,
    query parameters ={},
    body= {}
   
[10/18/2020, 11:32:20 AM] error: Internal Server Error
[10/18/2020, 11:40:06 AM] info: 
    method= GET,
    url= http://localhost:4000/users,
    query parameters ={},
    body= {}
   
[10/18/2020, 11:40:06 AM] error: Internal Server Error
[10/18/2020, 11:41:19 AM] info: 
    method= GET,
    url= http://localhost:4000/users/sdfw4r43,
    query parameters ={},
    body= {}
   
[10/18/2020, 11:41:19 AM] error: Internal Server Error
[10/18/2020, 12:05:48 PM] info: 
      method= GET,
      url= http://localhost:4000/users/sdfw4r43,
      query parameters ={},
      body= {}
     
[10/18/2020, 12:22:07 PM] info: 
      method= GET,
      url= http://localhost:4000/users/sdf43t43,
      query parameters ={},
      body= {}
     
[10/18/2020, 12:22:07 PM] error: Internal Server Error
[10/18/2020, 12:28:14 PM] info: 
      method= GET,
      url= http://localhost:4000/users/sdf43t43,
      query parameters ={},
      body= {}
     
[10/18/2020, 12:28:14 PM] error: Internal Server Error
[10/18/2020, 12:31:46 PM] info: 
      method= GET,
      url= http://localhost:4000/users/sdf43t43,
      query parameters ={},
      body= {}
     
[10/18/2020, 12:39:06 PM] info: 
      method= GET,
      url= http://localhost:4000/users,
      query parameters ={},
      body= {}
     
[10/18/2020, 12:39:31 PM] info: 
      method= GET,
      url= http://localhost:4000/users,
      query parameters ={},
      body= {}
     
[10/18/2020, 12:42:32 PM] info: 
      method= GET,
      url= http://localhost:4000/users,
      query parameters ={},
      body= {}
     
[10/18/2020, 12:42:46 PM] info: 
      method= GET,
      url= http://localhost:4000/users,
      query parameters ={},
      body= {}
     
[10/18/2020, 12:42:46 PM] error: Internal Server Error
[10/18/2020, 12:43:51 PM] info: 
      method= GET,
      url= http://localhost:4000/users,
      query parameters ={},
      body= {}
     
[10/18/2020, 12:43:51 PM] error: Internal Server Error
[10/18/2020, 12:45:33 PM] info: 
      method= GET,
      url= http://localhost:4000/users,
      query parameters ={},
      body= {}
     
[10/18/2020, 12:45:33 PM] error: Internal Server Error
[10/18/2020, 12:47:13 PM] info: 
      method= GET,
      url= http://localhost:4000/users,
      query parameters ={},
      body= {}
     
[10/18/2020, 12:47:13 PM] error: Internal Server Error
[10/18/2020, 12:53:53 PM] info: 
      method= GET,
      url= http://localhost:4000/users/sdf43t43,
      query parameters ={},
      body= {}
     
[10/18/2020, 12:54:24 PM] info: 
      method= GET,
      url= http://localhost:4000/users/er2453sdf43t43,
      query parameters ={},
      body= {}
     
[10/18/2020, 12:57:57 PM] info: 
      method= GET,
      url= http://localhost:4000/users/er2453sdf43t43,
      query parameters ={},
      body= {}
     
[10/18/2020, 12:57:57 PM] error: Internal Server Error
[10/18/2020, 12:59:52 PM] info: 
      method= GET,
      url= http://localhost:4000/users,
      query parameters ={},
      body= {}
     
[10/18/2020, 12:59:52 PM] error: Internal Server Error
[10/18/2020, 1:11:26 PM] info: 
      method= GET,
      url= http://localhost:4000/users,
      query parameters ={},
      body= {}
     
[10/18/2020, 1:11:27 PM] error: Internal Server Error
[10/18/2020, 1:11:27 PM] info: 
      method= POST,
      url= http://localhost:4000/users,
      query parameters ={},
      body= {"name":"TEST_USER","login":"test_user","password":"T35t_P@55w0rd"}
     
[10/18/2020, 1:11:27 PM] info: 
      method= GET,
      url= http://localhost:4000/users/a8a59745-a75a-448d-9e45-cdd51b59c0c4,
      query parameters ={},
      body= {}
     
[10/18/2020, 1:11:27 PM] info: 
      method= DELETE,
      url= http://localhost:4000/users/a8a59745-a75a-448d-9e45-cdd51b59c0c4,
      query parameters ={},
      body= {}
     
[10/18/2020, 1:11:27 PM] info: 
      method= POST,
      url= http://localhost:4000/users,
      query parameters ={},
      body= {"name":"TEST_USER","login":"test_user","password":"T35t_P@55w0rd"}
     
[10/18/2020, 1:11:27 PM] info: 
      method= DELETE,
      url= http://localhost:4000/users/f1f0c278-98bf-4169-a223-5396f8ed1735,
      query parameters ={},
      body= {}
     
[10/18/2020, 1:11:27 PM] info: 
      method= POST,
      url= http://localhost:4000/users,
      query parameters ={},
      body= {"name":"TEST_USER","login":"test_user","password":"T35t_P@55w0rd"}
     
[10/18/2020, 1:11:27 PM] info: 
      method= PUT,
      url= http://localhost:4000/users/e23f3161-8887-4824-8cda-a0c91a51d5b6,
      query parameters ={},
      body= {"name":"Autotest updated TEST_USER","login":"test_user","password":"T35t_P@55w0rd","id":"e23f3161-8887-4824-8cda-a0c91a51d5b6"}
     
[10/18/2020, 1:11:27 PM] info: 
      method= GET,
      url= http://localhost:4000/users/e23f3161-8887-4824-8cda-a0c91a51d5b6,
      query parameters ={},
      body= {}
     
[10/18/2020, 1:11:27 PM] info: 
      method= DELETE,
      url= http://localhost:4000/users/e23f3161-8887-4824-8cda-a0c91a51d5b6,
      query parameters ={},
      body= {}
     
[10/18/2020, 1:11:27 PM] info: 
      method= POST,
      url= http://localhost:4000/users,
      query parameters ={},
      body= {"name":"TEST_USER","login":"test_user","password":"T35t_P@55w0rd"}
     
[10/18/2020, 1:11:27 PM] info: 
      method= DELETE,
      url= http://localhost:4000/users/75b11b17-b962-4ea6-b0a0-fd737af6b75e,
      query parameters ={},
      body= {}
     
[10/18/2020, 1:11:27 PM] info: 
      method= POST,
      url= http://localhost:4000/users,
      query parameters ={},
      body= {"name":"TEST_USER","login":"test_user","password":"T35t_P@55w0rd"}
     
[10/18/2020, 1:11:27 PM] info: 
      method= POST,
      url= http://localhost:4000/boards,
      query parameters ={},
      body= {"title":"Autotest board","columns":[{"title":"Backlog","order":1},{"title":"Sprint","order":2}]}
     
[10/18/2020, 1:11:27 PM] info: 
      method= POST,
      url= http://localhost:4000/boards/255308dc-3c1c-4eb0-9c73-44b2f8ec2834/tasks,
      query parameters ={},
      body= {"title":"Task #1","order":1,"description":"Lorem ipsum","userId":"446c28d8-e74c-4363-aa24-65080b305fea","boardId":"255308dc-3c1c-4eb0-9c73-44b2f8ec2834"}
     
[10/18/2020, 1:11:27 PM] info: 
      method= POST,
      url= http://localhost:4000/boards/255308dc-3c1c-4eb0-9c73-44b2f8ec2834/tasks,
      query parameters ={},
      body= {"title":"Task #2","order":2,"description":"Lorem ipsum","userId":"446c28d8-e74c-4363-aa24-65080b305fea","boardId":"255308dc-3c1c-4eb0-9c73-44b2f8ec2834"}
     
[10/18/2020, 1:11:27 PM] info: 
      method= DELETE,
      url= http://localhost:4000/users/446c28d8-e74c-4363-aa24-65080b305fea,
      query parameters ={},
      body= {}
     
[10/18/2020, 1:11:27 PM] info: 
      method= GET,
      url= http://localhost:4000/boards/255308dc-3c1c-4eb0-9c73-44b2f8ec2834/tasks/0b5180b8-653c-490d-8d5d-477058357438,
      query parameters ={},
      body= {}
     
[10/18/2020, 1:11:27 PM] info: 
      method= GET,
      url= http://localhost:4000/boards/255308dc-3c1c-4eb0-9c73-44b2f8ec2834/tasks/b9c5809b-0cc5-4cbb-ae5e-acaa1cc0616f,
      query parameters ={},
      body= {}
     
[10/18/2020, 1:11:27 PM] info: 
      method= DELETE,
      url= http://localhost:4000/boards/255308dc-3c1c-4eb0-9c73-44b2f8ec2834/tasks/0b5180b8-653c-490d-8d5d-477058357438,
      query parameters ={},
      body= {}
     
[10/18/2020, 1:11:27 PM] info: 
      method= DELETE,
      url= http://localhost:4000/boards/255308dc-3c1c-4eb0-9c73-44b2f8ec2834/tasks/b9c5809b-0cc5-4cbb-ae5e-acaa1cc0616f,
      query parameters ={},
      body= {}
     
[10/18/2020, 1:11:27 PM] info: 
      method= DELETE,
      url= http://localhost:4000/boards/255308dc-3c1c-4eb0-9c73-44b2f8ec2834,
      query parameters ={},
      body= {}
     
[10/18/2020, 1:11:27 PM] info: 
      method= POST,
      url= http://localhost:4000/boards,
      query parameters ={},
      body= {"title":"Autotest board","columns":[{"title":"Backlog","order":1},{"title":"Sprint","order":2}]}
     
[10/18/2020, 1:11:27 PM] info: 
      method= GET,
      url= http://localhost:4000/boards,
      query parameters ={},
      body= {}
     
[10/18/2020, 1:11:27 PM] info: 
      method= GET,
      url= http://localhost:4000/boards,
      query parameters ={},
      body= {}
     
[10/18/2020, 1:11:27 PM] info: 
      method= GET,
      url= http://localhost:4000/boards/e2b29bd0-b396-473b-a97d-cae05731efcf,
      query parameters ={},
      body= {}
     
[10/18/2020, 1:11:27 PM] info: 
      method= POST,
      url= http://localhost:4000/boards,
      query parameters ={},
      body= {"title":"Autotest board","columns":[{"title":"Backlog","order":1},{"title":"Sprint","order":2}]}
     
[10/18/2020, 1:11:27 PM] info: 
      method= DELETE,
      url= http://localhost:4000/boards/3ab1e6ef-3c00-43be-a289-55cdfa89e6ad,
      query parameters ={},
      body= {}
     
[10/18/2020, 1:11:27 PM] info: 
      method= POST,
      url= http://localhost:4000/boards,
      query parameters ={},
      body= {"title":"Autotest board","columns":[{"title":"Backlog","order":1},{"title":"Sprint","order":2}]}
     
[10/18/2020, 1:11:27 PM] info: 
      method= PUT,
      url= http://localhost:4000/boards/70fb70a9-b322-4445-89e5-4c9b2ee2dc19,
      query parameters ={},
      body= {"id":"70fb70a9-b322-4445-89e5-4c9b2ee2dc19","title":"Autotest updated board","columns":[{"title":"Backlog","order":1},{"title":"Sprint","order":2}]}
     
[10/18/2020, 1:11:27 PM] info: 
      method= GET,
      url= http://localhost:4000/boards/70fb70a9-b322-4445-89e5-4c9b2ee2dc19,
      query parameters ={},
      body= {}
     
[10/18/2020, 1:11:27 PM] info: 
      method= DELETE,
      url= http://localhost:4000/boards/70fb70a9-b322-4445-89e5-4c9b2ee2dc19,
      query parameters ={},
      body= {}
     
[10/18/2020, 1:11:27 PM] info: 
      method= POST,
      url= http://localhost:4000/boards,
      query parameters ={},
      body= {"title":"Autotest board","columns":[{"title":"Backlog","order":1},{"title":"Sprint","order":2}]}
     
[10/18/2020, 1:11:27 PM] info: 
      method= DELETE,
      url= http://localhost:4000/boards/56d07f45-e031-44e6-a436-4fa98b877f2c,
      query parameters ={},
      body= {}
     
[10/18/2020, 1:11:27 PM] info: 
      method= GET,
      url= http://localhost:4000/boards/56d07f45-e031-44e6-a436-4fa98b877f2c,
      query parameters ={},
      body= {}
     
[10/18/2020, 1:11:27 PM] info: 
      method= POST,
      url= http://localhost:4000/boards,
      query parameters ={},
      body= {"title":"Autotest board","columns":[{"title":"Backlog","order":1},{"title":"Sprint","order":2}]}
     
[10/18/2020, 1:11:27 PM] info: 
      method= POST,
      url= http://localhost:4000/boards/1dd4f2f3-863d-4569-ab9d-cfd30e2fd20d/tasks,
      query parameters ={},
      body= {"title":"Task #1","order":1,"description":"Lorem ipsum","boardId":"1dd4f2f3-863d-4569-ab9d-cfd30e2fd20d","userId":null,"columnId":null}
     
[10/18/2020, 1:11:27 PM] info: 
      method= POST,
      url= http://localhost:4000/boards/1dd4f2f3-863d-4569-ab9d-cfd30e2fd20d/tasks,
      query parameters ={},
      body= {"title":"Task #2","order":2,"description":"Lorem ipsum","boardId":"1dd4f2f3-863d-4569-ab9d-cfd30e2fd20d","userId":null,"columnId":null}
     
[10/18/2020, 1:11:27 PM] info: 
      method= POST,
      url= http://localhost:4000/boards/1dd4f2f3-863d-4569-ab9d-cfd30e2fd20d/tasks,
      query parameters ={},
      body= {"title":"Task #3","order":3,"description":"Lorem ipsum","boardId":"1dd4f2f3-863d-4569-ab9d-cfd30e2fd20d","userId":null,"columnId":null}
     
[10/18/2020, 1:11:27 PM] info: 
      method= POST,
      url= http://localhost:4000/boards/1dd4f2f3-863d-4569-ab9d-cfd30e2fd20d/tasks,
      query parameters ={},
      body= {"title":"Task #4","order":4,"description":"Lorem ipsum","boardId":"1dd4f2f3-863d-4569-ab9d-cfd30e2fd20d","userId":null,"columnId":null}
     
[10/18/2020, 1:11:27 PM] info: 
      method= POST,
      url= http://localhost:4000/boards/1dd4f2f3-863d-4569-ab9d-cfd30e2fd20d/tasks,
      query parameters ={},
      body= {"title":"Task #5","order":5,"description":"Lorem ipsum","boardId":"1dd4f2f3-863d-4569-ab9d-cfd30e2fd20d","userId":null,"columnId":null}
     
[10/18/2020, 1:11:27 PM] info: 
      method= GET,
      url= http://localhost:4000/boards/1dd4f2f3-863d-4569-ab9d-cfd30e2fd20d/tasks/4de469ae-4192-4340-8160-1e4c4984d343,
      query parameters ={},
      body= {}
     
[10/18/2020, 1:11:27 PM] info: 
      method= GET,
      url= http://localhost:4000/boards/1dd4f2f3-863d-4569-ab9d-cfd30e2fd20d/tasks/09b9d189-612a-4233-9ac0-146ce5f4b8db,
      query parameters ={},
      body= {}
     
[10/18/2020, 1:11:27 PM] info: 
      method= GET,
      url= http://localhost:4000/boards/1dd4f2f3-863d-4569-ab9d-cfd30e2fd20d/tasks/5b5d6fad-4447-439e-95d2-bbf376c705d8,
      query parameters ={},
      body= {}
     
[10/18/2020, 1:11:27 PM] info: 
      method= GET,
      url= http://localhost:4000/boards/1dd4f2f3-863d-4569-ab9d-cfd30e2fd20d/tasks/80942b28-e9c8-405d-970a-46f0867e44f9,
      query parameters ={},
      body= {}
     
[10/18/2020, 1:11:27 PM] info: 
      method= GET,
      url= http://localhost:4000/boards/1dd4f2f3-863d-4569-ab9d-cfd30e2fd20d/tasks/a8b2d260-d6b7-4501-ae5e-a1ab9f8886e5,
      query parameters ={},
      body= {}
     
[10/18/2020, 1:11:27 PM] info: 
      method= DELETE,
      url= http://localhost:4000/boards/1dd4f2f3-863d-4569-ab9d-cfd30e2fd20d,
      query parameters ={},
      body= {}
     
[10/18/2020, 1:11:27 PM] info: 
      method= GET,
      url= http://localhost:4000/boards/1dd4f2f3-863d-4569-ab9d-cfd30e2fd20d/tasks/4de469ae-4192-4340-8160-1e4c4984d343,
      query parameters ={},
      body= {}
     
[10/18/2020, 1:11:27 PM] info: 
      method= GET,
      url= http://localhost:4000/boards/1dd4f2f3-863d-4569-ab9d-cfd30e2fd20d/tasks/09b9d189-612a-4233-9ac0-146ce5f4b8db,
      query parameters ={},
      body= {}
     
[10/18/2020, 1:11:27 PM] info: 
      method= GET,
      url= http://localhost:4000/boards/1dd4f2f3-863d-4569-ab9d-cfd30e2fd20d/tasks/5b5d6fad-4447-439e-95d2-bbf376c705d8,
      query parameters ={},
      body= {}
     
[10/18/2020, 1:11:27 PM] info: 
      method= GET,
      url= http://localhost:4000/boards/1dd4f2f3-863d-4569-ab9d-cfd30e2fd20d/tasks/80942b28-e9c8-405d-970a-46f0867e44f9,
      query parameters ={},
      body= {}
     
[10/18/2020, 1:11:27 PM] info: 
      method= GET,
      url= http://localhost:4000/boards/1dd4f2f3-863d-4569-ab9d-cfd30e2fd20d/tasks/a8b2d260-d6b7-4501-ae5e-a1ab9f8886e5,
      query parameters ={},
      body= {}
     
[10/18/2020, 1:11:27 PM] info: 
      method= DELETE,
      url= http://localhost:4000/boards/d6bc1547-9f2a-46ec-8d86-1561f11a94af,
      query parameters ={},
      body= {}
     
[10/18/2020, 1:11:28 PM] info: 
      method= POST,
      url= http://localhost:4000/boards,
      query parameters ={},
      body= {"title":"Autotest board","columns":[{"title":"Backlog","order":1},{"title":"Sprint","order":2}]}
     
[10/18/2020, 1:11:28 PM] info: 
      method= POST,
      url= http://localhost:4000/boards/4d5d2930-50d3-4205-85dd-bce004df3cbd/tasks,
      query parameters ={},
      body= {"title":"Autotest task","order":0,"description":"Lorem ipsum","userId":null,"boardId":null,"columnId":null}
     
[10/18/2020, 1:11:28 PM] info: 
      method= GET,
      url= http://localhost:4000/boards/4d5d2930-50d3-4205-85dd-bce004df3cbd/tasks,
      query parameters ={},
      body= {}
     
[10/18/2020, 1:11:28 PM] info: 
      method= GET,
      url= http://localhost:4000/boards/4d5d2930-50d3-4205-85dd-bce004df3cbd/tasks,
      query parameters ={},
      body= {}
     
[10/18/2020, 1:11:28 PM] info: 
      method= GET,
      url= http://localhost:4000/boards/4d5d2930-50d3-4205-85dd-bce004df3cbd/tasks/6bcae15e-2e37-4eb9-8fb1-8c01ad39073d,
      query parameters ={},
      body= {}
     
[10/18/2020, 1:11:28 PM] info: 
      method= POST,
      url= http://localhost:4000/boards/4d5d2930-50d3-4205-85dd-bce004df3cbd/tasks,
      query parameters ={},
      body= {"title":"Autotest task","order":0,"description":"Lorem ipsum","userId":null,"boardId":null,"columnId":null}
     
[10/18/2020, 1:11:28 PM] info: 
      method= DELETE,
      url= http://localhost:4000/boards/4d5d2930-50d3-4205-85dd-bce004df3cbd/tasks/4f39d998-5694-40ea-9a6a-e9a96373ce1e,
      query parameters ={},
      body= {}
     
[10/18/2020, 1:11:28 PM] info: 
      method= POST,
      url= http://localhost:4000/boards/4d5d2930-50d3-4205-85dd-bce004df3cbd/tasks,
      query parameters ={},
      body= {"title":"Autotest task","order":0,"description":"Lorem ipsum","userId":null,"boardId":null,"columnId":null}
     
[10/18/2020, 1:11:28 PM] info: 
      method= PUT,
      url= http://localhost:4000/boards/4d5d2930-50d3-4205-85dd-bce004df3cbd/tasks/3f8b1667-f2ff-4e93-9e82-90bfd41f7039,
      query parameters ={},
      body= {"id":"3f8b1667-f2ff-4e93-9e82-90bfd41f7039","title":"Autotest updated task","order":0,"description":"Lorem ipsum","userId":null,"boardId":"4d5d2930-50d3-4205-85dd-bce004df3cbd","columnId":null}
     
[10/18/2020, 1:11:28 PM] info: 
      method= GET,
      url= http://localhost:4000/boards/4d5d2930-50d3-4205-85dd-bce004df3cbd/tasks/3f8b1667-f2ff-4e93-9e82-90bfd41f7039,
      query parameters ={},
      body= {}
     
[10/18/2020, 1:11:28 PM] info: 
      method= GET,
      url= http://localhost:4000/boards/4d5d2930-50d3-4205-85dd-bce004df3cbd/tasks/6bcae15e-2e37-4eb9-8fb1-8c01ad39073d,
      query parameters ={},
      body= {}
     
[10/18/2020, 1:11:28 PM] info: 
      method= DELETE,
      url= http://localhost:4000/boards/4d5d2930-50d3-4205-85dd-bce004df3cbd/tasks/6bcae15e-2e37-4eb9-8fb1-8c01ad39073d,
      query parameters ={},
      body= {}
     
[10/18/2020, 1:11:28 PM] info: 
      method= GET,
      url= http://localhost:4000/boards/4d5d2930-50d3-4205-85dd-bce004df3cbd/tasks/6bcae15e-2e37-4eb9-8fb1-8c01ad39073d,
      query parameters ={},
      body= {}
     
[10/18/2020, 1:11:28 PM] info: 
      method= DELETE,
      url= http://localhost:4000/boards/4d5d2930-50d3-4205-85dd-bce004df3cbd,
      query parameters ={},
      body= {}
     
