[10/31/2020, 12:24:28 PM] error: Unhandled rejection detected: querySrv ESERVFAIL _mongodb._tcp.rest.dsac3.mongodb.net
[10/31/2020, 12:36:18 PM] info: 
      method= GET,
      url= http://localhost:4000/doc/,
      query parameters ={},
      body= {}
     
[10/31/2020, 12:36:18 PM] info: 
      method= GET,
      url= http://localhost:4000/doc/swagger-ui.css,
      query parameters ={},
      body= {}
     
[10/31/2020, 12:36:18 PM] info: 
      method= GET,
      url= http://localhost:4000/doc/swagger-ui-bundle.js,
      query parameters ={},
      body= {}
     
[10/31/2020, 12:36:18 PM] info: 
      method= GET,
      url= http://localhost:4000/doc/swagger-ui-standalone-preset.js,
      query parameters ={},
      body= {}
     
[10/31/2020, 12:36:18 PM] info: 
      method= GET,
      url= http://localhost:4000/doc/swagger-ui-init.js,
      query parameters ={},
      body= {}
     
[10/31/2020, 12:36:19 PM] info: 
      method= GET,
      url= http://localhost:4000/doc/favicon-16x16.png,
      query parameters ={},
      body= {}
     
[10/31/2020, 12:42:19 PM] info: 
      method= POST,
      url= http://localhost:4000/login,
      query parameters ={},
      body= {"login":"string","password":"string"}
     
[10/31/2020, 4:12:17 PM] info: 
      method= POST,
      url= http://localhost:4000/login,
      query parameters ={},
      body= {"login":"string","password":"string"}
     
[10/31/2020, 4:12:57 PM] info: 
      method= POST,
      url= http://localhost:4000/login,
      query parameters ={},
      body= {"login":"rrrrrrrr","password":"EEee33@@"}
     
[10/31/2020, 4:14:06 PM] info: 
      method= POST,
      url= http://localhost:4000/login,
      query parameters ={},
      body= {"login":"rrrrrrrr","password":"EEee33@@"}
     
[10/31/2020, 4:14:44 PM] info: 
      method= POST,
      url= http://localhost:4000/login,
      query parameters ={},
      body= {"login":"rrrrrrrr","password":"EEee33@@"}
     
[10/31/2020, 4:16:08 PM] info: 
      method= POST,
      url= http://localhost:4000/login,
      query parameters ={},
      body= {"login":"rrrrrrrr","password":"EEee33@@"}
     
[10/31/2020, 4:16:48 PM] info: 
      method= POST,
      url= http://localhost:4000/login,
      query parameters ={},
      body= {"login":"rrrrrrrr","password":"EEee33@@"}
     
[10/31/2020, 4:17:39 PM] info: 
      method= POST,
      url= http://localhost:4000/login,
      query parameters ={},
      body= {"login":"rrrrrrrr","password":"EEee33@@"}
     
[10/31/2020, 4:18:10 PM] info: 
      method= POST,
      url= http://localhost:4000/login,
      query parameters ={},
      body= {"login":"rrrrrrrr","password":"EEee33@@"}
     
[10/31/2020, 4:18:10 PM] error: Internal Server Error. StatusCode 500.
[10/31/2020, 4:23:29 PM] info: 
      method= POST,
      url= http://localhost:4000/login,
      query parameters ={},
      body= {"login":"rrrrrrrr","password":"EEee33@@"}
     
[10/31/2020, 4:23:29 PM] error: Internal Server Error. StatusCode 500.
[10/31/2020, 4:23:45 PM] info: 
      method= POST,
      url= http://localhost:4000/login,
      query parameters ={},
      body= {"login":"rrrrrrrr","password":"rr"}
     
[10/31/2020, 4:23:55 PM] info: 
      method= POST,
      url= http://localhost:4000/login,
      query parameters ={},
      body= {"login":"rrrrrrrr","password":"EEee33@@"}
     
[10/31/2020, 4:23:55 PM] error: Internal Server Error. StatusCode 500.
[10/31/2020, 6:32:37 PM] info: 
      method= GET,
      url= http://localhost:4000/doc/,
      query parameters ={},
      body= {}
     
[10/31/2020, 6:32:38 PM] info: 
      method= GET,
      url= http://localhost:4000/doc/swagger-ui.css,
      query parameters ={},
      body= {}
     
[10/31/2020, 6:32:38 PM] info: 
      method= GET,
      url= http://localhost:4000/doc/swagger-ui-standalone-preset.js,
      query parameters ={},
      body= {}
     
[10/31/2020, 6:32:38 PM] info: 
      method= GET,
      url= http://localhost:4000/doc/swagger-ui-bundle.js,
      query parameters ={},
      body= {}
     
[10/31/2020, 6:32:38 PM] info: 
      method= GET,
      url= http://localhost:4000/doc/swagger-ui-init.js,
      query parameters ={},
      body= {}
     
[10/31/2020, 6:32:39 PM] info: 
      method= GET,
      url= http://localhost:4000/doc/favicon-16x16.png,
      query parameters ={},
      body= {}
     
[10/31/2020, 6:32:58 PM] info: 
      method= POST,
      url= http://localhost:4000/users,
      query parameters ={},
      body= {"name":"admin","login":"admin","password":"@@22WWww"}
     
[10/31/2020, 7:19:25 PM] info: 
      method= POST,
      url= http://localhost:4000/users,
      query parameters ={},
      body= {"name":"admin","login":"admin","password":"@@22WWww"}
     
[10/31/2020, 7:21:28 PM] info: 
      method= POST,
      url= http://localhost:4000/login,
      query parameters ={},
      body= {"login":"admin","password":"string"}
     
[10/31/2020, 7:21:39 PM] info: 
      method= POST,
      url= http://localhost:4000/login,
      query parameters ={},
      body= {"login":"admin","password":"@@22WWww"}
     
[10/31/2020, 7:21:39 PM] error: Internal Server Error. StatusCode 500.
[10/31/2020, 7:22:43 PM] info: 
      method= POST,
      url= http://localhost:4000/login,
      query parameters ={},
      body= {"login":"admin","password":"@@22WWww"}
     
[10/31/2020, 7:22:43 PM] error: Internal Server Error. StatusCode 500.
[10/31/2020, 7:23:05 PM] info: 
      method= POST,
      url= http://localhost:4000/login,
      query parameters ={},
      body= {"login":"admin","password":"@@22WWww"}
     
[10/31/2020, 7:23:05 PM] error: Internal Server Error. StatusCode 500.
[10/31/2020, 7:24:02 PM] info: 
      method= POST,
      url= http://localhost:4000/login,
      query parameters ={},
      body= {"login":"admin","password":"@@22WWww"}
     
[10/31/2020, 7:25:14 PM] info: 
      method= POST,
      url= http://localhost:4000/login,
      query parameters ={},
      body= {"login":"admin","password":"@@22WWww"}
     
[10/31/2020, 7:25:56 PM] info: 
      method= POST,
      url= http://localhost:4000/login,
      query parameters ={},
      body= {"login":"admin","password":"@@22WWww"}
     
[10/31/2020, 7:25:56 PM] error: Internal Server Error. StatusCode 500.
[10/31/2020, 7:26:47 PM] info: 
      method= POST,
      url= http://localhost:4000/login,
      query parameters ={},
      body= {"login":"admin","password":"@@22WWww"}
     
[10/31/2020, 7:26:47 PM] error: Internal Server Error. StatusCode 500.
[10/31/2020, 7:27:21 PM] info: 
      method= POST,
      url= http://localhost:4000/login,
      query parameters ={},
      body= {"login":"admin","password":"@@22WWww"}
     
[10/31/2020, 7:27:21 PM] error: Internal Server Error. StatusCode 500.
[10/31/2020, 7:27:47 PM] info: 
      method= POST,
      url= http://localhost:4000/login,
      query parameters ={},
      body= {"login":"admin","password":"@@22WWww"}
     
[10/31/2020, 7:27:47 PM] error: Internal Server Error. StatusCode 500.
[10/31/2020, 7:34:00 PM] info: 
      method= POST,
      url= http://localhost:4000/login,
      query parameters ={},
      body= {"login":"admin","password":"@@22WWww"}
     
