[10/19/2020, 12:09:45 PM] info: 
      method= GET,
      url= http://localhost:4000/doc/,
      query parameters ={},
      body= {}
     
[10/19/2020, 12:09:46 PM] info: 
      method= GET,
      url= http://localhost:4000/doc/swagger-ui.css,
      query parameters ={},
      body= {}
     
[10/19/2020, 12:09:46 PM] info: 
      method= GET,
      url= http://localhost:4000/doc/swagger-ui-bundle.js,
      query parameters ={},
      body= {}
     
[10/19/2020, 12:09:47 PM] info: 
      method= GET,
      url= http://localhost:4000/doc/swagger-ui-standalone-preset.js,
      query parameters ={},
      body= {}
     
[10/19/2020, 12:09:47 PM] info: 
      method= GET,
      url= http://localhost:4000/doc/swagger-ui-init.js,
      query parameters ={},
      body= {}
     
[10/19/2020, 12:10:00 PM] info: 
      method= GET,
      url= http://localhost:4000/boards,
      query parameters ={},
      body= {}
     
[10/19/2020, 12:10:14 PM] info: 
      method= GET,
      url= http://localhost:4000/boards/444/tasks,
      query parameters ={},
      body= {}
     
[10/19/2020, 12:10:53 PM] info: 
      method= GET,
      url= http://localhost:4000/boards/4445/tasks,
      query parameters ={},
      body= {}
     
[10/19/2020, 12:10:53 PM] error: Client Error. StatusCode 404. The tasks with boardId: 4445 was not found
[10/19/2020, 12:11:08 PM] info: 
      method= GET,
      url= http://localhost:4000/boards/444/tasks,
      query parameters ={},
      body= {}
     
[10/19/2020, 12:11:30 PM] info: 
      method= POST,
      url= http://localhost:4000/boards/444/tasks,
      query parameters ={},
      body= {"title":"string","order":0,"description":"string","userId":"string","boardId":"string","columnId":"string"}
     
[10/19/2020, 12:11:43 PM] info: 
      method= POST,
      url= http://localhost:4000/boards/4445/tasks,
      query parameters ={},
      body= {"title":"string","order":0,"description":"string","userId":"string","boardId":"string","columnId":"string"}
     
[10/19/2020, 12:24:50 PM] info: 
      method= POST,
      url= http://localhost:4000/boards/4445/tasks,
      query parameters ={},
      body= {"title":"string","order":0,"description":"string","userId":"string","boardId":"string","columnId":"string"}
     
[10/19/2020, 12:32:47 PM] info: 
      method= POST,
      url= http://localhost:4000/boards/4445/tasks,
      query parameters ={},
      body= {"title":"string","order":0,"description":"string","userId":"string","boardId":"string","columnId":"string"}
     
[10/19/2020, 12:32:47 PM] error: Client Error. StatusCode 404. The board with id: 4445 was not found
[10/19/2020, 12:33:19 PM] info: 
      method= GET,
      url= http://localhost:4000/doc/,
      query parameters ={},
      body= {}
     
[10/19/2020, 12:33:19 PM] info: 
      method= GET,
      url= http://localhost:4000/doc/swagger-ui.css,
      query parameters ={},
      body= {}
     
[10/19/2020, 12:33:19 PM] info: 
      method= GET,
      url= http://localhost:4000/doc/swagger-ui-bundle.js,
      query parameters ={},
      body= {}
     
[10/19/2020, 12:33:19 PM] info: 
      method= GET,
      url= http://localhost:4000/doc/swagger-ui-standalone-preset.js,
      query parameters ={},
      body= {}
     
[10/19/2020, 12:33:19 PM] info: 
      method= GET,
      url= http://localhost:4000/doc/swagger-ui-init.js,
      query parameters ={},
      body= {}
     
[10/19/2020, 12:33:20 PM] info: 
      method= GET,
      url= http://localhost:4000/doc/favicon-16x16.png,
      query parameters ={},
      body= {}
     
[10/19/2020, 12:33:35 PM] info: 
      method= GET,
      url= http://localhost:4000/boards/444/tasks,
      query parameters ={},
      body= {}
     
[10/19/2020, 12:33:50 PM] info: 
      method= POST,
      url= http://localhost:4000/boards/4445/tasks,
      query parameters ={},
      body= {"title":"string","order":0,"description":"string","userId":"string","boardId":"string","columnId":"string"}
     
[10/19/2020, 12:33:50 PM] error: Client Error. StatusCode 404. The board with id: 4445 was not found
[10/19/2020, 12:34:04 PM] info: 
      method= GET,
      url= http://localhost:4000/boards/444/tasks,
      query parameters ={},
      body= {}
     
[10/19/2020, 12:34:21 PM] info: 
      method= POST,
      url= http://localhost:4000/boards/444/tasks,
      query parameters ={},
      body= {"title":"string","order":0,"description":"string","userId":"string","boardId":"string","columnId":"string"}
     
[10/19/2020, 12:34:21 PM] error: Client Error. StatusCode 404. The board with id: 444 was not found
[10/19/2020, 12:34:51 PM] info: 
      method= GET,
      url= http://localhost:4000/boards/444/tasks,
      query parameters ={},
      body= {}
     
[10/19/2020, 12:37:50 PM] info: 
      method= GET,
      url= http://localhost:4000/doc/,
      query parameters ={},
      body= {}
     
[10/19/2020, 12:37:50 PM] info: 
      method= GET,
      url= http://localhost:4000/doc/swagger-ui.css,
      query parameters ={},
      body= {}
     
[10/19/2020, 12:37:50 PM] info: 
      method= GET,
      url= http://localhost:4000/doc/swagger-ui-bundle.js,
      query parameters ={},
      body= {}
     
[10/19/2020, 12:37:50 PM] info: 
      method= GET,
      url= http://localhost:4000/doc/swagger-ui-standalone-preset.js,
      query parameters ={},
      body= {}
     
[10/19/2020, 12:37:50 PM] info: 
      method= GET,
      url= http://localhost:4000/doc/swagger-ui-init.js,
      query parameters ={},
      body= {}
     
[10/19/2020, 12:37:56 PM] info: 
      method= GET,
      url= http://localhost:4000/boards,
      query parameters ={},
      body= {}
     
[10/19/2020, 12:38:25 PM] info: 
      method= POST,
      url= http://localhost:4000/boards/4c9952e2-f061-4eb1-9633-1c76cfb7dcd6/tasks,
      query parameters ={},
      body= {"title":"string","order":0,"description":"string","userId":"string","boardId":"string","columnId":"string"}
     
[10/19/2020, 12:38:36 PM] info: 
      method= GET,
      url= http://localhost:4000/boards/4c9952e2-f061-4eb1-9633-1c76cfb7dcd6/tasks,
      query parameters ={},
      body= {}
     
[10/19/2020, 12:38:52 PM] info: 
      method= POST,
      url= http://localhost:4000/boards/4c9952e2-f061-4eb1-9633-1c76cfb7dcd65/tasks,
      query parameters ={},
      body= {"title":"string","order":0,"description":"string","userId":"string","boardId":"string","columnId":"string"}
     
[10/19/2020, 12:38:52 PM] error: Client Error. StatusCode 404. The board with id: 4c9952e2-f061-4eb1-9633-1c76cfb7dcd65 was not found
[10/19/2020, 12:40:42 PM] info: 
      method= POST,
      url= http://localhost:4000/boards/4c9952e2-f061-4eb1-9633-1c76cfb7dcd6/tasks,
      query parameters ={},
      body= {"title":"string","order":0,"description":"string","userId":"string","boardId":"string","columnId":"string"}
     
[10/19/2020, 12:40:49 PM] info: 
      method= GET,
      url= http://localhost:4000/boards/4c9952e2-f061-4eb1-9633-1c76cfb7dcd6/tasks,
      query parameters ={},
      body= {}
     
[10/19/2020, 12:41:35 PM] info: 
      method= GET,
      url= http://localhost:4000/boards/4c9952e2-f061-4eb1-9633-1c76cfb7dcd6/tasks/73279e2e-8385-4bd6-b437-fc5734adb21d,
      query parameters ={},
      body= {}
     
[10/19/2020, 12:47:44 PM] info: 
      method= GET,
      url= http://localhost:4000/doc/,
      query parameters ={},
      body= {}
     
[10/19/2020, 12:47:44 PM] info: 
      method= GET,
      url= http://localhost:4000/doc/swagger-ui.css,
      query parameters ={},
      body= {}
     
[10/19/2020, 12:47:44 PM] info: 
      method= GET,
      url= http://localhost:4000/doc/swagger-ui-bundle.js,
      query parameters ={},
      body= {}
     
[10/19/2020, 12:47:44 PM] info: 
      method= GET,
      url= http://localhost:4000/doc/swagger-ui-standalone-preset.js,
      query parameters ={},
      body= {}
     
[10/19/2020, 12:47:44 PM] info: 
      method= GET,
      url= http://localhost:4000/doc/swagger-ui-init.js,
      query parameters ={},
      body= {}
     
[10/19/2020, 12:47:54 PM] info: 
      method= GET,
      url= http://localhost:4000/boards/4445/tasks,
      query parameters ={},
      body= {}
     
[10/19/2020, 12:47:54 PM] error: Client Error. StatusCode 404. The board with id: 4445 was not found
[10/19/2020, 12:48:36 PM] info: 
      method= GET,
      url= http://localhost:4000/boards/444/tasks,
      query parameters ={},
      body= {}
     
[10/19/2020, 12:48:36 PM] error: Client Error. StatusCode 404. The board with id: 444 was not found
[10/19/2020, 12:50:49 PM] info: 
      method= GET,
      url= http://localhost:4000/boards,
      query parameters ={},
      body= {}
     
[10/19/2020, 12:51:01 PM] info: 
      method= GET,
      url= http://localhost:4000/boards/6421ca27-8b66-49d7-96c3-597d112e1a46/tasks,
      query parameters ={},
      body= {}
     
[10/19/2020, 12:51:01 PM] error: Client Error. StatusCode 404. The tasks with boardId: 6421ca27-8b66-49d7-96c3-597d112e1a46 was not found
[10/19/2020, 12:51:24 PM] info: 
      method= POST,
      url= http://localhost:4000/boards/6421ca27-8b66-49d7-96c3-597d112e1a46/tasks,
      query parameters ={},
      body= {"title":"string","order":0,"description":"string","userId":"string","boardId":"string","columnId":"string"}
     
[10/19/2020, 12:51:34 PM] info: 
      method= GET,
      url= http://localhost:4000/boards/6421ca27-8b66-49d7-96c3-597d112e1a46/tasks,
      query parameters ={},
      body= {}
     
[10/19/2020, 12:52:14 PM] info: 
      method= POST,
      url= http://localhost:4000/boards/6421ca27-8b66-49d7-96c3-597d112e1a46/tasks,
      query parameters ={},
      body= {"title":"rrrrrrrrrrrrrrrrrr","order":0,"description":"string","userId":"string","boardId":"string","columnId":"string"}
     
[10/19/2020, 12:52:19 PM] info: 
      method= GET,
      url= http://localhost:4000/boards/6421ca27-8b66-49d7-96c3-597d112e1a46/tasks,
      query parameters ={},
      body= {}
     
[10/19/2020, 12:52:54 PM] info: 
      method= GET,
      url= http://localhost:4000/boards/6421ca27-8b66-49d7-96c3-597d112e1a46/tasks/e17eac40-4675-4484-ae52-b70ed3be0bb1,
      query parameters ={},
      body= {}
     
[10/19/2020, 12:52:54 PM] error: Client Error. StatusCode 404. Cannot access 'task' before initialization
[10/19/2020, 12:53:42 PM] info: 
      method= GET,
      url= http://localhost:4000/boards/6421ca27-8b66-49d7-96c3-597d112e1a46/tasks,
      query parameters ={},
      body= {}
     
[10/19/2020, 12:54:22 PM] info: 
      method= GET,
      url= http://localhost:4000/boards/6421ca27-8b66-49d7-96c3-597d112e1a46/tasks/e17eac40-4675-4484-ae52-b70ed3be0bb1,
      query parameters ={},
      body= {}
     
[10/19/2020, 12:54:22 PM] error: Client Error. StatusCode 404. Cannot access 'task' before initialization
[10/19/2020, 12:58:38 PM] info: 
      method= GET,
      url= http://localhost:4000/boards/6421ca27-8b66-49d7-96c3-597d112e1a46/tasks/e17eac40-4675-4484-ae52-b70ed3be0bb1,
      query parameters ={},
      body= {}
     
[10/19/2020, 12:58:38 PM] error: Client Error. StatusCode 404. The tasks with boardId: 6421ca27-8b66-49d7-96c3-597d112e1a46 was not found
[10/19/2020, 12:58:59 PM] info: 
      method= GET,
      url= http://localhost:4000/boards,
      query parameters ={},
      body= {}
     
[10/19/2020, 12:59:16 PM] info: 
      method= GET,
      url= http://localhost:4000/boards/0b9b618b-9375-42f2-9490-18ff99a4d5aa/tasks,
      query parameters ={},
      body= {}
     
[10/19/2020, 12:59:16 PM] error: Client Error. StatusCode 404. The tasks with boardId: 0b9b618b-9375-42f2-9490-18ff99a4d5aa was not found
[10/19/2020, 12:59:28 PM] info: 
      method= POST,
      url= http://localhost:4000/boards/0b9b618b-9375-42f2-9490-18ff99a4d5aa/tasks,
      query parameters ={},
      body= {"title":"rrrrrrrrrrrrrrrrrr","order":0,"description":"string","userId":"string","boardId":"string","columnId":"string"}
     
[10/19/2020, 12:59:43 PM] info: 
      method= POST,
      url= http://localhost:4000/boards/0b9b618b-9375-42f2-9490-18ff99a4d5aa/tasks,
      query parameters ={},
      body= {"title":"dddddddddddddd","order":0,"description":"string","userId":"string","boardId":"string","columnId":"string"}
     
[10/19/2020, 12:59:47 PM] info: 
      method= GET,
      url= http://localhost:4000/boards/0b9b618b-9375-42f2-9490-18ff99a4d5aa/tasks,
      query parameters ={},
      body= {}
     
[10/19/2020, 1:00:31 PM] info: 
      method= GET,
      url= http://localhost:4000/boards/0b9b618b-9375-42f2-9490-18ff99a4d5aa/tasks/5aa594bd-0f2d-40a6-8bed-bf2d837feeea,
      query parameters ={},
      body= {}
     
[10/19/2020, 1:00:43 PM] info: 
      method= GET,
      url= http://localhost:4000/boards/0b9b618b-9375-42f2-9490-18ff99a4d5aa5/tasks/5aa594bd-0f2d-40a6-8bed-bf2d837feeea,
      query parameters ={},
      body= {}
     
[10/19/2020, 1:00:43 PM] error: Client Error. StatusCode 404. The tasks with boardId: 0b9b618b-9375-42f2-9490-18ff99a4d5aa5 was not found
[10/19/2020, 1:04:19 PM] info: 
      method= GET,
      url= http://localhost:4000/boards,
      query parameters ={},
      body= {}
     
[10/19/2020, 1:04:33 PM] info: 
      method= GET,
      url= http://localhost:4000/boards/9c067816-b594-4ed1-b02f-946e20685d59/tasks,
      query parameters ={},
      body= {}
     
[10/19/2020, 1:04:33 PM] error: Client Error. StatusCode 404. The tasks with boardId: 9c067816-b594-4ed1-b02f-946e20685d59 was not found
[10/19/2020, 1:04:42 PM] info: 
      method= POST,
      url= http://localhost:4000/boards/9c067816-b594-4ed1-b02f-946e20685d59/tasks,
      query parameters ={},
      body= {"title":"dddddddddddddd","order":0,"description":"string","userId":"string","boardId":"string","columnId":"string"}
     
[10/19/2020, 1:04:50 PM] info: 
      method= POST,
      url= http://localhost:4000/boards/9c067816-b594-4ed1-b02f-946e20685d59/tasks,
      query parameters ={},
      body= {"title":"xzxxxxxxxxxxxx","order":0,"description":"string","userId":"string","boardId":"string","columnId":"string"}
     
[10/19/2020, 1:04:54 PM] info: 
      method= GET,
      url= http://localhost:4000/boards/9c067816-b594-4ed1-b02f-946e20685d59/tasks,
      query parameters ={},
      body= {}
     
[10/19/2020, 1:05:37 PM] info: 
      method= GET,
      url= http://localhost:4000/boards/9c067816-b594-4ed1-b02f-946e20685d59/tasks/d3089392-a869-4d2e-9961-73a3db79c3f5,
      query parameters ={},
      body= {}
     
[10/19/2020, 1:05:38 PM] error: Client Error. StatusCode 404. Cannot access 'task' before initialization
[10/19/2020, 1:16:29 PM] info: 
      method= GET,
      url= http://localhost:4000/boards,
      query parameters ={},
      body= {}
     
[10/19/2020, 1:16:43 PM] info: 
      method= GET,
      url= http://localhost:4000/boards/51c7305e-31e5-48e1-8b80-cd4169d0a342/tasks,
      query parameters ={},
      body= {}
     
[10/19/2020, 1:16:43 PM] error: Client Error. StatusCode 404. The tasks with boardId: 51c7305e-31e5-48e1-8b80-cd4169d0a342 was not found
[10/19/2020, 1:16:52 PM] info: 
      method= POST,
      url= http://localhost:4000/boards/51c7305e-31e5-48e1-8b80-cd4169d0a342/tasks,
      query parameters ={},
      body= {"title":"xzxxxxxxxxxxxx","order":0,"description":"string","userId":"string","boardId":"string","columnId":"string"}
     
[10/19/2020, 1:16:59 PM] info: 
      method= POST,
      url= http://localhost:4000/boards/51c7305e-31e5-48e1-8b80-cd4169d0a342/tasks,
      query parameters ={},
      body= {"title":"ffffffffffff","order":0,"description":"string","userId":"string","boardId":"string","columnId":"string"}
     
[10/19/2020, 1:17:05 PM] info: 
      method= GET,
      url= http://localhost:4000/boards/51c7305e-31e5-48e1-8b80-cd4169d0a342/tasks,
      query parameters ={},
      body= {}
     
[10/19/2020, 1:17:32 PM] info: 
      method= GET,
      url= http://localhost:4000/boards/51c7305e-31e5-48e1-8b80-cd4169d0a342/tasks/ce72195c-e4ae-4ba8-955c-e752f0659d31,
      query parameters ={},
      body= {}
     
[10/19/2020, 1:17:50 PM] info: 
      method= GET,
      url= http://localhost:4000/boards/51c7305e-31e5-48e1-8b80-cd4169d0a3425/tasks/ce72195c-e4ae-4ba8-955c-e752f0659d31,
      query parameters ={},
      body= {}
     
[10/19/2020, 1:17:50 PM] error: Client Error. StatusCode 404. The tasks with boardId: 51c7305e-31e5-48e1-8b80-cd4169d0a3425 was not found
[10/19/2020, 1:18:02 PM] info: 
      method= GET,
      url= http://localhost:4000/boards/51c7305e-31e5-48e1-8b80-cd4169d0a342/tasks/ce72195c-e4ae-4ba8-955c-e752f0659d315,
      query parameters ={},
      body= {}
     
[10/19/2020, 1:18:02 PM] error: Client Error. StatusCode 404. The tasks with taskId: ce72195c-e4ae-4ba8-955c-e752f0659d315 was not found
[10/19/2020, 1:19:09 PM] info: 
      method= PUT,
      url= http://localhost:4000/boards/51c7305e-31e5-48e1-8b80-cd4169d0a342/tasks/ce72195c-e4ae-4ba8-955c-e752f0659d315,
      query parameters ={},
      body= {"title":"vvvvvvvvvvvvvvvv","order":0,"description":"string","userId":"string","boardId":"string","columnId":"string"}
     
[10/19/2020, 1:19:09 PM] error: Client Error. StatusCode 404. The tasks with taskId: ce72195c-e4ae-4ba8-955c-e752f0659d315 was not found
[10/19/2020, 1:19:23 PM] info: 
      method= PUT,
      url= http://localhost:4000/boards/51c7305e-31e5-48e1-8b80-cd4169d0a342/tasks/ce72195c-e4ae-4ba8-955c-e752f0659d31,
      query parameters ={},
      body= {"title":"vvvvvvvvvvvvvvvv","order":0,"description":"string","userId":"string","boardId":"string","columnId":"string"}
     
[10/19/2020, 1:19:41 PM] info: 
      method= GET,
      url= http://localhost:4000/boards/51c7305e-31e5-48e1-8b80-cd4169d0a342/tasks,
      query parameters ={},
      body= {}
     
[10/19/2020, 1:20:32 PM] info: 
      method= PUT,
      url= http://localhost:4000/boards/51c7305e-31e5-48e1-8b80-cd4169d0a3425/tasks/ce72195c-e4ae-4ba8-955c-e752f0659d31,
      query parameters ={},
      body= {"title":"vvvvvvvvvvvvvvvv","order":0,"description":"string","userId":"string","boardId":"string","columnId":"string"}
     
[10/19/2020, 1:20:32 PM] error: Client Error. StatusCode 404. The tasks with boardId: 51c7305e-31e5-48e1-8b80-cd4169d0a3425 was not found
[10/19/2020, 1:20:53 PM] info: 
      method= PUT,
      url= http://localhost:4000/boards/51c7305e-31e5-48e1-8b80-cd4169d0a342/tasks/ce72195c-e4ae-4ba8-955c-e752f0659d315,
      query parameters ={},
      body= {"title":"vvvvvvvvvvvvvvvv","order":0,"description":"string","userId":"string","boardId":"string","columnId":"string"}
     
[10/19/2020, 1:20:53 PM] error: Client Error. StatusCode 404. The tasks with taskId: ce72195c-e4ae-4ba8-955c-e752f0659d315 was not found
[10/19/2020, 1:21:40 PM] info: 
      method= DELETE,
      url= http://localhost:4000/boards/51c7305e-31e5-48e1-8b80-cd4169d0a3425/tasks/ce72195c-e4ae-4ba8-955c-e752f0659d31,
      query parameters ={},
      body= {}
     
[10/19/2020, 1:21:40 PM] error: Client Error. StatusCode 404. The tasks with boardId: 51c7305e-31e5-48e1-8b80-cd4169d0a3425 was not found
[10/19/2020, 1:21:57 PM] info: 
      method= DELETE,
      url= http://localhost:4000/boards/51c7305e-31e5-48e1-8b80-cd4169d0a342/tasks/ce72195c-e4ae-4ba8-955c-e752f0659d315,
      query parameters ={},
      body= {}
     
[10/19/2020, 1:21:57 PM] error: Client Error. StatusCode 404. The tasks with taskId: ce72195c-e4ae-4ba8-955c-e752f0659d315 was not found
[10/19/2020, 1:22:09 PM] info: 
      method= DELETE,
      url= http://localhost:4000/boards/51c7305e-31e5-48e1-8b80-cd4169d0a342/tasks/ce72195c-e4ae-4ba8-955c-e752f0659d31,
      query parameters ={},
      body= {}
     
[10/19/2020, 1:34:11 PM] info: 
      method= GET,
      url= http://localhost:4000/boards,
      query parameters ={},
      body= {}
     
[10/19/2020, 1:34:22 PM] info: 
      method= GET,
      url= http://localhost:4000/boards/d530dda8-b201-40a1-89f2-9bcad36a0af3/tasks,
      query parameters ={},
      body= {}
     
[10/19/2020, 1:36:22 PM] info: 
      method= GET,
      url= http://localhost:4000/boards/d530dda8-b201-40a1-89f2-9bcad36a0af3/tasks,
      query parameters ={},
      body= {}
     
[10/19/2020, 1:38:22 PM] info: 
      method= GET,
      url= http://localhost:4000/boards/d530dda8-b201-40a1-89f2-9bcad36a0af3/tasks,
      query parameters ={},
      body= {}
     
[10/19/2020, 1:40:22 PM] info: 
      method= GET,
      url= http://localhost:4000/boards/d530dda8-b201-40a1-89f2-9bcad36a0af3/tasks,
      query parameters ={},
      body= {}
     
[10/19/2020, 1:42:23 PM] info: 
      method= GET,
      url= http://localhost:4000/boards/d530dda8-b201-40a1-89f2-9bcad36a0af3/tasks,
      query parameters ={},
      body= {}
     
[10/19/2020, 1:44:23 PM] info: 
      method= GET,
      url= http://localhost:4000/boards/d530dda8-b201-40a1-89f2-9bcad36a0af3/tasks,
      query parameters ={},
      body= {}
     
[10/19/2020, 1:46:23 PM] info: 
      method= GET,
      url= http://localhost:4000/boards/d530dda8-b201-40a1-89f2-9bcad36a0af3/tasks,
      query parameters ={},
      body= {}
     
[10/19/2020, 1:48:23 PM] info: 
      method= GET,
      url= http://localhost:4000/boards/d530dda8-b201-40a1-89f2-9bcad36a0af3/tasks,
      query parameters ={},
      body= {}
     
[10/19/2020, 1:50:23 PM] info: 
      method= GET,
      url= http://localhost:4000/boards/d530dda8-b201-40a1-89f2-9bcad36a0af3/tasks,
      query parameters ={},
      body= {}
     
[10/19/2020, 1:52:23 PM] info: 
      method= GET,
      url= http://localhost:4000/boards/d530dda8-b201-40a1-89f2-9bcad36a0af3/tasks,
      query parameters ={},
      body= {}
     
[10/19/2020, 1:53:13 PM] info: 
      method= GET,
      url= http://localhost:4000/users,
      query parameters ={},
      body= {}
     
[10/19/2020, 1:53:13 PM] info: 
      method= POST,
      url= http://localhost:4000/users,
      query parameters ={},
      body= {"name":"TEST_USER","login":"test_user","password":"T35t_P@55w0rd"}
     
[10/19/2020, 1:53:13 PM] info: 
      method= GET,
      url= http://localhost:4000/users/72811474-cfa0-4c9d-83a3-4e596d5ac1a2,
      query parameters ={},
      body= {}
     
[10/19/2020, 1:53:13 PM] info: 
      method= DELETE,
      url= http://localhost:4000/users/72811474-cfa0-4c9d-83a3-4e596d5ac1a2,
      query parameters ={},
      body= {}
     
[10/19/2020, 1:53:13 PM] info: 
      method= POST,
      url= http://localhost:4000/users,
      query parameters ={},
      body= {"name":"TEST_USER","login":"test_user","password":"T35t_P@55w0rd"}
     
[10/19/2020, 1:53:13 PM] info: 
      method= DELETE,
      url= http://localhost:4000/users/18921521-99c0-4b44-a6c9-4f5f0766844b,
      query parameters ={},
      body= {}
     
[10/19/2020, 1:53:13 PM] info: 
      method= POST,
      url= http://localhost:4000/users,
      query parameters ={},
      body= {"name":"TEST_USER","login":"test_user","password":"T35t_P@55w0rd"}
     
[10/19/2020, 1:53:13 PM] info: 
      method= PUT,
      url= http://localhost:4000/users/84d6e1eb-7270-4b78-9a24-43f0eed0786d,
      query parameters ={},
      body= {"name":"Autotest updated TEST_USER","login":"test_user","password":"T35t_P@55w0rd","id":"84d6e1eb-7270-4b78-9a24-43f0eed0786d"}
     
[10/19/2020, 1:53:13 PM] info: 
      method= GET,
      url= http://localhost:4000/users/84d6e1eb-7270-4b78-9a24-43f0eed0786d,
      query parameters ={},
      body= {}
     
[10/19/2020, 1:53:13 PM] info: 
      method= DELETE,
      url= http://localhost:4000/users/84d6e1eb-7270-4b78-9a24-43f0eed0786d,
      query parameters ={},
      body= {}
     
[10/19/2020, 1:53:13 PM] info: 
      method= POST,
      url= http://localhost:4000/users,
      query parameters ={},
      body= {"name":"TEST_USER","login":"test_user","password":"T35t_P@55w0rd"}
     
[10/19/2020, 1:53:13 PM] info: 
      method= DELETE,
      url= http://localhost:4000/users/e5942698-558c-4989-bbcc-b8f135689b6d,
      query parameters ={},
      body= {}
     
[10/19/2020, 1:53:13 PM] info: 
      method= POST,
      url= http://localhost:4000/users,
      query parameters ={},
      body= {"name":"TEST_USER","login":"test_user","password":"T35t_P@55w0rd"}
     
[10/19/2020, 1:53:13 PM] info: 
      method= POST,
      url= http://localhost:4000/boards,
      query parameters ={},
      body= {"title":"Autotest board","columns":[{"title":"Backlog","order":1},{"title":"Sprint","order":2}]}
     
[10/19/2020, 1:53:13 PM] info: 
      method= POST,
      url= http://localhost:4000/boards/7d03fb63-26a5-4e36-a3e4-f20afdcdae58/tasks,
      query parameters ={},
      body= {"title":"Task #1","order":1,"description":"Lorem ipsum","userId":"27a3e941-4e90-410a-9ae3-a7aa5356f556","boardId":"7d03fb63-26a5-4e36-a3e4-f20afdcdae58"}
     
[10/19/2020, 1:53:13 PM] info: 
      method= POST,
      url= http://localhost:4000/boards/7d03fb63-26a5-4e36-a3e4-f20afdcdae58/tasks,
      query parameters ={},
      body= {"title":"Task #2","order":2,"description":"Lorem ipsum","userId":"27a3e941-4e90-410a-9ae3-a7aa5356f556","boardId":"7d03fb63-26a5-4e36-a3e4-f20afdcdae58"}
     
[10/19/2020, 1:53:13 PM] info: 
      method= DELETE,
      url= http://localhost:4000/users/27a3e941-4e90-410a-9ae3-a7aa5356f556,
      query parameters ={},
      body= {}
     
[10/19/2020, 1:53:13 PM] info: 
      method= GET,
      url= http://localhost:4000/boards/7d03fb63-26a5-4e36-a3e4-f20afdcdae58/tasks/8fe74fe1-29de-49c0-9cad-e43ca0c57c1b,
      query parameters ={},
      body= {}
     
[10/19/2020, 1:53:13 PM] info: 
      method= GET,
      url= http://localhost:4000/boards/7d03fb63-26a5-4e36-a3e4-f20afdcdae58/tasks/1bc01f93-b8bf-43a6-bc25-dda853a9e90a,
      query parameters ={},
      body= {}
     
[10/19/2020, 1:53:13 PM] info: 
      method= DELETE,
      url= http://localhost:4000/boards/7d03fb63-26a5-4e36-a3e4-f20afdcdae58/tasks/8fe74fe1-29de-49c0-9cad-e43ca0c57c1b,
      query parameters ={},
      body= {}
     
[10/19/2020, 1:53:13 PM] info: 
      method= DELETE,
      url= http://localhost:4000/boards/7d03fb63-26a5-4e36-a3e4-f20afdcdae58/tasks/1bc01f93-b8bf-43a6-bc25-dda853a9e90a,
      query parameters ={},
      body= {}
     
[10/19/2020, 1:53:13 PM] info: 
      method= DELETE,
      url= http://localhost:4000/boards/7d03fb63-26a5-4e36-a3e4-f20afdcdae58,
      query parameters ={},
      body= {}
     
[10/19/2020, 1:53:14 PM] info: 
      method= POST,
      url= http://localhost:4000/boards,
      query parameters ={},
      body= {"title":"Autotest board","columns":[{"title":"Backlog","order":1},{"title":"Sprint","order":2}]}
     
[10/19/2020, 1:53:14 PM] info: 
      method= GET,
      url= http://localhost:4000/boards,
      query parameters ={},
      body= {}
     
[10/19/2020, 1:53:14 PM] info: 
      method= GET,
      url= http://localhost:4000/boards,
      query parameters ={},
      body= {}
     
[10/19/2020, 1:53:14 PM] info: 
      method= GET,
      url= http://localhost:4000/boards/967e6c9a-6a77-4978-8564-130994658b58,
      query parameters ={},
      body= {}
     
[10/19/2020, 1:53:14 PM] info: 
      method= POST,
      url= http://localhost:4000/boards,
      query parameters ={},
      body= {"title":"Autotest board","columns":[{"title":"Backlog","order":1},{"title":"Sprint","order":2}]}
     
[10/19/2020, 1:53:14 PM] info: 
      method= DELETE,
      url= http://localhost:4000/boards/022a070a-3387-4eb0-be1a-9a4baa66675a,
      query parameters ={},
      body= {}
     
[10/19/2020, 1:53:14 PM] info: 
      method= POST,
      url= http://localhost:4000/boards,
      query parameters ={},
      body= {"title":"Autotest board","columns":[{"title":"Backlog","order":1},{"title":"Sprint","order":2}]}
     
[10/19/2020, 1:53:14 PM] info: 
      method= PUT,
      url= http://localhost:4000/boards/29ab5eb9-f9f5-46dc-9525-da2aa6dcc102,
      query parameters ={},
      body= {"id":"29ab5eb9-f9f5-46dc-9525-da2aa6dcc102","title":"Autotest updated board","columns":[{"title":"Backlog","order":1},{"title":"Sprint","order":2}]}
     
[10/19/2020, 1:53:14 PM] info: 
      method= GET,
      url= http://localhost:4000/boards/29ab5eb9-f9f5-46dc-9525-da2aa6dcc102,
      query parameters ={},
      body= {}
     
[10/19/2020, 1:53:14 PM] info: 
      method= DELETE,
      url= http://localhost:4000/boards/29ab5eb9-f9f5-46dc-9525-da2aa6dcc102,
      query parameters ={},
      body= {}
     
[10/19/2020, 1:53:14 PM] info: 
      method= POST,
      url= http://localhost:4000/boards,
      query parameters ={},
      body= {"title":"Autotest board","columns":[{"title":"Backlog","order":1},{"title":"Sprint","order":2}]}
     
[10/19/2020, 1:53:14 PM] info: 
      method= DELETE,
      url= http://localhost:4000/boards/7c7648bc-14e1-44d8-a19d-d58ef900fb6a,
      query parameters ={},
      body= {}
     
[10/19/2020, 1:53:14 PM] info: 
      method= GET,
      url= http://localhost:4000/boards/7c7648bc-14e1-44d8-a19d-d58ef900fb6a,
      query parameters ={},
      body= {}
     
[10/19/2020, 1:53:14 PM] error: Client Error. StatusCode 404. The board with id: 7c7648bc-14e1-44d8-a19d-d58ef900fb6a was not found
[10/19/2020, 1:53:14 PM] info: 
      method= POST,
      url= http://localhost:4000/boards,
      query parameters ={},
      body= {"title":"Autotest board","columns":[{"title":"Backlog","order":1},{"title":"Sprint","order":2}]}
     
[10/19/2020, 1:53:14 PM] info: 
      method= POST,
      url= http://localhost:4000/boards/c65b6ebc-6d1d-4d8e-9537-4c91a67d0dcc/tasks,
      query parameters ={},
      body= {"title":"Task #1","order":1,"description":"Lorem ipsum","boardId":"c65b6ebc-6d1d-4d8e-9537-4c91a67d0dcc","userId":null,"columnId":null}
     
[10/19/2020, 1:53:14 PM] info: 
      method= POST,
      url= http://localhost:4000/boards/c65b6ebc-6d1d-4d8e-9537-4c91a67d0dcc/tasks,
      query parameters ={},
      body= {"title":"Task #2","order":2,"description":"Lorem ipsum","boardId":"c65b6ebc-6d1d-4d8e-9537-4c91a67d0dcc","userId":null,"columnId":null}
     
[10/19/2020, 1:53:14 PM] info: 
      method= POST,
      url= http://localhost:4000/boards/c65b6ebc-6d1d-4d8e-9537-4c91a67d0dcc/tasks,
      query parameters ={},
      body= {"title":"Task #3","order":3,"description":"Lorem ipsum","boardId":"c65b6ebc-6d1d-4d8e-9537-4c91a67d0dcc","userId":null,"columnId":null}
     
[10/19/2020, 1:53:14 PM] info: 
      method= POST,
      url= http://localhost:4000/boards/c65b6ebc-6d1d-4d8e-9537-4c91a67d0dcc/tasks,
      query parameters ={},
      body= {"title":"Task #4","order":4,"description":"Lorem ipsum","boardId":"c65b6ebc-6d1d-4d8e-9537-4c91a67d0dcc","userId":null,"columnId":null}
     
[10/19/2020, 1:53:14 PM] info: 
      method= POST,
      url= http://localhost:4000/boards/c65b6ebc-6d1d-4d8e-9537-4c91a67d0dcc/tasks,
      query parameters ={},
      body= {"title":"Task #5","order":5,"description":"Lorem ipsum","boardId":"c65b6ebc-6d1d-4d8e-9537-4c91a67d0dcc","userId":null,"columnId":null}
     
[10/19/2020, 1:53:14 PM] info: 
      method= GET,
      url= http://localhost:4000/boards/c65b6ebc-6d1d-4d8e-9537-4c91a67d0dcc/tasks/5001897d-a56e-4106-982c-a7d916dc25a3,
      query parameters ={},
      body= {}
     
[10/19/2020, 1:53:14 PM] info: 
      method= GET,
      url= http://localhost:4000/boards/c65b6ebc-6d1d-4d8e-9537-4c91a67d0dcc/tasks/2812c248-1bf7-4162-bf39-5e90a2e8e8c5,
      query parameters ={},
      body= {}
     
[10/19/2020, 1:53:14 PM] info: 
      method= GET,
      url= http://localhost:4000/boards/c65b6ebc-6d1d-4d8e-9537-4c91a67d0dcc/tasks/4c9192bb-e492-4e7b-83bc-2b7199f19926,
      query parameters ={},
      body= {}
     
[10/19/2020, 1:53:14 PM] info: 
      method= GET,
      url= http://localhost:4000/boards/c65b6ebc-6d1d-4d8e-9537-4c91a67d0dcc/tasks/a8d33492-f720-442e-98f4-78cc12dbdec7,
      query parameters ={},
      body= {}
     
[10/19/2020, 1:53:14 PM] info: 
      method= GET,
      url= http://localhost:4000/boards/c65b6ebc-6d1d-4d8e-9537-4c91a67d0dcc/tasks/acf37e14-0358-4311-b54f-ba91a2376624,
      query parameters ={},
      body= {}
     
[10/19/2020, 1:53:14 PM] info: 
      method= DELETE,
      url= http://localhost:4000/boards/c65b6ebc-6d1d-4d8e-9537-4c91a67d0dcc,
      query parameters ={},
      body= {}
     
[10/19/2020, 1:53:14 PM] info: 
      method= GET,
      url= http://localhost:4000/boards/c65b6ebc-6d1d-4d8e-9537-4c91a67d0dcc/tasks/5001897d-a56e-4106-982c-a7d916dc25a3,
      query parameters ={},
      body= {}
     
[10/19/2020, 1:53:14 PM] info: 
      method= GET,
      url= http://localhost:4000/boards/c65b6ebc-6d1d-4d8e-9537-4c91a67d0dcc/tasks/2812c248-1bf7-4162-bf39-5e90a2e8e8c5,
      query parameters ={},
      body= {}
     
[10/19/2020, 1:53:14 PM] info: 
      method= GET,
      url= http://localhost:4000/boards/c65b6ebc-6d1d-4d8e-9537-4c91a67d0dcc/tasks/4c9192bb-e492-4e7b-83bc-2b7199f19926,
      query parameters ={},
      body= {}
     
[10/19/2020, 1:53:14 PM] info: 
      method= GET,
      url= http://localhost:4000/boards/c65b6ebc-6d1d-4d8e-9537-4c91a67d0dcc/tasks/a8d33492-f720-442e-98f4-78cc12dbdec7,
      query parameters ={},
      body= {}
     
[10/19/2020, 1:53:14 PM] info: 
      method= GET,
      url= http://localhost:4000/boards/c65b6ebc-6d1d-4d8e-9537-4c91a67d0dcc/tasks/acf37e14-0358-4311-b54f-ba91a2376624,
      query parameters ={},
      body= {}
     
[10/19/2020, 1:53:14 PM] error: Client Error. StatusCode 404. The tasks with boardId: c65b6ebc-6d1d-4d8e-9537-4c91a67d0dcc was not found
[10/19/2020, 1:53:14 PM] error: Client Error. StatusCode 404. The tasks with boardId: c65b6ebc-6d1d-4d8e-9537-4c91a67d0dcc was not found
[10/19/2020, 1:53:14 PM] error: Client Error. StatusCode 404. The tasks with boardId: c65b6ebc-6d1d-4d8e-9537-4c91a67d0dcc was not found
[10/19/2020, 1:53:14 PM] error: Client Error. StatusCode 404. The tasks with boardId: c65b6ebc-6d1d-4d8e-9537-4c91a67d0dcc was not found
[10/19/2020, 1:53:14 PM] error: Client Error. StatusCode 404. The tasks with boardId: c65b6ebc-6d1d-4d8e-9537-4c91a67d0dcc was not found
[10/19/2020, 1:53:14 PM] info: 
      method= DELETE,
      url= http://localhost:4000/boards/a2656417-d485-468f-b74a-39902c005c43,
      query parameters ={},
      body= {}
     
[10/19/2020, 1:53:14 PM] info: 
      method= POST,
      url= http://localhost:4000/boards,
      query parameters ={},
      body= {"title":"Autotest board","columns":[{"title":"Backlog","order":1},{"title":"Sprint","order":2}]}
     
[10/19/2020, 1:53:14 PM] info: 
      method= POST,
      url= http://localhost:4000/boards/342a1d00-c18d-4456-a7a5-114b5903425e/tasks,
      query parameters ={},
      body= {"title":"Autotest task","order":0,"description":"Lorem ipsum","userId":null,"boardId":null,"columnId":null}
     
[10/19/2020, 1:53:14 PM] info: 
      method= GET,
      url= http://localhost:4000/boards/342a1d00-c18d-4456-a7a5-114b5903425e/tasks,
      query parameters ={},
      body= {}
     
[10/19/2020, 1:53:14 PM] info: 
      method= GET,
      url= http://localhost:4000/boards/342a1d00-c18d-4456-a7a5-114b5903425e/tasks,
      query parameters ={},
      body= {}
     
[10/19/2020, 1:53:14 PM] info: 
      method= GET,
      url= http://localhost:4000/boards/342a1d00-c18d-4456-a7a5-114b5903425e/tasks/9a275c47-9867-44fb-a5a0-574a52c62186,
      query parameters ={},
      body= {}
     
[10/19/2020, 1:53:14 PM] info: 
      method= POST,
      url= http://localhost:4000/boards/342a1d00-c18d-4456-a7a5-114b5903425e/tasks,
      query parameters ={},
      body= {"title":"Autotest task","order":0,"description":"Lorem ipsum","userId":null,"boardId":null,"columnId":null}
     
[10/19/2020, 1:53:14 PM] info: 
      method= DELETE,
      url= http://localhost:4000/boards/342a1d00-c18d-4456-a7a5-114b5903425e/tasks/1405d020-126f-42ab-ada7-574b96274146,
      query parameters ={},
      body= {}
     
[10/19/2020, 1:53:14 PM] info: 
      method= POST,
      url= http://localhost:4000/boards/342a1d00-c18d-4456-a7a5-114b5903425e/tasks,
      query parameters ={},
      body= {"title":"Autotest task","order":0,"description":"Lorem ipsum","userId":null,"boardId":null,"columnId":null}
     
[10/19/2020, 1:53:14 PM] info: 
      method= PUT,
      url= http://localhost:4000/boards/342a1d00-c18d-4456-a7a5-114b5903425e/tasks/b01eb03a-4583-49c6-a738-dd734881a418,
      query parameters ={},
      body= {"id":"b01eb03a-4583-49c6-a738-dd734881a418","title":"Autotest updated task","order":0,"description":"Lorem ipsum","userId":null,"boardId":"342a1d00-c18d-4456-a7a5-114b5903425e","columnId":null}
     
[10/19/2020, 1:53:14 PM] info: 
      method= GET,
      url= http://localhost:4000/boards/342a1d00-c18d-4456-a7a5-114b5903425e/tasks/b01eb03a-4583-49c6-a738-dd734881a418,
      query parameters ={},
      body= {}
     
[10/19/2020, 1:53:15 PM] info: 
      method= GET,
      url= http://localhost:4000/boards/342a1d00-c18d-4456-a7a5-114b5903425e/tasks/9a275c47-9867-44fb-a5a0-574a52c62186,
      query parameters ={},
      body= {}
     
[10/19/2020, 1:53:15 PM] info: 
      method= DELETE,
      url= http://localhost:4000/boards/342a1d00-c18d-4456-a7a5-114b5903425e/tasks/9a275c47-9867-44fb-a5a0-574a52c62186,
      query parameters ={},
      body= {}
     
[10/19/2020, 1:53:15 PM] info: 
      method= GET,
      url= http://localhost:4000/boards/342a1d00-c18d-4456-a7a5-114b5903425e/tasks/9a275c47-9867-44fb-a5a0-574a52c62186,
      query parameters ={},
      body= {}
     
[10/19/2020, 1:53:15 PM] error: Client Error. StatusCode 404. The tasks with taskId: 9a275c47-9867-44fb-a5a0-574a52c62186 was not found
[10/19/2020, 1:53:15 PM] info: 
      method= DELETE,
      url= http://localhost:4000/boards/342a1d00-c18d-4456-a7a5-114b5903425e,
      query parameters ={},
      body= {}
     
[10/19/2020, 1:57:41 PM] info: 
      method= GET,
      url= http://localhost:4000/boards/d530dda8-b201-40a1-89f2-9bcad36a0af3/tasks,
      query parameters ={},
      body= {}
     
[10/19/2020, 1:57:41 PM] error: Server Error. StatusCode undefined. 
[10/19/2020, 1:59:10 PM] info: 
      method= GET,
      url= http://localhost:4000/boards/d530dda8-b201-40a1-89f2-9bcad36a0af3/tasks,
      query parameters ={},
      body= {}
     
[10/19/2020, 1:59:10 PM] error: Internal Server Error. StatusCode 500 .
[10/19/2020, 2:29:21 PM] info: 
      method= GET,
      url= http://localhost:4000/users,
      query parameters ={},
      body= {}
     
[10/19/2020, 2:30:13 PM] info: 
      method= GET,
      url= http://localhost:4000/users,
      query parameters ={},
      body= {}
     
[10/19/2020, 2:51:12 PM] info: 
      method= GET,
      url= http://localhost:4000/users,
      query parameters ={},
      body= {}
     
[10/19/2020, 2:51:12 PM] error: Internal Server Error. StatusCode 500 .
[10/19/2020, 3:07:43 PM] info: 
      method= GET,
      url= http://localhost:4000/users/?age=22&name=jim,
      query parameters ={"age":"22","name":"jim"},
      body= {}
     
[10/19/2020, 3:11:49 PM] info: 
      method= GET,
      url= http://localhost:4000/doc/,
      query parameters ={},
      body= {}
     
[10/19/2020, 3:11:49 PM] info: 
      method= GET,
      url= http://localhost:4000/doc/swagger-ui.css,
      query parameters ={},
      body= {}
     
[10/19/2020, 3:11:49 PM] info: 
      method= GET,
      url= http://localhost:4000/doc/swagger-ui-bundle.js,
      query parameters ={},
      body= {}
     
[10/19/2020, 3:11:49 PM] info: 
      method= GET,
      url= http://localhost:4000/doc/swagger-ui-standalone-preset.js,
      query parameters ={},
      body= {}
     
[10/19/2020, 3:11:49 PM] info: 
      method= GET,
      url= http://localhost:4000/doc/swagger-ui-init.js,
      query parameters ={},
      body= {}
     
[10/19/2020, 3:11:50 PM] info: 
      method= GET,
      url= http://localhost:4000/doc/favicon-16x16.png,
      query parameters ={},
      body= {}
     
[10/19/2020, 3:12:10 PM] info: 
      method= GET,
      url= http://localhost:4000/users,
      query parameters ={},
      body= {}
     
[10/19/2020, 3:15:49 PM] info: 
      method= GET,
      url= http://localhost:4000/users,
      query parameters ={},
      body= {}
     
[10/19/2020, 3:15:49 PM] info: 
      method= POST,
      url= http://localhost:4000/users,
      query parameters ={},
      body= {"name":"TEST_USER","login":"test_user","password":"T35t_P@55w0rd"}
     
[10/19/2020, 3:15:49 PM] info: 
      method= GET,
      url= http://localhost:4000/users/d2a7e651-9c8e-4846-9f47-8b16485e6962,
      query parameters ={},
      body= {}
     
[10/19/2020, 3:15:49 PM] info: 
      method= DELETE,
      url= http://localhost:4000/users/d2a7e651-9c8e-4846-9f47-8b16485e6962,
      query parameters ={},
      body= {}
     
[10/19/2020, 3:15:49 PM] info: 
      method= POST,
      url= http://localhost:4000/users,
      query parameters ={},
      body= {"name":"TEST_USER","login":"test_user","password":"T35t_P@55w0rd"}
     
[10/19/2020, 3:15:49 PM] info: 
      method= DELETE,
      url= http://localhost:4000/users/bf765b71-d83a-402a-84eb-6878586e7297,
      query parameters ={},
      body= {}
     
[10/19/2020, 3:15:49 PM] info: 
      method= POST,
      url= http://localhost:4000/users,
      query parameters ={},
      body= {"name":"TEST_USER","login":"test_user","password":"T35t_P@55w0rd"}
     
[10/19/2020, 3:15:49 PM] info: 
      method= PUT,
      url= http://localhost:4000/users/a296ce95-edeb-43ac-86a0-9a6cd5046128,
      query parameters ={},
      body= {"name":"Autotest updated TEST_USER","login":"test_user","password":"T35t_P@55w0rd","id":"a296ce95-edeb-43ac-86a0-9a6cd5046128"}
     
[10/19/2020, 3:15:49 PM] info: 
      method= GET,
      url= http://localhost:4000/users/a296ce95-edeb-43ac-86a0-9a6cd5046128,
      query parameters ={},
      body= {}
     
[10/19/2020, 3:15:49 PM] info: 
      method= DELETE,
      url= http://localhost:4000/users/a296ce95-edeb-43ac-86a0-9a6cd5046128,
      query parameters ={},
      body= {}
     
[10/19/2020, 3:15:49 PM] info: 
      method= POST,
      url= http://localhost:4000/users,
      query parameters ={},
      body= {"name":"TEST_USER","login":"test_user","password":"T35t_P@55w0rd"}
     
[10/19/2020, 3:15:49 PM] info: 
      method= DELETE,
      url= http://localhost:4000/users/3e656f1c-41e9-4ed1-8323-c552ff30fe1a,
      query parameters ={},
      body= {}
     
[10/19/2020, 3:15:49 PM] info: 
      method= POST,
      url= http://localhost:4000/users,
      query parameters ={},
      body= {"name":"TEST_USER","login":"test_user","password":"T35t_P@55w0rd"}
     
[10/19/2020, 3:15:49 PM] info: 
      method= POST,
      url= http://localhost:4000/boards,
      query parameters ={},
      body= {"title":"Autotest board","columns":[{"title":"Backlog","order":1},{"title":"Sprint","order":2}]}
     
[10/19/2020, 3:15:49 PM] info: 
      method= POST,
      url= http://localhost:4000/boards/e3bcc9a3-043c-4f27-843f-2694e2751f7a/tasks,
      query parameters ={},
      body= {"title":"Task #1","order":1,"description":"Lorem ipsum","userId":"b0e08652-6476-450d-9701-49cf850f37f4","boardId":"e3bcc9a3-043c-4f27-843f-2694e2751f7a"}
     
[10/19/2020, 3:15:49 PM] info: 
      method= POST,
      url= http://localhost:4000/boards/e3bcc9a3-043c-4f27-843f-2694e2751f7a/tasks,
      query parameters ={},
      body= {"title":"Task #2","order":2,"description":"Lorem ipsum","userId":"b0e08652-6476-450d-9701-49cf850f37f4","boardId":"e3bcc9a3-043c-4f27-843f-2694e2751f7a"}
     
[10/19/2020, 3:15:49 PM] info: 
      method= DELETE,
      url= http://localhost:4000/users/b0e08652-6476-450d-9701-49cf850f37f4,
      query parameters ={},
      body= {}
     
[10/19/2020, 3:15:49 PM] info: 
      method= GET,
      url= http://localhost:4000/boards/e3bcc9a3-043c-4f27-843f-2694e2751f7a/tasks/1f8520f0-4a57-4a85-a9f3-121d4b0ba1dc,
      query parameters ={},
      body= {}
     
[10/19/2020, 3:15:49 PM] info: 
      method= GET,
      url= http://localhost:4000/boards/e3bcc9a3-043c-4f27-843f-2694e2751f7a/tasks/15847d6e-43bc-4bd3-8591-15921df7a3c2,
      query parameters ={},
      body= {}
     
[10/19/2020, 3:15:49 PM] info: 
      method= DELETE,
      url= http://localhost:4000/boards/e3bcc9a3-043c-4f27-843f-2694e2751f7a/tasks/1f8520f0-4a57-4a85-a9f3-121d4b0ba1dc,
      query parameters ={},
      body= {}
     
[10/19/2020, 3:15:49 PM] info: 
      method= DELETE,
      url= http://localhost:4000/boards/e3bcc9a3-043c-4f27-843f-2694e2751f7a/tasks/15847d6e-43bc-4bd3-8591-15921df7a3c2,
      query parameters ={},
      body= {}
     
[10/19/2020, 3:15:49 PM] info: 
      method= DELETE,
      url= http://localhost:4000/boards/e3bcc9a3-043c-4f27-843f-2694e2751f7a,
      query parameters ={},
      body= {}
     
[10/19/2020, 3:15:49 PM] info: 
      method= POST,
      url= http://localhost:4000/boards,
      query parameters ={},
      body= {"title":"Autotest board","columns":[{"title":"Backlog","order":1},{"title":"Sprint","order":2}]}
     
[10/19/2020, 3:15:49 PM] info: 
      method= GET,
      url= http://localhost:4000/boards,
      query parameters ={},
      body= {}
     
[10/19/2020, 3:15:49 PM] info: 
      method= GET,
      url= http://localhost:4000/boards,
      query parameters ={},
      body= {}
     
[10/19/2020, 3:15:49 PM] info: 
      method= GET,
      url= http://localhost:4000/boards/b71f00b3-9487-44a4-875b-5fb5358513c9,
      query parameters ={},
      body= {}
     
[10/19/2020, 3:15:49 PM] info: 
      method= POST,
      url= http://localhost:4000/boards,
      query parameters ={},
      body= {"title":"Autotest board","columns":[{"title":"Backlog","order":1},{"title":"Sprint","order":2}]}
     
[10/19/2020, 3:15:49 PM] info: 
      method= DELETE,
      url= http://localhost:4000/boards/cd68964c-f585-4026-b687-48189b01013a,
      query parameters ={},
      body= {}
     
[10/19/2020, 3:15:49 PM] info: 
      method= POST,
      url= http://localhost:4000/boards,
      query parameters ={},
      body= {"title":"Autotest board","columns":[{"title":"Backlog","order":1},{"title":"Sprint","order":2}]}
     
[10/19/2020, 3:15:49 PM] info: 
      method= PUT,
      url= http://localhost:4000/boards/07b7d75c-eb76-4df7-b549-d5b07559dd78,
      query parameters ={},
      body= {"id":"07b7d75c-eb76-4df7-b549-d5b07559dd78","title":"Autotest updated board","columns":[{"title":"Backlog","order":1},{"title":"Sprint","order":2}]}
     
[10/19/2020, 3:15:49 PM] info: 
      method= GET,
      url= http://localhost:4000/boards/07b7d75c-eb76-4df7-b549-d5b07559dd78,
      query parameters ={},
      body= {}
     
[10/19/2020, 3:15:49 PM] info: 
      method= DELETE,
      url= http://localhost:4000/boards/07b7d75c-eb76-4df7-b549-d5b07559dd78,
      query parameters ={},
      body= {}
     
[10/19/2020, 3:15:49 PM] info: 
      method= POST,
      url= http://localhost:4000/boards,
      query parameters ={},
      body= {"title":"Autotest board","columns":[{"title":"Backlog","order":1},{"title":"Sprint","order":2}]}
     
[10/19/2020, 3:15:49 PM] info: 
      method= DELETE,
      url= http://localhost:4000/boards/1aff6c2f-65fe-469b-8418-c8aa558332c1,
      query parameters ={},
      body= {}
     
[10/19/2020, 3:15:50 PM] info: 
      method= GET,
      url= http://localhost:4000/boards/1aff6c2f-65fe-469b-8418-c8aa558332c1,
      query parameters ={},
      body= {}
     
[10/19/2020, 3:15:50 PM] error: Client Error. StatusCode 404. The board with id: 1aff6c2f-65fe-469b-8418-c8aa558332c1 was not found
[10/19/2020, 3:15:50 PM] info: 
      method= POST,
      url= http://localhost:4000/boards,
      query parameters ={},
      body= {"title":"Autotest board","columns":[{"title":"Backlog","order":1},{"title":"Sprint","order":2}]}
     
[10/19/2020, 3:15:50 PM] info: 
      method= POST,
      url= http://localhost:4000/boards/aa5f8f58-f553-4ab8-aef8-242b2f139715/tasks,
      query parameters ={},
      body= {"title":"Task #1","order":1,"description":"Lorem ipsum","boardId":"aa5f8f58-f553-4ab8-aef8-242b2f139715","userId":null,"columnId":null}
     
[10/19/2020, 3:15:50 PM] info: 
      method= POST,
      url= http://localhost:4000/boards/aa5f8f58-f553-4ab8-aef8-242b2f139715/tasks,
      query parameters ={},
      body= {"title":"Task #2","order":2,"description":"Lorem ipsum","boardId":"aa5f8f58-f553-4ab8-aef8-242b2f139715","userId":null,"columnId":null}
     
[10/19/2020, 3:15:50 PM] info: 
      method= POST,
      url= http://localhost:4000/boards/aa5f8f58-f553-4ab8-aef8-242b2f139715/tasks,
      query parameters ={},
      body= {"title":"Task #3","order":3,"description":"Lorem ipsum","boardId":"aa5f8f58-f553-4ab8-aef8-242b2f139715","userId":null,"columnId":null}
     
[10/19/2020, 3:15:50 PM] info: 
      method= POST,
      url= http://localhost:4000/boards/aa5f8f58-f553-4ab8-aef8-242b2f139715/tasks,
      query parameters ={},
      body= {"title":"Task #4","order":4,"description":"Lorem ipsum","boardId":"aa5f8f58-f553-4ab8-aef8-242b2f139715","userId":null,"columnId":null}
     
[10/19/2020, 3:15:50 PM] info: 
      method= POST,
      url= http://localhost:4000/boards/aa5f8f58-f553-4ab8-aef8-242b2f139715/tasks,
      query parameters ={},
      body= {"title":"Task #5","order":5,"description":"Lorem ipsum","boardId":"aa5f8f58-f553-4ab8-aef8-242b2f139715","userId":null,"columnId":null}
     
[10/19/2020, 3:15:50 PM] info: 
      method= GET,
      url= http://localhost:4000/boards/aa5f8f58-f553-4ab8-aef8-242b2f139715/tasks/9055864d-cdd7-4a37-abc9-71d94b46f420,
      query parameters ={},
      body= {}
     
[10/19/2020, 3:15:50 PM] info: 
      method= GET,
      url= http://localhost:4000/boards/aa5f8f58-f553-4ab8-aef8-242b2f139715/tasks/2ab9e9c5-c971-43ed-a802-7e37f1fd2879,
      query parameters ={},
      body= {}
     
[10/19/2020, 3:15:50 PM] info: 
      method= GET,
      url= http://localhost:4000/boards/aa5f8f58-f553-4ab8-aef8-242b2f139715/tasks/4e476a2b-cea4-48d5-a66e-28d28c9242e4,
      query parameters ={},
      body= {}
     
[10/19/2020, 3:15:50 PM] info: 
      method= GET,
      url= http://localhost:4000/boards/aa5f8f58-f553-4ab8-aef8-242b2f139715/tasks/e53b997e-7c93-4d3c-8b3f-3b7f6d5ede7d,
      query parameters ={},
      body= {}
     
[10/19/2020, 3:15:50 PM] info: 
      method= GET,
      url= http://localhost:4000/boards/aa5f8f58-f553-4ab8-aef8-242b2f139715/tasks/ec5b7af2-b14b-4c75-80d6-f166197fb77a,
      query parameters ={},
      body= {}
     
[10/19/2020, 3:15:50 PM] info: 
      method= DELETE,
      url= http://localhost:4000/boards/aa5f8f58-f553-4ab8-aef8-242b2f139715,
      query parameters ={},
      body= {}
     
[10/19/2020, 3:15:50 PM] info: 
      method= GET,
      url= http://localhost:4000/boards/aa5f8f58-f553-4ab8-aef8-242b2f139715/tasks/9055864d-cdd7-4a37-abc9-71d94b46f420,
      query parameters ={},
      body= {}
     
[10/19/2020, 3:15:50 PM] info: 
      method= GET,
      url= http://localhost:4000/boards/aa5f8f58-f553-4ab8-aef8-242b2f139715/tasks/2ab9e9c5-c971-43ed-a802-7e37f1fd2879,
      query parameters ={},
      body= {}
     
[10/19/2020, 3:15:50 PM] info: 
      method= GET,
      url= http://localhost:4000/boards/aa5f8f58-f553-4ab8-aef8-242b2f139715/tasks/4e476a2b-cea4-48d5-a66e-28d28c9242e4,
      query parameters ={},
      body= {}
     
[10/19/2020, 3:15:50 PM] info: 
      method= GET,
      url= http://localhost:4000/boards/aa5f8f58-f553-4ab8-aef8-242b2f139715/tasks/e53b997e-7c93-4d3c-8b3f-3b7f6d5ede7d,
      query parameters ={},
      body= {}
     
[10/19/2020, 3:15:50 PM] info: 
      method= GET,
      url= http://localhost:4000/boards/aa5f8f58-f553-4ab8-aef8-242b2f139715/tasks/ec5b7af2-b14b-4c75-80d6-f166197fb77a,
      query parameters ={},
      body= {}
     
[10/19/2020, 3:15:50 PM] error: Client Error. StatusCode 404. The tasks with boardId: aa5f8f58-f553-4ab8-aef8-242b2f139715 was not found
[10/19/2020, 3:15:50 PM] error: Client Error. StatusCode 404. The tasks with boardId: aa5f8f58-f553-4ab8-aef8-242b2f139715 was not found
[10/19/2020, 3:15:50 PM] error: Client Error. StatusCode 404. The tasks with boardId: aa5f8f58-f553-4ab8-aef8-242b2f139715 was not found
[10/19/2020, 3:15:50 PM] error: Client Error. StatusCode 404. The tasks with boardId: aa5f8f58-f553-4ab8-aef8-242b2f139715 was not found
[10/19/2020, 3:15:50 PM] error: Client Error. StatusCode 404. The tasks with boardId: aa5f8f58-f553-4ab8-aef8-242b2f139715 was not found
[10/19/2020, 3:15:50 PM] info: 
      method= DELETE,
      url= http://localhost:4000/boards/52f2084f-3bde-4941-bb83-58bb3912bd67,
      query parameters ={},
      body= {}
     
[10/19/2020, 3:15:50 PM] info: 
      method= POST,
      url= http://localhost:4000/boards,
      query parameters ={},
      body= {"title":"Autotest board","columns":[{"title":"Backlog","order":1},{"title":"Sprint","order":2}]}
     
[10/19/2020, 3:15:50 PM] info: 
      method= POST,
      url= http://localhost:4000/boards/43b704b8-b81e-4c63-8cf3-38bcd2bae576/tasks,
      query parameters ={},
      body= {"title":"Autotest task","order":0,"description":"Lorem ipsum","userId":null,"boardId":null,"columnId":null}
     
[10/19/2020, 3:15:50 PM] info: 
      method= GET,
      url= http://localhost:4000/boards/43b704b8-b81e-4c63-8cf3-38bcd2bae576/tasks,
      query parameters ={},
      body= {}
     
[10/19/2020, 3:15:50 PM] info: 
      method= GET,
      url= http://localhost:4000/boards/43b704b8-b81e-4c63-8cf3-38bcd2bae576/tasks,
      query parameters ={},
      body= {}
     
[10/19/2020, 3:15:50 PM] info: 
      method= GET,
      url= http://localhost:4000/boards/43b704b8-b81e-4c63-8cf3-38bcd2bae576/tasks/980ff3a1-6503-494a-8401-f61784894363,
      query parameters ={},
      body= {}
     
[10/19/2020, 3:15:50 PM] info: 
      method= POST,
      url= http://localhost:4000/boards/43b704b8-b81e-4c63-8cf3-38bcd2bae576/tasks,
      query parameters ={},
      body= {"title":"Autotest task","order":0,"description":"Lorem ipsum","userId":null,"boardId":null,"columnId":null}
     
[10/19/2020, 3:15:50 PM] info: 
      method= DELETE,
      url= http://localhost:4000/boards/43b704b8-b81e-4c63-8cf3-38bcd2bae576/tasks/63c124aa-2990-4244-b011-08ef95fe74e7,
      query parameters ={},
      body= {}
     
[10/19/2020, 3:15:50 PM] info: 
      method= POST,
      url= http://localhost:4000/boards/43b704b8-b81e-4c63-8cf3-38bcd2bae576/tasks,
      query parameters ={},
      body= {"title":"Autotest task","order":0,"description":"Lorem ipsum","userId":null,"boardId":null,"columnId":null}
     
[10/19/2020, 3:15:50 PM] info: 
      method= PUT,
      url= http://localhost:4000/boards/43b704b8-b81e-4c63-8cf3-38bcd2bae576/tasks/db3bc983-3e87-4351-a1ae-afc4074a4a6b,
      query parameters ={},
      body= {"id":"db3bc983-3e87-4351-a1ae-afc4074a4a6b","title":"Autotest updated task","order":0,"description":"Lorem ipsum","userId":null,"boardId":"43b704b8-b81e-4c63-8cf3-38bcd2bae576","columnId":null}
     
[10/19/2020, 3:15:50 PM] info: 
      method= GET,
      url= http://localhost:4000/boards/43b704b8-b81e-4c63-8cf3-38bcd2bae576/tasks/db3bc983-3e87-4351-a1ae-afc4074a4a6b,
      query parameters ={},
      body= {}
     
[10/19/2020, 3:15:50 PM] info: 
      method= GET,
      url= http://localhost:4000/boards/43b704b8-b81e-4c63-8cf3-38bcd2bae576/tasks/980ff3a1-6503-494a-8401-f61784894363,
      query parameters ={},
      body= {}
     
[10/19/2020, 3:15:50 PM] info: 
      method= DELETE,
      url= http://localhost:4000/boards/43b704b8-b81e-4c63-8cf3-38bcd2bae576/tasks/980ff3a1-6503-494a-8401-f61784894363,
      query parameters ={},
      body= {}
     
[10/19/2020, 3:15:50 PM] info: 
      method= GET,
      url= http://localhost:4000/boards/43b704b8-b81e-4c63-8cf3-38bcd2bae576/tasks/980ff3a1-6503-494a-8401-f61784894363,
      query parameters ={},
      body= {}
     
[10/19/2020, 3:15:50 PM] error: Client Error. StatusCode 404. The tasks with taskId: 980ff3a1-6503-494a-8401-f61784894363 was not found
[10/19/2020, 3:15:50 PM] info: 
      method= DELETE,
      url= http://localhost:4000/boards/43b704b8-b81e-4c63-8cf3-38bcd2bae576,
      query parameters ={},
      body= {}
     
[10/19/2020, 3:26:12 PM] info: 
      method= GET,
      url= http://localhost:4000/users,
      query parameters ={},
      body= {}
     
[10/19/2020, 4:08:53 PM] info: 
      method= GET,
      url= http://localhost:4000/users,
      query parameters ={},
      body= {}
     
[10/19/2020, 4:08:53 PM] info: 
      method= POST,
      url= http://localhost:4000/users,
      query parameters ={},
      body= {"name":"TEST_USER","login":"test_user","password":"T35t_P@55w0rd"}
     
[10/19/2020, 4:08:53 PM] info: 
      method= GET,
      url= http://localhost:4000/users/1db97551-0778-496c-ba52-421e95599848,
      query parameters ={},
      body= {}
     
[10/19/2020, 4:08:53 PM] info: 
      method= DELETE,
      url= http://localhost:4000/users/1db97551-0778-496c-ba52-421e95599848,
      query parameters ={},
      body= {}
     
[10/19/2020, 4:08:53 PM] info: 
      method= POST,
      url= http://localhost:4000/users,
      query parameters ={},
      body= {"name":"TEST_USER","login":"test_user","password":"T35t_P@55w0rd"}
     
[10/19/2020, 4:08:53 PM] info: 
      method= DELETE,
      url= http://localhost:4000/users/93670c63-999c-4287-bb84-a9029b366b93,
      query parameters ={},
      body= {}
     
[10/19/2020, 4:08:53 PM] info: 
      method= POST,
      url= http://localhost:4000/users,
      query parameters ={},
      body= {"name":"TEST_USER","login":"test_user","password":"T35t_P@55w0rd"}
     
[10/19/2020, 4:08:53 PM] info: 
      method= PUT,
      url= http://localhost:4000/users/4de654f7-9a3d-4f02-9c6e-95447a3fa2df,
      query parameters ={},
      body= {"name":"Autotest updated TEST_USER","login":"test_user","password":"T35t_P@55w0rd","id":"4de654f7-9a3d-4f02-9c6e-95447a3fa2df"}
     
[10/19/2020, 4:08:53 PM] info: 
      method= GET,
      url= http://localhost:4000/users/4de654f7-9a3d-4f02-9c6e-95447a3fa2df,
      query parameters ={},
      body= {}
     
[10/19/2020, 4:08:53 PM] info: 
      method= DELETE,
      url= http://localhost:4000/users/4de654f7-9a3d-4f02-9c6e-95447a3fa2df,
      query parameters ={},
      body= {}
     
[10/19/2020, 4:08:53 PM] info: 
      method= POST,
      url= http://localhost:4000/users,
      query parameters ={},
      body= {"name":"TEST_USER","login":"test_user","password":"T35t_P@55w0rd"}
     
[10/19/2020, 4:08:53 PM] info: 
      method= DELETE,
      url= http://localhost:4000/users/6dae706f-041f-4264-bd9a-6f188835f3b3,
      query parameters ={},
      body= {}
     
[10/19/2020, 4:08:53 PM] info: 
      method= POST,
      url= http://localhost:4000/users,
      query parameters ={},
      body= {"name":"TEST_USER","login":"test_user","password":"T35t_P@55w0rd"}
     
[10/19/2020, 4:08:53 PM] info: 
      method= POST,
      url= http://localhost:4000/boards,
      query parameters ={},
      body= {"title":"Autotest board","columns":[{"title":"Backlog","order":1},{"title":"Sprint","order":2}]}
     
[10/19/2020, 4:08:54 PM] info: 
      method= POST,
      url= http://localhost:4000/boards/96edba47-b970-4a35-9764-9ee73a566df8/tasks,
      query parameters ={},
      body= {"title":"Task #1","order":1,"description":"Lorem ipsum","userId":"0c14294d-928c-422f-a514-41282c970bb0","boardId":"96edba47-b970-4a35-9764-9ee73a566df8"}
     
[10/19/2020, 4:08:54 PM] info: 
      method= POST,
      url= http://localhost:4000/boards/96edba47-b970-4a35-9764-9ee73a566df8/tasks,
      query parameters ={},
      body= {"title":"Task #2","order":2,"description":"Lorem ipsum","userId":"0c14294d-928c-422f-a514-41282c970bb0","boardId":"96edba47-b970-4a35-9764-9ee73a566df8"}
     
[10/19/2020, 4:08:54 PM] info: 
      method= DELETE,
      url= http://localhost:4000/users/0c14294d-928c-422f-a514-41282c970bb0,
      query parameters ={},
      body= {}
     
[10/19/2020, 4:08:54 PM] info: 
      method= GET,
      url= http://localhost:4000/boards/96edba47-b970-4a35-9764-9ee73a566df8/tasks/dfa3a28f-6cdf-4851-b267-c9473fa4c949,
      query parameters ={},
      body= {}
     
[10/19/2020, 4:08:54 PM] info: 
      method= GET,
      url= http://localhost:4000/boards/96edba47-b970-4a35-9764-9ee73a566df8/tasks/41d179e4-15e7-4000-bad9-e24e2e78be7f,
      query parameters ={},
      body= {}
     
[10/19/2020, 4:08:54 PM] info: 
      method= DELETE,
      url= http://localhost:4000/boards/96edba47-b970-4a35-9764-9ee73a566df8/tasks/dfa3a28f-6cdf-4851-b267-c9473fa4c949,
      query parameters ={},
      body= {}
     
[10/19/2020, 4:08:54 PM] info: 
      method= DELETE,
      url= http://localhost:4000/boards/96edba47-b970-4a35-9764-9ee73a566df8/tasks/41d179e4-15e7-4000-bad9-e24e2e78be7f,
      query parameters ={},
      body= {}
     
[10/19/2020, 4:08:54 PM] info: 
      method= DELETE,
      url= http://localhost:4000/boards/96edba47-b970-4a35-9764-9ee73a566df8,
      query parameters ={},
      body= {}
     
[10/19/2020, 4:08:54 PM] info: 
      method= POST,
      url= http://localhost:4000/boards,
      query parameters ={},
      body= {"title":"Autotest board","columns":[{"title":"Backlog","order":1},{"title":"Sprint","order":2}]}
     
[10/19/2020, 4:08:54 PM] info: 
      method= GET,
      url= http://localhost:4000/boards,
      query parameters ={},
      body= {}
     
[10/19/2020, 4:08:54 PM] info: 
      method= GET,
      url= http://localhost:4000/boards,
      query parameters ={},
      body= {}
     
[10/19/2020, 4:08:54 PM] info: 
      method= GET,
      url= http://localhost:4000/boards/ca186ff5-8bed-4af2-9e2c-2e2d73d1ac03,
      query parameters ={},
      body= {}
     
[10/19/2020, 4:08:54 PM] info: 
      method= POST,
      url= http://localhost:4000/boards,
      query parameters ={},
      body= {"title":"Autotest board","columns":[{"title":"Backlog","order":1},{"title":"Sprint","order":2}]}
     
[10/19/2020, 4:08:54 PM] info: 
      method= DELETE,
      url= http://localhost:4000/boards/4519b167-3e5a-4f4f-88c5-a1a2e0d39eca,
      query parameters ={},
      body= {}
     
[10/19/2020, 4:08:54 PM] info: 
      method= POST,
      url= http://localhost:4000/boards,
      query parameters ={},
      body= {"title":"Autotest board","columns":[{"title":"Backlog","order":1},{"title":"Sprint","order":2}]}
     
[10/19/2020, 4:08:54 PM] info: 
      method= PUT,
      url= http://localhost:4000/boards/817dfa53-d607-4f0f-8c9e-d7a3bf7be03b,
      query parameters ={},
      body= {"id":"817dfa53-d607-4f0f-8c9e-d7a3bf7be03b","title":"Autotest updated board","columns":[{"title":"Backlog","order":1},{"title":"Sprint","order":2}]}
     
[10/19/2020, 4:08:54 PM] info: 
      method= GET,
      url= http://localhost:4000/boards/817dfa53-d607-4f0f-8c9e-d7a3bf7be03b,
      query parameters ={},
      body= {}
     
[10/19/2020, 4:08:54 PM] info: 
      method= DELETE,
      url= http://localhost:4000/boards/817dfa53-d607-4f0f-8c9e-d7a3bf7be03b,
      query parameters ={},
      body= {}
     
[10/19/2020, 4:08:54 PM] info: 
      method= POST,
      url= http://localhost:4000/boards,
      query parameters ={},
      body= {"title":"Autotest board","columns":[{"title":"Backlog","order":1},{"title":"Sprint","order":2}]}
     
[10/19/2020, 4:08:54 PM] info: 
      method= DELETE,
      url= http://localhost:4000/boards/62510c3c-4ae2-4ff1-ab10-ea241f1d4581,
      query parameters ={},
      body= {}
     
[10/19/2020, 4:08:54 PM] info: 
      method= GET,
      url= http://localhost:4000/boards/62510c3c-4ae2-4ff1-ab10-ea241f1d4581,
      query parameters ={},
      body= {}
     
[10/19/2020, 4:08:54 PM] error: Client Error. StatusCode 404. The board with id: 62510c3c-4ae2-4ff1-ab10-ea241f1d4581 was not found
[10/19/2020, 4:08:54 PM] info: 
      method= POST,
      url= http://localhost:4000/boards,
      query parameters ={},
      body= {"title":"Autotest board","columns":[{"title":"Backlog","order":1},{"title":"Sprint","order":2}]}
     
[10/19/2020, 4:08:54 PM] info: 
      method= POST,
      url= http://localhost:4000/boards/bbde7419-c714-4e92-b339-ddd2e81c9c22/tasks,
      query parameters ={},
      body= {"title":"Task #1","order":1,"description":"Lorem ipsum","boardId":"bbde7419-c714-4e92-b339-ddd2e81c9c22","userId":null,"columnId":null}
     
[10/19/2020, 4:08:54 PM] info: 
      method= POST,
      url= http://localhost:4000/boards/bbde7419-c714-4e92-b339-ddd2e81c9c22/tasks,
      query parameters ={},
      body= {"title":"Task #2","order":2,"description":"Lorem ipsum","boardId":"bbde7419-c714-4e92-b339-ddd2e81c9c22","userId":null,"columnId":null}
     
[10/19/2020, 4:08:54 PM] info: 
      method= POST,
      url= http://localhost:4000/boards/bbde7419-c714-4e92-b339-ddd2e81c9c22/tasks,
      query parameters ={},
      body= {"title":"Task #3","order":3,"description":"Lorem ipsum","boardId":"bbde7419-c714-4e92-b339-ddd2e81c9c22","userId":null,"columnId":null}
     
[10/19/2020, 4:08:54 PM] info: 
      method= POST,
      url= http://localhost:4000/boards/bbde7419-c714-4e92-b339-ddd2e81c9c22/tasks,
      query parameters ={},
      body= {"title":"Task #4","order":4,"description":"Lorem ipsum","boardId":"bbde7419-c714-4e92-b339-ddd2e81c9c22","userId":null,"columnId":null}
     
[10/19/2020, 4:08:54 PM] info: 
      method= POST,
      url= http://localhost:4000/boards/bbde7419-c714-4e92-b339-ddd2e81c9c22/tasks,
      query parameters ={},
      body= {"title":"Task #5","order":5,"description":"Lorem ipsum","boardId":"bbde7419-c714-4e92-b339-ddd2e81c9c22","userId":null,"columnId":null}
     
[10/19/2020, 4:08:54 PM] info: 
      method= GET,
      url= http://localhost:4000/boards/bbde7419-c714-4e92-b339-ddd2e81c9c22/tasks/474324f3-ee84-48f6-9bf1-fa115433caee,
      query parameters ={},
      body= {}
     
[10/19/2020, 4:08:54 PM] info: 
      method= GET,
      url= http://localhost:4000/boards/bbde7419-c714-4e92-b339-ddd2e81c9c22/tasks/52e8a187-68be-45bd-b94f-0802a094a935,
      query parameters ={},
      body= {}
     
[10/19/2020, 4:08:54 PM] info: 
      method= GET,
      url= http://localhost:4000/boards/bbde7419-c714-4e92-b339-ddd2e81c9c22/tasks/10b5ac74-26ee-47d2-a2db-cc8bd8f93c89,
      query parameters ={},
      body= {}
     
[10/19/2020, 4:08:54 PM] info: 
      method= GET,
      url= http://localhost:4000/boards/bbde7419-c714-4e92-b339-ddd2e81c9c22/tasks/13653014-3f45-4bd1-a0e7-cd5730e8d7c1,
      query parameters ={},
      body= {}
     
[10/19/2020, 4:08:54 PM] info: 
      method= GET,
      url= http://localhost:4000/boards/bbde7419-c714-4e92-b339-ddd2e81c9c22/tasks/44ed9aef-f3bf-4d80-bfc0-e6f14310c8b1,
      query parameters ={},
      body= {}
     
[10/19/2020, 4:08:54 PM] info: 
      method= DELETE,
      url= http://localhost:4000/boards/bbde7419-c714-4e92-b339-ddd2e81c9c22,
      query parameters ={},
      body= {}
     
[10/19/2020, 4:08:54 PM] info: 
      method= GET,
      url= http://localhost:4000/boards/bbde7419-c714-4e92-b339-ddd2e81c9c22/tasks/474324f3-ee84-48f6-9bf1-fa115433caee,
      query parameters ={},
      body= {}
     
[10/19/2020, 4:08:54 PM] info: 
      method= GET,
      url= http://localhost:4000/boards/bbde7419-c714-4e92-b339-ddd2e81c9c22/tasks/52e8a187-68be-45bd-b94f-0802a094a935,
      query parameters ={},
      body= {}
     
[10/19/2020, 4:08:54 PM] info: 
      method= GET,
      url= http://localhost:4000/boards/bbde7419-c714-4e92-b339-ddd2e81c9c22/tasks/10b5ac74-26ee-47d2-a2db-cc8bd8f93c89,
      query parameters ={},
      body= {}
     
[10/19/2020, 4:08:54 PM] info: 
      method= GET,
      url= http://localhost:4000/boards/bbde7419-c714-4e92-b339-ddd2e81c9c22/tasks/13653014-3f45-4bd1-a0e7-cd5730e8d7c1,
      query parameters ={},
      body= {}
     
[10/19/2020, 4:08:54 PM] info: 
      method= GET,
      url= http://localhost:4000/boards/bbde7419-c714-4e92-b339-ddd2e81c9c22/tasks/44ed9aef-f3bf-4d80-bfc0-e6f14310c8b1,
      query parameters ={},
      body= {}
     
[10/19/2020, 4:08:54 PM] error: Client Error. StatusCode 404. The tasks with boardId: bbde7419-c714-4e92-b339-ddd2e81c9c22 was not found
[10/19/2020, 4:08:54 PM] error: Client Error. StatusCode 404. The tasks with boardId: bbde7419-c714-4e92-b339-ddd2e81c9c22 was not found
[10/19/2020, 4:08:54 PM] error: Client Error. StatusCode 404. The tasks with boardId: bbde7419-c714-4e92-b339-ddd2e81c9c22 was not found
[10/19/2020, 4:08:54 PM] error: Client Error. StatusCode 404. The tasks with boardId: bbde7419-c714-4e92-b339-ddd2e81c9c22 was not found
[10/19/2020, 4:08:54 PM] error: Client Error. StatusCode 404. The tasks with boardId: bbde7419-c714-4e92-b339-ddd2e81c9c22 was not found
[10/19/2020, 4:08:54 PM] info: 
      method= DELETE,
      url= http://localhost:4000/boards/ddba0ca5-8f56-4602-9fae-3592a722e7e7,
      query parameters ={},
      body= {}
     
[10/19/2020, 4:08:55 PM] info: 
      method= POST,
      url= http://localhost:4000/boards,
      query parameters ={},
      body= {"title":"Autotest board","columns":[{"title":"Backlog","order":1},{"title":"Sprint","order":2}]}
     
[10/19/2020, 4:08:55 PM] info: 
      method= POST,
      url= http://localhost:4000/boards/d94f6a3d-fa96-4905-964d-e4c0ff61c981/tasks,
      query parameters ={},
      body= {"title":"Autotest task","order":0,"description":"Lorem ipsum","userId":null,"boardId":null,"columnId":null}
     
[10/19/2020, 4:08:55 PM] info: 
      method= GET,
      url= http://localhost:4000/boards/d94f6a3d-fa96-4905-964d-e4c0ff61c981/tasks,
      query parameters ={},
      body= {}
     
[10/19/2020, 4:08:55 PM] info: 
      method= GET,
      url= http://localhost:4000/boards/d94f6a3d-fa96-4905-964d-e4c0ff61c981/tasks,
      query parameters ={},
      body= {}
     
[10/19/2020, 4:08:55 PM] info: 
      method= GET,
      url= http://localhost:4000/boards/d94f6a3d-fa96-4905-964d-e4c0ff61c981/tasks/25ca6498-18f9-4c65-bc1d-947b59cff32f,
      query parameters ={},
      body= {}
     
[10/19/2020, 4:08:55 PM] info: 
      method= POST,
      url= http://localhost:4000/boards/d94f6a3d-fa96-4905-964d-e4c0ff61c981/tasks,
      query parameters ={},
      body= {"title":"Autotest task","order":0,"description":"Lorem ipsum","userId":null,"boardId":null,"columnId":null}
     
[10/19/2020, 4:08:55 PM] info: 
      method= DELETE,
      url= http://localhost:4000/boards/d94f6a3d-fa96-4905-964d-e4c0ff61c981/tasks/a3687d0a-749e-475a-9919-ceeb571d6f36,
      query parameters ={},
      body= {}
     
[10/19/2020, 4:08:55 PM] info: 
      method= POST,
      url= http://localhost:4000/boards/d94f6a3d-fa96-4905-964d-e4c0ff61c981/tasks,
      query parameters ={},
      body= {"title":"Autotest task","order":0,"description":"Lorem ipsum","userId":null,"boardId":null,"columnId":null}
     
[10/19/2020, 4:08:55 PM] info: 
      method= PUT,
      url= http://localhost:4000/boards/d94f6a3d-fa96-4905-964d-e4c0ff61c981/tasks/6acb3336-75a0-4fcd-a7eb-2838eff6a92f,
      query parameters ={},
      body= {"id":"6acb3336-75a0-4fcd-a7eb-2838eff6a92f","title":"Autotest updated task","order":0,"description":"Lorem ipsum","userId":null,"boardId":"d94f6a3d-fa96-4905-964d-e4c0ff61c981","columnId":null}
     
[10/19/2020, 4:08:55 PM] info: 
      method= GET,
      url= http://localhost:4000/boards/d94f6a3d-fa96-4905-964d-e4c0ff61c981/tasks/6acb3336-75a0-4fcd-a7eb-2838eff6a92f,
      query parameters ={},
      body= {}
     
[10/19/2020, 4:08:55 PM] info: 
      method= GET,
      url= http://localhost:4000/boards/d94f6a3d-fa96-4905-964d-e4c0ff61c981/tasks/25ca6498-18f9-4c65-bc1d-947b59cff32f,
      query parameters ={},
      body= {}
     
[10/19/2020, 4:08:55 PM] info: 
      method= DELETE,
      url= http://localhost:4000/boards/d94f6a3d-fa96-4905-964d-e4c0ff61c981/tasks/25ca6498-18f9-4c65-bc1d-947b59cff32f,
      query parameters ={},
      body= {}
     
[10/19/2020, 4:08:55 PM] info: 
      method= GET,
      url= http://localhost:4000/boards/d94f6a3d-fa96-4905-964d-e4c0ff61c981/tasks/25ca6498-18f9-4c65-bc1d-947b59cff32f,
      query parameters ={},
      body= {}
     
[10/19/2020, 4:08:55 PM] error: Client Error. StatusCode 404. The tasks with taskId: 25ca6498-18f9-4c65-bc1d-947b59cff32f was not found
[10/19/2020, 4:08:55 PM] info: 
      method= DELETE,
      url= http://localhost:4000/boards/d94f6a3d-fa96-4905-964d-e4c0ff61c981,
      query parameters ={},
      body= {}
     
[10/19/2020, 4:09:03 PM] info: 
      method= GET,
      url= http://localhost:4000/users,
      query parameters ={},
      body= {}
     
[10/19/2020, 4:09:03 PM] info: 
      method= POST,
      url= http://localhost:4000/users,
      query parameters ={},
      body= {"name":"TEST_USER","login":"test_user","password":"T35t_P@55w0rd"}
     
[10/19/2020, 4:09:03 PM] info: 
      method= GET,
      url= http://localhost:4000/users/eecc91c1-b14a-4c26-ac51-2a6a06f0baff,
      query parameters ={},
      body= {}
     
[10/19/2020, 4:09:03 PM] info: 
      method= DELETE,
      url= http://localhost:4000/users/eecc91c1-b14a-4c26-ac51-2a6a06f0baff,
      query parameters ={},
      body= {}
     
[10/19/2020, 4:09:03 PM] info: 
      method= POST,
      url= http://localhost:4000/users,
      query parameters ={},
      body= {"name":"TEST_USER","login":"test_user","password":"T35t_P@55w0rd"}
     
[10/19/2020, 4:09:03 PM] info: 
      method= DELETE,
      url= http://localhost:4000/users/a7b31e4e-77af-4b2e-94bf-4b8435c5f0e3,
      query parameters ={},
      body= {}
     
[10/19/2020, 4:09:03 PM] info: 
      method= POST,
      url= http://localhost:4000/users,
      query parameters ={},
      body= {"name":"TEST_USER","login":"test_user","password":"T35t_P@55w0rd"}
     
[10/19/2020, 4:09:03 PM] info: 
      method= PUT,
      url= http://localhost:4000/users/5fefd6c8-6f8c-4ae5-9962-9fddf8637d3d,
      query parameters ={},
      body= {"name":"Autotest updated TEST_USER","login":"test_user","password":"T35t_P@55w0rd","id":"5fefd6c8-6f8c-4ae5-9962-9fddf8637d3d"}
     
[10/19/2020, 4:09:03 PM] info: 
      method= GET,
      url= http://localhost:4000/users/5fefd6c8-6f8c-4ae5-9962-9fddf8637d3d,
      query parameters ={},
      body= {}
     
[10/19/2020, 4:09:03 PM] info: 
      method= DELETE,
      url= http://localhost:4000/users/5fefd6c8-6f8c-4ae5-9962-9fddf8637d3d,
      query parameters ={},
      body= {}
     
[10/19/2020, 4:09:03 PM] info: 
      method= POST,
      url= http://localhost:4000/users,
      query parameters ={},
      body= {"name":"TEST_USER","login":"test_user","password":"T35t_P@55w0rd"}
     
[10/19/2020, 4:09:03 PM] info: 
      method= DELETE,
      url= http://localhost:4000/users/ca96abf3-a918-461a-834d-3c23b047439c,
      query parameters ={},
      body= {}
     
[10/19/2020, 4:09:03 PM] info: 
      method= POST,
      url= http://localhost:4000/users,
      query parameters ={},
      body= {"name":"TEST_USER","login":"test_user","password":"T35t_P@55w0rd"}
     
[10/19/2020, 4:09:03 PM] info: 
      method= POST,
      url= http://localhost:4000/boards,
      query parameters ={},
      body= {"title":"Autotest board","columns":[{"title":"Backlog","order":1},{"title":"Sprint","order":2}]}
     
[10/19/2020, 4:09:03 PM] info: 
      method= POST,
      url= http://localhost:4000/boards/bb65b0b6-0042-4b37-a725-d7c2d248ff16/tasks,
      query parameters ={},
      body= {"title":"Task #1","order":1,"description":"Lorem ipsum","userId":"8cca6912-d67e-4899-a638-76426f200927","boardId":"bb65b0b6-0042-4b37-a725-d7c2d248ff16"}
     
[10/19/2020, 4:09:03 PM] info: 
      method= POST,
      url= http://localhost:4000/boards/bb65b0b6-0042-4b37-a725-d7c2d248ff16/tasks,
      query parameters ={},
      body= {"title":"Task #2","order":2,"description":"Lorem ipsum","userId":"8cca6912-d67e-4899-a638-76426f200927","boardId":"bb65b0b6-0042-4b37-a725-d7c2d248ff16"}
     
[10/19/2020, 4:09:03 PM] info: 
      method= DELETE,
      url= http://localhost:4000/users/8cca6912-d67e-4899-a638-76426f200927,
      query parameters ={},
      body= {}
     
[10/19/2020, 4:09:03 PM] info: 
      method= GET,
      url= http://localhost:4000/boards/bb65b0b6-0042-4b37-a725-d7c2d248ff16/tasks/c030eef4-29e0-4980-9a94-0994ebef66ec,
      query parameters ={},
      body= {}
     
[10/19/2020, 4:09:03 PM] info: 
      method= GET,
      url= http://localhost:4000/boards/bb65b0b6-0042-4b37-a725-d7c2d248ff16/tasks/94093511-5b5c-4f21-9cc2-e08adb4b6af5,
      query parameters ={},
      body= {}
     
[10/19/2020, 4:09:03 PM] info: 
      method= DELETE,
      url= http://localhost:4000/boards/bb65b0b6-0042-4b37-a725-d7c2d248ff16/tasks/c030eef4-29e0-4980-9a94-0994ebef66ec,
      query parameters ={},
      body= {}
     
[10/19/2020, 4:09:03 PM] info: 
      method= DELETE,
      url= http://localhost:4000/boards/bb65b0b6-0042-4b37-a725-d7c2d248ff16/tasks/94093511-5b5c-4f21-9cc2-e08adb4b6af5,
      query parameters ={},
      body= {}
     
[10/19/2020, 4:09:03 PM] info: 
      method= DELETE,
      url= http://localhost:4000/boards/bb65b0b6-0042-4b37-a725-d7c2d248ff16,
      query parameters ={},
      body= {}
     
[10/19/2020, 4:09:03 PM] info: 
      method= POST,
      url= http://localhost:4000/boards,
      query parameters ={},
      body= {"title":"Autotest board","columns":[{"title":"Backlog","order":1},{"title":"Sprint","order":2}]}
     
[10/19/2020, 4:09:03 PM] info: 
      method= GET,
      url= http://localhost:4000/boards,
      query parameters ={},
      body= {}
     
[10/19/2020, 4:09:03 PM] info: 
      method= GET,
      url= http://localhost:4000/boards,
      query parameters ={},
      body= {}
     
[10/19/2020, 4:09:03 PM] info: 
      method= GET,
      url= http://localhost:4000/boards/ca186ff5-8bed-4af2-9e2c-2e2d73d1ac03,
      query parameters ={},
      body= {}
     
[10/19/2020, 4:09:03 PM] info: 
      method= POST,
      url= http://localhost:4000/boards,
      query parameters ={},
      body= {"title":"Autotest board","columns":[{"title":"Backlog","order":1},{"title":"Sprint","order":2}]}
     
[10/19/2020, 4:09:03 PM] info: 
      method= DELETE,
      url= http://localhost:4000/boards/c0029128-9bb7-4bae-99f5-d1aa856611b2,
      query parameters ={},
      body= {}
     
[10/19/2020, 4:09:04 PM] info: 
      method= POST,
      url= http://localhost:4000/boards,
      query parameters ={},
      body= {"title":"Autotest board","columns":[{"title":"Backlog","order":1},{"title":"Sprint","order":2}]}
     
[10/19/2020, 4:09:04 PM] info: 
      method= PUT,
      url= http://localhost:4000/boards/79cc0fb0-bc73-4464-bd6d-20e7b6d42543,
      query parameters ={},
      body= {"id":"79cc0fb0-bc73-4464-bd6d-20e7b6d42543","title":"Autotest updated board","columns":[{"title":"Backlog","order":1},{"title":"Sprint","order":2}]}
     
[10/19/2020, 4:09:04 PM] info: 
      method= GET,
      url= http://localhost:4000/boards/79cc0fb0-bc73-4464-bd6d-20e7b6d42543,
      query parameters ={},
      body= {}
     
[10/19/2020, 4:09:04 PM] info: 
      method= DELETE,
      url= http://localhost:4000/boards/79cc0fb0-bc73-4464-bd6d-20e7b6d42543,
      query parameters ={},
      body= {}
     
[10/19/2020, 4:09:04 PM] info: 
      method= POST,
      url= http://localhost:4000/boards,
      query parameters ={},
      body= {"title":"Autotest board","columns":[{"title":"Backlog","order":1},{"title":"Sprint","order":2}]}
     
[10/19/2020, 4:09:04 PM] info: 
      method= DELETE,
      url= http://localhost:4000/boards/5537cce3-cc95-4748-af28-f5a93d170a69,
      query parameters ={},
      body= {}
     
[10/19/2020, 4:09:04 PM] info: 
      method= GET,
      url= http://localhost:4000/boards/5537cce3-cc95-4748-af28-f5a93d170a69,
      query parameters ={},
      body= {}
     
[10/19/2020, 4:09:04 PM] error: Client Error. StatusCode 404. The board with id: 5537cce3-cc95-4748-af28-f5a93d170a69 was not found
[10/19/2020, 4:09:04 PM] info: 
      method= POST,
      url= http://localhost:4000/boards,
      query parameters ={},
      body= {"title":"Autotest board","columns":[{"title":"Backlog","order":1},{"title":"Sprint","order":2}]}
     
[10/19/2020, 4:09:04 PM] info: 
      method= POST,
      url= http://localhost:4000/boards/8afdc11d-d05f-46f1-ace7-6289cf658ead/tasks,
      query parameters ={},
      body= {"title":"Task #1","order":1,"description":"Lorem ipsum","boardId":"8afdc11d-d05f-46f1-ace7-6289cf658ead","userId":null,"columnId":null}
     
[10/19/2020, 4:09:04 PM] info: 
      method= POST,
      url= http://localhost:4000/boards/8afdc11d-d05f-46f1-ace7-6289cf658ead/tasks,
      query parameters ={},
      body= {"title":"Task #2","order":2,"description":"Lorem ipsum","boardId":"8afdc11d-d05f-46f1-ace7-6289cf658ead","userId":null,"columnId":null}
     
[10/19/2020, 4:09:04 PM] info: 
      method= POST,
      url= http://localhost:4000/boards/8afdc11d-d05f-46f1-ace7-6289cf658ead/tasks,
      query parameters ={},
      body= {"title":"Task #3","order":3,"description":"Lorem ipsum","boardId":"8afdc11d-d05f-46f1-ace7-6289cf658ead","userId":null,"columnId":null}
     
[10/19/2020, 4:09:04 PM] info: 
      method= POST,
      url= http://localhost:4000/boards/8afdc11d-d05f-46f1-ace7-6289cf658ead/tasks,
      query parameters ={},
      body= {"title":"Task #4","order":4,"description":"Lorem ipsum","boardId":"8afdc11d-d05f-46f1-ace7-6289cf658ead","userId":null,"columnId":null}
     
[10/19/2020, 4:09:04 PM] info: 
      method= POST,
      url= http://localhost:4000/boards/8afdc11d-d05f-46f1-ace7-6289cf658ead/tasks,
      query parameters ={},
      body= {"title":"Task #5","order":5,"description":"Lorem ipsum","boardId":"8afdc11d-d05f-46f1-ace7-6289cf658ead","userId":null,"columnId":null}
     
[10/19/2020, 4:09:04 PM] info: 
      method= GET,
      url= http://localhost:4000/boards/8afdc11d-d05f-46f1-ace7-6289cf658ead/tasks/7180496a-4308-42c5-bf15-2bb6b577c006,
      query parameters ={},
      body= {}
     
[10/19/2020, 4:09:04 PM] info: 
      method= GET,
      url= http://localhost:4000/boards/8afdc11d-d05f-46f1-ace7-6289cf658ead/tasks/ff7f4327-5956-420c-b7f6-8ab8e47b80cf,
      query parameters ={},
      body= {}
     
[10/19/2020, 4:09:04 PM] info: 
      method= GET,
      url= http://localhost:4000/boards/8afdc11d-d05f-46f1-ace7-6289cf658ead/tasks/fb41cee0-8cfb-42f2-8cc8-e50dd455ce65,
      query parameters ={},
      body= {}
     
[10/19/2020, 4:09:04 PM] info: 
      method= GET,
      url= http://localhost:4000/boards/8afdc11d-d05f-46f1-ace7-6289cf658ead/tasks/f3a05b59-9bfb-464a-99e6-b03179146486,
      query parameters ={},
      body= {}
     
[10/19/2020, 4:09:04 PM] info: 
      method= GET,
      url= http://localhost:4000/boards/8afdc11d-d05f-46f1-ace7-6289cf658ead/tasks/03e4a5cd-c76a-4a46-9377-7ab4c6356062,
      query parameters ={},
      body= {}
     
[10/19/2020, 4:09:04 PM] info: 
      method= DELETE,
      url= http://localhost:4000/boards/8afdc11d-d05f-46f1-ace7-6289cf658ead,
      query parameters ={},
      body= {}
     
[10/19/2020, 4:09:04 PM] info: 
      method= GET,
      url= http://localhost:4000/boards/8afdc11d-d05f-46f1-ace7-6289cf658ead/tasks/7180496a-4308-42c5-bf15-2bb6b577c006,
      query parameters ={},
      body= {}
     
[10/19/2020, 4:09:04 PM] info: 
      method= GET,
      url= http://localhost:4000/boards/8afdc11d-d05f-46f1-ace7-6289cf658ead/tasks/ff7f4327-5956-420c-b7f6-8ab8e47b80cf,
      query parameters ={},
      body= {}
     
[10/19/2020, 4:09:04 PM] info: 
      method= GET,
      url= http://localhost:4000/boards/8afdc11d-d05f-46f1-ace7-6289cf658ead/tasks/fb41cee0-8cfb-42f2-8cc8-e50dd455ce65,
      query parameters ={},
      body= {}
     
[10/19/2020, 4:09:04 PM] info: 
      method= GET,
      url= http://localhost:4000/boards/8afdc11d-d05f-46f1-ace7-6289cf658ead/tasks/f3a05b59-9bfb-464a-99e6-b03179146486,
      query parameters ={},
      body= {}
     
[10/19/2020, 4:09:04 PM] info: 
      method= GET,
      url= http://localhost:4000/boards/8afdc11d-d05f-46f1-ace7-6289cf658ead/tasks/03e4a5cd-c76a-4a46-9377-7ab4c6356062,
      query parameters ={},
      body= {}
     
[10/19/2020, 4:09:04 PM] error: Client Error. StatusCode 404. The tasks with boardId: 8afdc11d-d05f-46f1-ace7-6289cf658ead was not found
[10/19/2020, 4:09:04 PM] error: Client Error. StatusCode 404. The tasks with boardId: 8afdc11d-d05f-46f1-ace7-6289cf658ead was not found
[10/19/2020, 4:09:04 PM] error: Client Error. StatusCode 404. The tasks with boardId: 8afdc11d-d05f-46f1-ace7-6289cf658ead was not found
[10/19/2020, 4:09:04 PM] error: Client Error. StatusCode 404. The tasks with boardId: 8afdc11d-d05f-46f1-ace7-6289cf658ead was not found
[10/19/2020, 4:09:04 PM] error: Client Error. StatusCode 404. The tasks with boardId: 8afdc11d-d05f-46f1-ace7-6289cf658ead was not found
[10/19/2020, 4:09:04 PM] info: 
      method= DELETE,
      url= http://localhost:4000/boards/14063700-96ef-4cfb-bb89-8ae877977f72,
      query parameters ={},
      body= {}
     
[10/19/2020, 4:09:04 PM] info: 
      method= POST,
      url= http://localhost:4000/boards,
      query parameters ={},
      body= {"title":"Autotest board","columns":[{"title":"Backlog","order":1},{"title":"Sprint","order":2}]}
     
[10/19/2020, 4:09:04 PM] info: 
      method= POST,
      url= http://localhost:4000/boards/424e732d-97dd-4a59-8f8a-16119c846434/tasks,
      query parameters ={},
      body= {"title":"Autotest task","order":0,"description":"Lorem ipsum","userId":null,"boardId":null,"columnId":null}
     
[10/19/2020, 4:09:04 PM] info: 
      method= GET,
      url= http://localhost:4000/boards/424e732d-97dd-4a59-8f8a-16119c846434/tasks,
      query parameters ={},
      body= {}
     
[10/19/2020, 4:09:04 PM] info: 
      method= GET,
      url= http://localhost:4000/boards/424e732d-97dd-4a59-8f8a-16119c846434/tasks,
      query parameters ={},
      body= {}
     
[10/19/2020, 4:09:04 PM] info: 
      method= GET,
      url= http://localhost:4000/boards/424e732d-97dd-4a59-8f8a-16119c846434/tasks/f21f54ff-7025-4947-b5c9-d35acd90f8e9,
      query parameters ={},
      body= {}
     
[10/19/2020, 4:09:04 PM] info: 
      method= POST,
      url= http://localhost:4000/boards/424e732d-97dd-4a59-8f8a-16119c846434/tasks,
      query parameters ={},
      body= {"title":"Autotest task","order":0,"description":"Lorem ipsum","userId":null,"boardId":null,"columnId":null}
     
[10/19/2020, 4:09:04 PM] info: 
      method= DELETE,
      url= http://localhost:4000/boards/424e732d-97dd-4a59-8f8a-16119c846434/tasks/46db9bd6-ac4e-440f-a5c3-4131d92000fc,
      query parameters ={},
      body= {}
     
[10/19/2020, 4:09:04 PM] info: 
      method= POST,
      url= http://localhost:4000/boards/424e732d-97dd-4a59-8f8a-16119c846434/tasks,
      query parameters ={},
      body= {"title":"Autotest task","order":0,"description":"Lorem ipsum","userId":null,"boardId":null,"columnId":null}
     
[10/19/2020, 4:09:04 PM] info: 
      method= PUT,
      url= http://localhost:4000/boards/424e732d-97dd-4a59-8f8a-16119c846434/tasks/e16c5720-a2a6-4f5b-a8b0-c5f9394a327d,
      query parameters ={},
      body= {"id":"e16c5720-a2a6-4f5b-a8b0-c5f9394a327d","title":"Autotest updated task","order":0,"description":"Lorem ipsum","userId":null,"boardId":"424e732d-97dd-4a59-8f8a-16119c846434","columnId":null}
     
[10/19/2020, 4:09:04 PM] info: 
      method= GET,
      url= http://localhost:4000/boards/424e732d-97dd-4a59-8f8a-16119c846434/tasks/e16c5720-a2a6-4f5b-a8b0-c5f9394a327d,
      query parameters ={},
      body= {}
     
[10/19/2020, 4:09:04 PM] info: 
      method= GET,
      url= http://localhost:4000/boards/424e732d-97dd-4a59-8f8a-16119c846434/tasks/f21f54ff-7025-4947-b5c9-d35acd90f8e9,
      query parameters ={},
      body= {}
     
[10/19/2020, 4:09:04 PM] info: 
      method= DELETE,
      url= http://localhost:4000/boards/424e732d-97dd-4a59-8f8a-16119c846434/tasks/f21f54ff-7025-4947-b5c9-d35acd90f8e9,
      query parameters ={},
      body= {}
     
[10/19/2020, 4:09:04 PM] info: 
      method= GET,
      url= http://localhost:4000/boards/424e732d-97dd-4a59-8f8a-16119c846434/tasks/f21f54ff-7025-4947-b5c9-d35acd90f8e9,
      query parameters ={},
      body= {}
     
[10/19/2020, 4:09:04 PM] error: Client Error. StatusCode 404. The tasks with taskId: f21f54ff-7025-4947-b5c9-d35acd90f8e9 was not found
[10/19/2020, 4:09:04 PM] info: 
      method= DELETE,
      url= http://localhost:4000/boards/424e732d-97dd-4a59-8f8a-16119c846434,
      query parameters ={},
      body= {}
     
[10/19/2020, 4:10:43 PM] info: 
      method= GET,
      url= http://localhost:4000/doc/,
      query parameters ={},
      body= {}
     
[10/19/2020, 4:10:43 PM] info: 
      method= GET,
      url= http://localhost:4000/doc/swagger-ui.css,
      query parameters ={},
      body= {}
     
[10/19/2020, 4:10:43 PM] info: 
      method= GET,
      url= http://localhost:4000/doc/swagger-ui-bundle.js,
      query parameters ={},
      body= {}
     
[10/19/2020, 4:10:43 PM] info: 
      method= GET,
      url= http://localhost:4000/doc/swagger-ui-standalone-preset.js,
      query parameters ={},
      body= {}
     
[10/19/2020, 4:10:43 PM] info: 
      method= GET,
      url= http://localhost:4000/doc/swagger-ui-init.js,
      query parameters ={},
      body= {}
     
[10/19/2020, 4:10:44 PM] info: 
      method= GET,
      url= http://localhost:4000/doc/favicon-16x16.png,
      query parameters ={},
      body= {}
     
[10/19/2020, 4:10:51 PM] info: 
      method= GET,
      url= http://localhost:4000/doc/,
      query parameters ={},
      body= {}
     
[10/19/2020, 4:10:51 PM] info: 
      method= GET,
      url= http://localhost:4000/doc/swagger-ui-bundle.js,
      query parameters ={},
      body= {}
     
[10/19/2020, 4:10:51 PM] info: 
      method= GET,
      url= http://localhost:4000/doc/swagger-ui-standalone-preset.js,
      query parameters ={},
      body= {}
     
[10/19/2020, 4:10:51 PM] info: 
      method= GET,
      url= http://localhost:4000/doc/swagger-ui-init.js,
      query parameters ={},
      body= {}
     
[10/19/2020, 4:10:51 PM] info: 
      method= GET,
      url= http://localhost:4000/doc/swagger-ui.css,
      query parameters ={},
      body= {}
     
[10/19/2020, 4:11:31 PM] info: 
      method= GET,
      url= http://localhost:4000/users/?age=22&name=jim,
      query parameters ={"age":"22","name":"jim"},
      body= {}
     
[10/19/2020, 4:11:47 PM] info: 
      method= GET,
      url= http://localhost:4000/users,
      query parameters ={},
      body= {}
     
[10/19/2020, 4:12:05 PM] info: 
      method= POST,
      url= http://localhost:4000/users,
      query parameters ={},
      body= {"name":"string","login":"string","password":"string"}
     
[10/19/2020, 4:22:54 PM] info: 
      method= GET,
      url= http://localhost:4000/doc/,
      query parameters ={},
      body= {}
     
[10/19/2020, 4:22:54 PM] info: 
      method= GET,
      url= http://localhost:4000/doc/swagger-ui.css,
      query parameters ={},
      body= {}
     
[10/19/2020, 4:22:54 PM] info: 
      method= GET,
      url= http://localhost:4000/doc/swagger-ui-bundle.js,
      query parameters ={},
      body= {}
     
[10/19/2020, 4:22:54 PM] info: 
      method= GET,
      url= http://localhost:4000/doc/swagger-ui-standalone-preset.js,
      query parameters ={},
      body= {}
     
[10/19/2020, 4:22:54 PM] info: 
      method= GET,
      url= http://localhost:4000/doc/swagger-ui-init.js,
      query parameters ={},
      body= {}
     
[10/19/2020, 4:23:04 PM] info: 
      method= GET,
      url= http://localhost:4000/users,
      query parameters ={},
      body= {}
     
[10/19/2020, 4:23:04 PM] error: Internal Server Error. StatusCode 500 .
[10/19/2020, 4:27:39 PM] error: Uncaught Exception. Captured error: GopStop!!!!!
[10/19/2020, 4:34:49 PM] info: 
      method= GET,
      url= http://localhost:4000/users,
      query parameters ={},
      body= {}
     
[10/19/2020, 4:35:16 PM] info: 
      method= GET,
      url= http://localhost:4000/users/b7d18ff6-1236-4d00-ac1b-7d1e93097fb0,
      query parameters ={},
      body= {}
     
[10/19/2020, 4:35:29 PM] info: 
      method= GET,
      url= http://localhost:4000/users/b7d18ff6-1236-4d00-ac1b-7d1e93097fb05,
      query parameters ={},
      body= {}
     
[10/19/2020, 4:35:29 PM] error: Client Error. StatusCode 404. The user with id: b7d18ff6-1236-4d00-ac1b-7d1e93097fb05 was not found
[10/19/2020, 4:36:11 PM] info: 
      method= GET,
      url= http://localhost:4000/users,
      query parameters ={},
      body= {}
     
[10/19/2020, 4:36:11 PM] error: Internal Server Error. StatusCode 500 .
[10/19/2020, 4:37:08 PM] info: 
      method= GET,
      url= http://localhost:4000/users,
      query parameters ={},
      body= {}
     
[10/19/2020, 4:37:08 PM] error: Internal Server Error. StatusCode 500.
[10/19/2020, 4:39:37 PM] info: 
      method= GET,
      url= http://localhost:4000/users,
      query parameters ={},
      body= {}
     
[10/19/2020, 4:39:37 PM] error: Internal Server Error. StatusCode 500.
[10/19/2020, 4:40:19 PM] info: 
      method= GET,
      url= http://localhost:4000/users,
      query parameters ={},
      body= {}
     
[10/19/2020, 4:40:19 PM] error: Internal Server Error. StatusCode 500.
[10/19/2020, 4:43:43 PM] info: 
      method= GET,
      url= http://localhost:4000/users,
      query parameters ={},
      body= {}
     
[10/19/2020, 4:43:43 PM] error: Internal Server Error. StatusCode 500.
[10/19/2020, 4:44:52 PM] info: 
      method= GET,
      url= http://localhost:4000/users,
      query parameters ={},
      body= {}
     
[10/19/2020, 4:44:52 PM] error: Internal Server Error. StatusCode 500.
[10/19/2020, 4:46:21 PM] info: 
      method= GET,
      url= http://localhost:4000/users,
      query parameters ={},
      body= {}
     
[10/19/2020, 4:46:31 PM] info: 
      method= GET,
      url= http://localhost:4000/users/4f7e432b-a832-4367-bad7-75ac98a8c90b,
      query parameters ={},
      body= {}
     
[10/19/2020, 4:46:39 PM] info: 
      method= GET,
      url= http://localhost:4000/users/4f7e432b-a832-4367-bad7-75ac98a8c90b5,
      query parameters ={},
      body= {}
     
[10/19/2020, 4:46:39 PM] error: Client Error. StatusCode 404. The user with id: 4f7e432b-a832-4367-bad7-75ac98a8c90b5 was not found
[10/19/2020, 4:47:37 PM] info: 
      method= GET,
      url= http://localhost:4000/users/4f7e432b-a832-4367-bad7-75ac98a8c90b5,
      query parameters ={},
      body= {}
     
[10/19/2020, 4:47:37 PM] error: Client Error. StatusCode 404. The user with id: 4f7e432b-a832-4367-bad7-75ac98a8c90b5 was not found
[10/19/2020, 4:48:03 PM] info: 
      method= GET,
      url= http://localhost:4000/users,
      query parameters ={},
      body= {}
     
[10/19/2020, 4:48:03 PM] error: Internal Server Error. StatusCode 500.
[10/19/2020, 4:48:38 PM] error: Unhandled rejection detected: GopStop!!!!!
[10/19/2020, 4:49:23 PM] info: 
      method= GET,
      url= http://localhost:4000/users,
      query parameters ={},
      body= {}
     
[10/19/2020, 4:49:23 PM] error: Unhandled rejection detected: GopStop!!!!!
[10/19/2020, 4:49:39 PM] info: 
      method= GET,
      url= http://localhost:4000/users,
      query parameters ={},
      body= {}
     
