[10/16/2020, 2:10:38 PM] info: query = {}
[10/16/2020, 2:10:38 PM] info: ::ffff:127.0.0.1 - - [16/Oct/2020:08:40:38 +0000] "GET /favicon.ico HTTP/1.1" 404 150 "http://localhost:4000/" "Mozilla/5.0 (X11; Ubuntu; Linux x86_64; rv:81.0) Gecko/20100101 Firefox/81.0"

[10/16/2020, 2:16:58 PM] info: query = {}
[10/16/2020, 2:16:58 PM] info: ::ffff:127.0.0.1 - - [16/Oct/2020:08:46:58 +0000] "POST /users HTTP/1.1" 200 81 "http://localhost:4000/doc/" "Mozilla/5.0 (X11; Ubuntu; Linux x86_64; rv:81.0) Gecko/20100101 Firefox/81.0"

[10/16/2020, 2:17:14 PM] info: query = {}
[10/16/2020, 2:17:14 PM] info: ::ffff:127.0.0.1 - - [16/Oct/2020:08:47:14 +0000] "POST /users HTTP/1.1" 200 82 "http://localhost:4000/doc/" "Mozilla/5.0 (X11; Ubuntu; Linux x86_64; rv:81.0) Gecko/20100101 Firefox/81.0"

[10/16/2020, 2:28:14 PM] info: ::ffff:127.0.0.1 - - [16/Oct/2020:08:58:14 +0000] "POST /users HTTP/1.1" 200 82 "http://localhost:4000/doc/" "Mozilla/5.0 (X11; Ubuntu; Linux x86_64; rv:81.0) Gecko/20100101 Firefox/81.0"

[10/16/2020, 2:30:04 PM] info: ::ffff:127.0.0.1 - - [16/Oct/2020:09:00:04 +0000] "GET / HTTP/1.1" 304 - "-" "Mozilla/5.0 (X11; Ubuntu; Linux x86_64; rv:81.0) Gecko/20100101 Firefox/81.0"

[10/16/2020, 2:31:01 PM] info: ::ffff:127.0.0.1 - - [16/Oct/2020:09:01:01 +0000] "GET / HTTP/1.1" 304 - "-" "Mozilla/5.0 (X11; Ubuntu; Linux x86_64; rv:81.0) Gecko/20100101 Firefox/81.0"

[10/16/2020, 2:32:28 PM] info: query = {}
[10/16/2020, 2:33:11 PM] info: query = {}
[10/16/2020, 2:34:05 PM] info: query = undefined
[10/16/2020, 2:34:13 PM] info: query = undefined
[10/16/2020, 2:34:33 PM] error: Internal Server Error
[10/16/2020, 2:35:21 PM] info: query = undefined
[10/16/2020, 2:35:51 PM] error: Internal Server Error
[10/16/2020, 2:40:04 PM] info: query = [object Object]
[10/16/2020, 2:40:59 PM] info: query = {}
[10/16/2020, 2:41:19 PM] info: query = {}
[10/16/2020, 2:41:44 PM] info: query = {}
[10/16/2020, 2:42:18 PM] info: query = {}
[10/16/2020, 2:42:18 PM] info: ::ffff:127.0.0.1 - - [16/Oct/2020:09:12:18 +0000] "GET /doc/ HTTP/1.1" 304 - "-" "Mozilla/5.0 (X11; Ubuntu; Linux x86_64; rv:81.0) Gecko/20100101 Firefox/81.0"

[10/16/2020, 2:42:18 PM] info: query = {}
[10/16/2020, 2:42:18 PM] info: ::ffff:127.0.0.1 - - [16/Oct/2020:09:12:18 +0000] "GET /doc/swagger-ui.css HTTP/1.1" 304 - "http://localhost:4000/doc/" "Mozilla/5.0 (X11; Ubuntu; Linux x86_64; rv:81.0) Gecko/20100101 Firefox/81.0"

[10/16/2020, 2:42:18 PM] info: query = {}
[10/16/2020, 2:42:18 PM] info: ::ffff:127.0.0.1 - - [16/Oct/2020:09:12:18 +0000] "GET /doc/swagger-ui-bundle.js HTTP/1.1" 304 - "http://localhost:4000/doc/" "Mozilla/5.0 (X11; Ubuntu; Linux x86_64; rv:81.0) Gecko/20100101 Firefox/81.0"

[10/16/2020, 2:42:18 PM] info: query = {}
[10/16/2020, 2:42:18 PM] info: query = {}
[10/16/2020, 2:42:18 PM] info: ::ffff:127.0.0.1 - - [16/Oct/2020:09:12:18 +0000] "GET /doc/swagger-ui-init.js HTTP/1.1" 304 - "http://localhost:4000/doc/" "Mozilla/5.0 (X11; Ubuntu; Linux x86_64; rv:81.0) Gecko/20100101 Firefox/81.0"

[10/16/2020, 2:42:18 PM] info: ::ffff:127.0.0.1 - - [16/Oct/2020:09:12:18 +0000] "GET /doc/swagger-ui-standalone-preset.js HTTP/1.1" 304 - "http://localhost:4000/doc/" "Mozilla/5.0 (X11; Ubuntu; Linux x86_64; rv:81.0) Gecko/20100101 Firefox/81.0"

[10/16/2020, 2:42:42 PM] info: query = {}
[10/16/2020, 2:42:42 PM] info: ::ffff:127.0.0.1 - - [16/Oct/2020:09:12:42 +0000] "GET /users/55555555 HTTP/1.1" 404 40 "http://localhost:4000/doc/" "Mozilla/5.0 (X11; Ubuntu; Linux x86_64; rv:81.0) Gecko/20100101 Firefox/81.0"

[10/16/2020, 2:55:53 PM] info: query = {}
[10/16/2020, 2:55:53 PM] info: ::ffff:127.0.0.1 - - [16/Oct/2020:09:25:53 +0000] "GET / HTTP/1.1" 304 - "-" "Mozilla/5.0 (X11; Ubuntu; Linux x86_64; rv:81.0) Gecko/20100101 Firefox/81.0"

[10/16/2020, 3:03:24 PM] info: query = GET
[10/16/2020, 3:03:57 PM] info: query = GET/
[10/16/2020, 3:04:03 PM] info: query = GET/doc/favicon-16x16.png
[10/16/2020, 3:04:12 PM] info: query = GET/users/55555
[10/16/2020, 3:15:57 PM] info: query = GET/users
[10/16/2020, 3:15:57 PM] info: query = POST/users
[10/16/2020, 3:15:57 PM] info: query = GET/users/8d031ccd-4ca9-4e3f-a59a-eb4cb0278b3e
[10/16/2020, 3:15:57 PM] info: query = DELETE/users/8d031ccd-4ca9-4e3f-a59a-eb4cb0278b3e
[10/16/2020, 3:15:57 PM] info: query = POST/users
[10/16/2020, 3:15:57 PM] info: query = DELETE/users/a6831c2a-9c68-4a50-b8b0-ee7e70f23c91
[10/16/2020, 3:15:57 PM] info: query = POST/users
[10/16/2020, 3:15:57 PM] info: query = PUT/users/0bf63c83-2894-49ac-8067-2d2277d9f28c
[10/16/2020, 3:15:57 PM] info: query = GET/users/0bf63c83-2894-49ac-8067-2d2277d9f28c
[10/16/2020, 3:15:57 PM] info: query = DELETE/users/0bf63c83-2894-49ac-8067-2d2277d9f28c
[10/16/2020, 3:15:57 PM] info: query = POST/users
[10/16/2020, 3:15:57 PM] info: query = DELETE/users/2f94ca20-ee86-4100-ad7c-d6de7e7b8c6b
[10/16/2020, 3:15:57 PM] info: query = POST/users
[10/16/2020, 3:15:57 PM] info: query = POST/boards
[10/16/2020, 3:15:57 PM] info: query = POST/boards/ca7535d3-7d5e-4fb6-a9b4-61c2965c4020/tasks
[10/16/2020, 3:15:57 PM] info: query = POST/boards/ca7535d3-7d5e-4fb6-a9b4-61c2965c4020/tasks
[10/16/2020, 3:15:57 PM] info: query = DELETE/users/50ec37ba-372b-44e2-8d3a-2045f29dccaf
[10/16/2020, 3:15:57 PM] info: query = GET/boards/ca7535d3-7d5e-4fb6-a9b4-61c2965c4020/tasks/01553f6f-9fb2-4d36-9b49-772fe96e9b4e
[10/16/2020, 3:15:57 PM] info: query = GET/boards/ca7535d3-7d5e-4fb6-a9b4-61c2965c4020/tasks/4c139f1d-8a03-4250-ae88-4cea520b9794
[10/16/2020, 3:15:57 PM] info: query = DELETE/boards/ca7535d3-7d5e-4fb6-a9b4-61c2965c4020/tasks/01553f6f-9fb2-4d36-9b49-772fe96e9b4e
[10/16/2020, 3:15:57 PM] info: query = DELETE/boards/ca7535d3-7d5e-4fb6-a9b4-61c2965c4020/tasks/4c139f1d-8a03-4250-ae88-4cea520b9794
[10/16/2020, 3:15:57 PM] info: query = DELETE/boards/ca7535d3-7d5e-4fb6-a9b4-61c2965c4020
[10/16/2020, 3:15:58 PM] info: query = POST/boards
[10/16/2020, 3:15:58 PM] info: query = GET/boards
[10/16/2020, 3:15:58 PM] info: query = GET/boards
[10/16/2020, 3:15:58 PM] info: query = GET/boards/a741038f-a81b-42f9-9624-8a2d14b4296a
[10/16/2020, 3:15:58 PM] info: query = POST/boards
[10/16/2020, 3:15:58 PM] info: query = DELETE/boards/03ef8949-f2e6-46bd-ab18-69c068b57529
[10/16/2020, 3:15:58 PM] info: query = POST/boards
[10/16/2020, 3:15:58 PM] info: query = PUT/boards/36d08259-f791-4b01-8604-16f02fae59dc
[10/16/2020, 3:15:58 PM] info: query = GET/boards/36d08259-f791-4b01-8604-16f02fae59dc
[10/16/2020, 3:15:58 PM] info: query = DELETE/boards/36d08259-f791-4b01-8604-16f02fae59dc
[10/16/2020, 3:15:58 PM] info: query = POST/boards
[10/16/2020, 3:15:58 PM] info: query = DELETE/boards/d57b0c32-bb93-4a9d-ac94-a2c41bde7983
[10/16/2020, 3:15:58 PM] info: query = GET/boards/d57b0c32-bb93-4a9d-ac94-a2c41bde7983
[10/16/2020, 3:15:58 PM] info: query = POST/boards
[10/16/2020, 3:15:58 PM] info: query = POST/boards/667f126f-59ec-41bd-a544-9b0c2385e2e5/tasks
[10/16/2020, 3:15:58 PM] info: query = POST/boards/667f126f-59ec-41bd-a544-9b0c2385e2e5/tasks
[10/16/2020, 3:15:58 PM] info: query = POST/boards/667f126f-59ec-41bd-a544-9b0c2385e2e5/tasks
[10/16/2020, 3:15:58 PM] info: query = POST/boards/667f126f-59ec-41bd-a544-9b0c2385e2e5/tasks
[10/16/2020, 3:15:58 PM] info: query = POST/boards/667f126f-59ec-41bd-a544-9b0c2385e2e5/tasks
[10/16/2020, 3:15:58 PM] info: query = GET/boards/667f126f-59ec-41bd-a544-9b0c2385e2e5/tasks/63a171eb-bfaf-4d1d-aa09-c9ca70e682a1
[10/16/2020, 3:15:58 PM] info: query = GET/boards/667f126f-59ec-41bd-a544-9b0c2385e2e5/tasks/5430d7cb-02a6-4ae6-b221-2031714a0b72
[10/16/2020, 3:15:58 PM] info: query = GET/boards/667f126f-59ec-41bd-a544-9b0c2385e2e5/tasks/10f7be56-5f3e-4dc3-8478-01c9d4f02740
[10/16/2020, 3:15:58 PM] info: query = GET/boards/667f126f-59ec-41bd-a544-9b0c2385e2e5/tasks/64e0b10b-0bc4-49c1-acb0-39a97ffe0454
[10/16/2020, 3:15:58 PM] info: query = GET/boards/667f126f-59ec-41bd-a544-9b0c2385e2e5/tasks/9417a05c-75f5-4fa8-a3be-183633416437
[10/16/2020, 3:15:58 PM] info: query = DELETE/boards/667f126f-59ec-41bd-a544-9b0c2385e2e5
[10/16/2020, 3:15:58 PM] info: query = GET/boards/667f126f-59ec-41bd-a544-9b0c2385e2e5/tasks/63a171eb-bfaf-4d1d-aa09-c9ca70e682a1
[10/16/2020, 3:15:58 PM] info: query = GET/boards/667f126f-59ec-41bd-a544-9b0c2385e2e5/tasks/5430d7cb-02a6-4ae6-b221-2031714a0b72
[10/16/2020, 3:15:58 PM] info: query = GET/boards/667f126f-59ec-41bd-a544-9b0c2385e2e5/tasks/10f7be56-5f3e-4dc3-8478-01c9d4f02740
[10/16/2020, 3:15:58 PM] info: query = GET/boards/667f126f-59ec-41bd-a544-9b0c2385e2e5/tasks/64e0b10b-0bc4-49c1-acb0-39a97ffe0454
[10/16/2020, 3:15:58 PM] info: query = GET/boards/667f126f-59ec-41bd-a544-9b0c2385e2e5/tasks/9417a05c-75f5-4fa8-a3be-183633416437
[10/16/2020, 3:15:58 PM] info: query = DELETE/boards/cff17477-5452-4830-bc85-d97100f15c49
[10/16/2020, 3:15:59 PM] info: query = POST/boards
[10/16/2020, 3:15:59 PM] info: query = POST/boards/f6c371df-1f30-410c-aff7-4d64f9b330fb/tasks
[10/16/2020, 3:15:59 PM] info: query = GET/boards/f6c371df-1f30-410c-aff7-4d64f9b330fb/tasks
[10/16/2020, 3:15:59 PM] info: query = GET/boards/f6c371df-1f30-410c-aff7-4d64f9b330fb/tasks
[10/16/2020, 3:15:59 PM] info: query = GET/boards/f6c371df-1f30-410c-aff7-4d64f9b330fb/tasks/67d9ae7f-ce8d-444e-a862-1ec74044af2a
[10/16/2020, 3:15:59 PM] info: query = POST/boards/f6c371df-1f30-410c-aff7-4d64f9b330fb/tasks
[10/16/2020, 3:15:59 PM] info: query = DELETE/boards/f6c371df-1f30-410c-aff7-4d64f9b330fb/tasks/706753f8-a75f-4988-bd61-891c59da7d15
[10/16/2020, 3:15:59 PM] info: query = POST/boards/f6c371df-1f30-410c-aff7-4d64f9b330fb/tasks
[10/16/2020, 3:15:59 PM] info: query = PUT/boards/f6c371df-1f30-410c-aff7-4d64f9b330fb/tasks/58cdebfb-2f1f-414b-a4ff-fc3fb4522649
[10/16/2020, 3:15:59 PM] info: query = GET/boards/f6c371df-1f30-410c-aff7-4d64f9b330fb/tasks/58cdebfb-2f1f-414b-a4ff-fc3fb4522649
[10/16/2020, 3:15:59 PM] info: query = GET/boards/f6c371df-1f30-410c-aff7-4d64f9b330fb/tasks/67d9ae7f-ce8d-444e-a862-1ec74044af2a
[10/16/2020, 3:15:59 PM] info: query = DELETE/boards/f6c371df-1f30-410c-aff7-4d64f9b330fb/tasks/67d9ae7f-ce8d-444e-a862-1ec74044af2a
[10/16/2020, 3:15:59 PM] info: query = GET/boards/f6c371df-1f30-410c-aff7-4d64f9b330fb/tasks/67d9ae7f-ce8d-444e-a862-1ec74044af2a
[10/16/2020, 3:15:59 PM] info: query = DELETE/boards/f6c371df-1f30-410c-aff7-4d64f9b330fb
[10/16/2020, 3:21:54 PM] info: query = GET/
[10/16/2020, 3:33:54 PM] info: method= GET,   url= /users/55555,    query parameters =[object Object],   body= [object Object]    
[10/16/2020, 3:39:03 PM] info: method= GET,   
    url= /users/55555,    
    query parameters ={},    
    body= [object Object]    
[10/16/2020, 3:41:41 PM] info: method= POST,   
    url= /users,    
    query parameters ={},    
    body= {"name":"5555555","login":"dddddddddddddd","password":"gggggggggggggg"}    
[10/16/2020, 3:43:07 PM] error: Internal Server Error
[10/16/2020, 3:43:32 PM] info: method= GET,   
    url= /users/7777777777777,    
    query parameters ={},    
    body= {}    
[10/16/2020, 3:44:36 PM] info: method= GET,   
    url= /boards/444444444444444/tasks/555555555555555555,    
    query parameters ={},    
    body= {}    
[10/16/2020, 3:45:40 PM] error: Internal Server Error
[10/16/2020, 3:47:14 PM] info: method= GET,   
    url= /boards/444444444444444/tasks/555555555555555555,    
    query parameters ={},    
    body= {} 
    req=   [object Object]
[10/16/2020, 3:47:56 PM] error: Internal Server Error
[10/16/2020, 3:48:42 PM] info: method= GET,   
    url= /boards/444444444444444/tasks/555555555555555555,    
    query parameters ={},    
    body= {} 
   
[10/16/2020, 4:36:27 PM] info: method= GET,   
    url= /boards/4444444/tasks/5555555,    
    query parameters ={},    
    query query ={},    
    body= {} 
   
[10/16/2020, 5:01:01 PM] info: method= GET,   
    url= /doc/,    
    query parameters ={},    
    body= {} 
   
[10/16/2020, 5:01:02 PM] info: method= GET,   
    url= /doc/swagger-ui.css,    
    query parameters ={},    
    body= {} 
   
[10/16/2020, 5:01:02 PM] info: method= GET,   
    url= /doc/swagger-ui-bundle.js,    
    query parameters ={},    
    body= {} 
   
[10/16/2020, 5:01:02 PM] info: method= GET,   
    url= /doc/swagger-ui-standalone-preset.js,    
    query parameters ={},    
    body= {} 
   
[10/16/2020, 5:01:02 PM] info: method= GET,   
    url= /doc/swagger-ui-init.js,    
    query parameters ={},    
    body= {} 
   
[10/16/2020, 5:01:02 PM] info: method= GET,   
    url= /doc/favicon-16x16.png,    
    query parameters ={},    
    body= {} 
   
[10/16/2020, 5:01:16 PM] info: method= GET,   
    url= /?age=47&sex=male,    
    query parameters ={},    
    body= {} 
   
[10/16/2020, 5:01:50 PM] info: method= GET,   
    url= /user/?age=47&sex=male,    
    query parameters ={},    
    body= {} 
   
[10/16/2020, 5:02:31 PM] info: 
    method= GET,   
    url= /user/?age=47&sex=male,    
    query parameters ={},    
    body= {} 
   
[10/16/2020, 5:03:30 PM] info: 
    method= GET,   
    url= /user?age=47&sex=male,    
    query parameters ={},    
    body= {} 
   
[10/16/2020, 5:05:12 PM] info: 
    method= GET,   
    url= /user?age=47&sex=male,    
    query parameters ={"age":"47","sex":"male"},    
    body= {} 
   
[10/16/2020, 5:19:56 PM] info: 
    method= GET,   
    url= /doc/,    
    query parameters ={},    
    body= {} 
   
[10/16/2020, 5:19:57 PM] info: 
    method= GET,   
    url= /doc/swagger-ui-bundle.js,    
    query parameters ={},    
    body= {} 
   
[10/16/2020, 5:19:57 PM] info: 
    method= GET,   
    url= /doc/swagger-ui-standalone-preset.js,    
    query parameters ={},    
    body= {} 
   
[10/16/2020, 5:19:58 PM] info: 
    method= GET,   
    url= /doc/swagger-ui-init.js,    
    query parameters ={},    
    body= {} 
   
[10/16/2020, 5:19:58 PM] info: 
    method= GET,   
    url= /doc/swagger-ui.css,    
    query parameters ={},    
    body= {} 
   
[10/16/2020, 5:19:59 PM] info: 
    method= GET,   
    url= /doc/favicon-16x16.png,    
    query parameters ={},    
    body= {} 
   
[10/16/2020, 5:20:04 PM] info: 
    method= GET,   
    url= /users,    
    query parameters ={},    
    body= {} 
   
[10/16/2020, 5:22:37 PM] info: 
    method= GET,   
    url= /users,    
    query parameters ={},    
    body= {} 
   
[10/16/2020, 5:23:05 PM] info: 
    method= GET,   
    url= /users,    
    query parameters ={},    
    body= {} 
   
[10/16/2020, 5:24:40 PM] info: 
    method= GET,   
    url= /users,    
    query parameters ={},    
    body= {} 
   
[10/16/2020, 5:24:40 PM] info: ::ffff:127.0.0.1 - - [16/Oct/2020:11:54:40 +0000] "GET /users HTTP/1.1" 200 226 "http://localhost:4000/doc/" "Mozilla/5.0 (X11; Ubuntu; Linux x86_64; rv:81.0) Gecko/20100101 Firefox/81.0"

[10/16/2020, 5:27:22 PM] info: 
    method= GET,   
    url= /doc/,    
    query parameters ={},    
    body= {} 
   
[10/16/2020, 5:27:23 PM] info: 
    method= GET,   
    url= /doc/swagger-ui-bundle.js,    
    query parameters ={},    
    body= {} 
   
[10/16/2020, 5:27:23 PM] info: 
    method= GET,   
    url= /doc/swagger-ui-standalone-preset.js,    
    query parameters ={},    
    body= {} 
   
[10/16/2020, 5:27:23 PM] info: 
    method= GET,   
    url= /doc/swagger-ui-init.js,    
    query parameters ={},    
    body= {} 
   
[10/16/2020, 5:27:23 PM] info: 
    method= GET,   
    url= /doc/swagger-ui.css,    
    query parameters ={},    
    body= {} 
   
[10/16/2020, 5:27:46 PM] info: 
    method= GET,   
    url= /users/?age=47&sex=male,    
    query parameters ={"age":"47","sex":"male"},    
    body= {} 
   
[10/16/2020, 5:29:08 PM] info: 
    method= GET,   
    url= /users/,    
    query parameters ={},    
    body= {} 
   
[10/16/2020, 5:29:24 PM] info: 
    method= GET,   
    url= /users/?age=47&sex=male,    
    query parameters ={"age":"47","sex":"male"},    
    body= {} 
   
[10/16/2020, 5:29:54 PM] info: 
    method= GET,   
    url= /users/?age=47&adress=sity,    
    query parameters ={"age":"47","adress":"sity"},    
    body= {} 
   
[10/16/2020, 5:30:08 PM] info: 
    method= GET,   
    url= /users/?age=22&adress=sity,    
    query parameters ={"age":"22","adress":"sity"},    
    body= {} 
   
[10/16/2020, 5:30:44 PM] info: 
    method= GET,   
    url= /users/?age=22&name=jim,    
    query parameters ={"age":"22","name":"jim"},    
    body= {} 
   
